ARM GAS  C:\Users\arist\AppData\Local\Temp\ccJmSKCN.s 			page 1


   1              		.cpu cortex-m0
   2              		.arch armv6s-m
   3              		.fpu softvfp
   4              		.eabi_attribute 20, 1
   5              		.eabi_attribute 21, 1
   6              		.eabi_attribute 23, 3
   7              		.eabi_attribute 24, 1
   8              		.eabi_attribute 25, 1
   9              		.eabi_attribute 26, 1
  10              		.eabi_attribute 30, 1
  11              		.eabi_attribute 34, 0
  12              		.eabi_attribute 18, 4
  13              		.file	"stm32f0xx_hal_spi_ex.c"
  14              		.text
  15              	.Ltext0:
  16              		.cfi_sections	.debug_frame
  17              		.file 1 "Drivers/STM32F0xx_HAL_Driver/Src/stm32f0xx_hal_spi_ex.c"
  18              		.section	.text.HAL_SPIEx_FlushRxFifo,"ax",%progbits
  19              		.align	1
  20              		.global	HAL_SPIEx_FlushRxFifo
  21              		.syntax unified
  22              		.code	16
  23              		.thumb_func
  25              	HAL_SPIEx_FlushRxFifo:
  26              	.LVL0:
  27              	.LFB40:
   1:Drivers/STM32F0xx_HAL_Driver/Src/stm32f0xx_hal_spi_ex.c **** /**
   2:Drivers/STM32F0xx_HAL_Driver/Src/stm32f0xx_hal_spi_ex.c ****   ******************************************************************************
   3:Drivers/STM32F0xx_HAL_Driver/Src/stm32f0xx_hal_spi_ex.c ****   * @file    stm32f0xx_hal_spi_ex.c
   4:Drivers/STM32F0xx_HAL_Driver/Src/stm32f0xx_hal_spi_ex.c ****   * @author  MCD Application Team
   5:Drivers/STM32F0xx_HAL_Driver/Src/stm32f0xx_hal_spi_ex.c ****   * @brief   Extended SPI HAL module driver.
   6:Drivers/STM32F0xx_HAL_Driver/Src/stm32f0xx_hal_spi_ex.c ****   *          This file provides firmware functions to manage the following
   7:Drivers/STM32F0xx_HAL_Driver/Src/stm32f0xx_hal_spi_ex.c ****   *          SPI peripheral extended functionalities :
   8:Drivers/STM32F0xx_HAL_Driver/Src/stm32f0xx_hal_spi_ex.c ****   *           + IO operation functions
   9:Drivers/STM32F0xx_HAL_Driver/Src/stm32f0xx_hal_spi_ex.c ****   *
  10:Drivers/STM32F0xx_HAL_Driver/Src/stm32f0xx_hal_spi_ex.c ****   ******************************************************************************
  11:Drivers/STM32F0xx_HAL_Driver/Src/stm32f0xx_hal_spi_ex.c ****   * @attention
  12:Drivers/STM32F0xx_HAL_Driver/Src/stm32f0xx_hal_spi_ex.c ****   *
  13:Drivers/STM32F0xx_HAL_Driver/Src/stm32f0xx_hal_spi_ex.c ****   * Copyright (c) 2016 STMicroelectronics.
  14:Drivers/STM32F0xx_HAL_Driver/Src/stm32f0xx_hal_spi_ex.c ****   * All rights reserved.
  15:Drivers/STM32F0xx_HAL_Driver/Src/stm32f0xx_hal_spi_ex.c ****   *
  16:Drivers/STM32F0xx_HAL_Driver/Src/stm32f0xx_hal_spi_ex.c ****   * This software is licensed under terms that can be found in the LICENSE file
  17:Drivers/STM32F0xx_HAL_Driver/Src/stm32f0xx_hal_spi_ex.c ****   * in the root directory of this software component.
  18:Drivers/STM32F0xx_HAL_Driver/Src/stm32f0xx_hal_spi_ex.c ****   * If no LICENSE file comes with this software, it is provided AS-IS.
  19:Drivers/STM32F0xx_HAL_Driver/Src/stm32f0xx_hal_spi_ex.c ****   *
  20:Drivers/STM32F0xx_HAL_Driver/Src/stm32f0xx_hal_spi_ex.c ****   ******************************************************************************
  21:Drivers/STM32F0xx_HAL_Driver/Src/stm32f0xx_hal_spi_ex.c ****   */
  22:Drivers/STM32F0xx_HAL_Driver/Src/stm32f0xx_hal_spi_ex.c **** 
  23:Drivers/STM32F0xx_HAL_Driver/Src/stm32f0xx_hal_spi_ex.c **** /* Includes ------------------------------------------------------------------*/
  24:Drivers/STM32F0xx_HAL_Driver/Src/stm32f0xx_hal_spi_ex.c **** #include "stm32f0xx_hal.h"
  25:Drivers/STM32F0xx_HAL_Driver/Src/stm32f0xx_hal_spi_ex.c **** 
  26:Drivers/STM32F0xx_HAL_Driver/Src/stm32f0xx_hal_spi_ex.c **** /** @addtogroup STM32F0xx_HAL_Driver
  27:Drivers/STM32F0xx_HAL_Driver/Src/stm32f0xx_hal_spi_ex.c ****   * @{
  28:Drivers/STM32F0xx_HAL_Driver/Src/stm32f0xx_hal_spi_ex.c ****   */
  29:Drivers/STM32F0xx_HAL_Driver/Src/stm32f0xx_hal_spi_ex.c **** 
  30:Drivers/STM32F0xx_HAL_Driver/Src/stm32f0xx_hal_spi_ex.c **** /** @defgroup SPIEx SPIEx
  31:Drivers/STM32F0xx_HAL_Driver/Src/stm32f0xx_hal_spi_ex.c ****   * @brief SPI Extended HAL module driver
ARM GAS  C:\Users\arist\AppData\Local\Temp\ccJmSKCN.s 			page 2


  32:Drivers/STM32F0xx_HAL_Driver/Src/stm32f0xx_hal_spi_ex.c ****   * @{
  33:Drivers/STM32F0xx_HAL_Driver/Src/stm32f0xx_hal_spi_ex.c ****   */
  34:Drivers/STM32F0xx_HAL_Driver/Src/stm32f0xx_hal_spi_ex.c **** #ifdef HAL_SPI_MODULE_ENABLED
  35:Drivers/STM32F0xx_HAL_Driver/Src/stm32f0xx_hal_spi_ex.c **** 
  36:Drivers/STM32F0xx_HAL_Driver/Src/stm32f0xx_hal_spi_ex.c **** /* Private typedef -----------------------------------------------------------*/
  37:Drivers/STM32F0xx_HAL_Driver/Src/stm32f0xx_hal_spi_ex.c **** /* Private defines -----------------------------------------------------------*/
  38:Drivers/STM32F0xx_HAL_Driver/Src/stm32f0xx_hal_spi_ex.c **** /** @defgroup SPIEx_Private_Constants SPIEx Private Constants
  39:Drivers/STM32F0xx_HAL_Driver/Src/stm32f0xx_hal_spi_ex.c ****   * @{
  40:Drivers/STM32F0xx_HAL_Driver/Src/stm32f0xx_hal_spi_ex.c ****   */
  41:Drivers/STM32F0xx_HAL_Driver/Src/stm32f0xx_hal_spi_ex.c **** #define SPI_FIFO_SIZE       4UL
  42:Drivers/STM32F0xx_HAL_Driver/Src/stm32f0xx_hal_spi_ex.c **** /**
  43:Drivers/STM32F0xx_HAL_Driver/Src/stm32f0xx_hal_spi_ex.c ****   * @}
  44:Drivers/STM32F0xx_HAL_Driver/Src/stm32f0xx_hal_spi_ex.c ****   */
  45:Drivers/STM32F0xx_HAL_Driver/Src/stm32f0xx_hal_spi_ex.c **** 
  46:Drivers/STM32F0xx_HAL_Driver/Src/stm32f0xx_hal_spi_ex.c **** /* Private macros ------------------------------------------------------------*/
  47:Drivers/STM32F0xx_HAL_Driver/Src/stm32f0xx_hal_spi_ex.c **** /* Private variables ---------------------------------------------------------*/
  48:Drivers/STM32F0xx_HAL_Driver/Src/stm32f0xx_hal_spi_ex.c **** /* Private function prototypes -----------------------------------------------*/
  49:Drivers/STM32F0xx_HAL_Driver/Src/stm32f0xx_hal_spi_ex.c **** /* Exported functions --------------------------------------------------------*/
  50:Drivers/STM32F0xx_HAL_Driver/Src/stm32f0xx_hal_spi_ex.c **** 
  51:Drivers/STM32F0xx_HAL_Driver/Src/stm32f0xx_hal_spi_ex.c **** /** @defgroup SPIEx_Exported_Functions SPIEx Exported Functions
  52:Drivers/STM32F0xx_HAL_Driver/Src/stm32f0xx_hal_spi_ex.c ****   * @{
  53:Drivers/STM32F0xx_HAL_Driver/Src/stm32f0xx_hal_spi_ex.c ****   */
  54:Drivers/STM32F0xx_HAL_Driver/Src/stm32f0xx_hal_spi_ex.c **** 
  55:Drivers/STM32F0xx_HAL_Driver/Src/stm32f0xx_hal_spi_ex.c **** /** @defgroup SPIEx_Exported_Functions_Group1 IO operation functions
  56:Drivers/STM32F0xx_HAL_Driver/Src/stm32f0xx_hal_spi_ex.c ****   *  @brief   Data transfers functions
  57:Drivers/STM32F0xx_HAL_Driver/Src/stm32f0xx_hal_spi_ex.c ****   *
  58:Drivers/STM32F0xx_HAL_Driver/Src/stm32f0xx_hal_spi_ex.c **** @verbatim
  59:Drivers/STM32F0xx_HAL_Driver/Src/stm32f0xx_hal_spi_ex.c ****   ==============================================================================
  60:Drivers/STM32F0xx_HAL_Driver/Src/stm32f0xx_hal_spi_ex.c ****                       ##### IO operation functions #####
  61:Drivers/STM32F0xx_HAL_Driver/Src/stm32f0xx_hal_spi_ex.c ****  ===============================================================================
  62:Drivers/STM32F0xx_HAL_Driver/Src/stm32f0xx_hal_spi_ex.c ****  [..]
  63:Drivers/STM32F0xx_HAL_Driver/Src/stm32f0xx_hal_spi_ex.c ****     This subsection provides a set of extended functions to manage the SPI
  64:Drivers/STM32F0xx_HAL_Driver/Src/stm32f0xx_hal_spi_ex.c ****     data transfers.
  65:Drivers/STM32F0xx_HAL_Driver/Src/stm32f0xx_hal_spi_ex.c **** 
  66:Drivers/STM32F0xx_HAL_Driver/Src/stm32f0xx_hal_spi_ex.c ****     (#) Rx data flush function:
  67:Drivers/STM32F0xx_HAL_Driver/Src/stm32f0xx_hal_spi_ex.c ****         (++) HAL_SPIEx_FlushRxFifo()
  68:Drivers/STM32F0xx_HAL_Driver/Src/stm32f0xx_hal_spi_ex.c **** 
  69:Drivers/STM32F0xx_HAL_Driver/Src/stm32f0xx_hal_spi_ex.c **** @endverbatim
  70:Drivers/STM32F0xx_HAL_Driver/Src/stm32f0xx_hal_spi_ex.c ****   * @{
  71:Drivers/STM32F0xx_HAL_Driver/Src/stm32f0xx_hal_spi_ex.c ****   */
  72:Drivers/STM32F0xx_HAL_Driver/Src/stm32f0xx_hal_spi_ex.c **** 
  73:Drivers/STM32F0xx_HAL_Driver/Src/stm32f0xx_hal_spi_ex.c **** /**
  74:Drivers/STM32F0xx_HAL_Driver/Src/stm32f0xx_hal_spi_ex.c ****   * @brief  Flush the RX fifo.
  75:Drivers/STM32F0xx_HAL_Driver/Src/stm32f0xx_hal_spi_ex.c ****   * @param  hspi pointer to a SPI_HandleTypeDef structure that contains
  76:Drivers/STM32F0xx_HAL_Driver/Src/stm32f0xx_hal_spi_ex.c ****   *               the configuration information for the specified SPI module.
  77:Drivers/STM32F0xx_HAL_Driver/Src/stm32f0xx_hal_spi_ex.c ****   * @retval HAL status
  78:Drivers/STM32F0xx_HAL_Driver/Src/stm32f0xx_hal_spi_ex.c ****   */
  79:Drivers/STM32F0xx_HAL_Driver/Src/stm32f0xx_hal_spi_ex.c **** HAL_StatusTypeDef HAL_SPIEx_FlushRxFifo(SPI_HandleTypeDef *hspi)
  80:Drivers/STM32F0xx_HAL_Driver/Src/stm32f0xx_hal_spi_ex.c **** {
  28              		.loc 1 80 1 view -0
  29              		.cfi_startproc
  30              		@ args = 0, pretend = 0, frame = 8
  31              		@ frame_needed = 0, uses_anonymous_args = 0
  32              		.loc 1 80 1 is_stmt 0 view .LVU1
  33 0000 10B5     		push	{r4, lr}
  34              		.cfi_def_cfa_offset 8
  35              		.cfi_offset 4, -8
ARM GAS  C:\Users\arist\AppData\Local\Temp\ccJmSKCN.s 			page 3


  36              		.cfi_offset 14, -4
  37 0002 82B0     		sub	sp, sp, #8
  38              		.cfi_def_cfa_offset 16
  81:Drivers/STM32F0xx_HAL_Driver/Src/stm32f0xx_hal_spi_ex.c ****   __IO uint32_t tmpreg;
  39              		.loc 1 81 3 is_stmt 1 view .LVU2
  82:Drivers/STM32F0xx_HAL_Driver/Src/stm32f0xx_hal_spi_ex.c ****   uint8_t  count = 0U;
  40              		.loc 1 82 3 view .LVU3
  41              	.LVL1:
  83:Drivers/STM32F0xx_HAL_Driver/Src/stm32f0xx_hal_spi_ex.c ****   while ((hspi->Instance->SR & SPI_FLAG_FRLVL) !=  SPI_FRLVL_EMPTY)
  42              		.loc 1 83 3 view .LVU4
  82:Drivers/STM32F0xx_HAL_Driver/Src/stm32f0xx_hal_spi_ex.c ****   uint8_t  count = 0U;
  43              		.loc 1 82 12 is_stmt 0 view .LVU5
  44 0004 0023     		movs	r3, #0
  45              	.LVL2:
  46              	.L2:
  47              		.loc 1 83 48 is_stmt 1 view .LVU6
  48              		.loc 1 83 15 is_stmt 0 view .LVU7
  49 0006 0268     		ldr	r2, [r0]
  50              		.loc 1 83 25 view .LVU8
  51 0008 9468     		ldr	r4, [r2, #8]
  52              		.loc 1 83 30 view .LVU9
  53 000a C021     		movs	r1, #192
  54 000c C900     		lsls	r1, r1, #3
  55              		.loc 1 83 48 view .LVU10
  56 000e 0C42     		tst	r4, r1
  57 0010 09D0     		beq	.L6
  84:Drivers/STM32F0xx_HAL_Driver/Src/stm32f0xx_hal_spi_ex.c ****   {
  85:Drivers/STM32F0xx_HAL_Driver/Src/stm32f0xx_hal_spi_ex.c ****     count++;
  58              		.loc 1 85 5 is_stmt 1 view .LVU11
  59              		.loc 1 85 10 is_stmt 0 view .LVU12
  60 0012 0133     		adds	r3, r3, #1
  61              	.LVL3:
  62              		.loc 1 85 10 view .LVU13
  63 0014 DBB2     		uxtb	r3, r3
  64              	.LVL4:
  86:Drivers/STM32F0xx_HAL_Driver/Src/stm32f0xx_hal_spi_ex.c ****     tmpreg = hspi->Instance->DR;
  65              		.loc 1 86 5 is_stmt 1 view .LVU14
  66              		.loc 1 86 28 is_stmt 0 view .LVU15
  67 0016 D268     		ldr	r2, [r2, #12]
  68              		.loc 1 86 12 view .LVU16
  69 0018 0192     		str	r2, [sp, #4]
  87:Drivers/STM32F0xx_HAL_Driver/Src/stm32f0xx_hal_spi_ex.c ****     UNUSED(tmpreg); /* To avoid GCC warning */
  70              		.loc 1 87 5 is_stmt 1 view .LVU17
  71 001a 019A     		ldr	r2, [sp, #4]
  88:Drivers/STM32F0xx_HAL_Driver/Src/stm32f0xx_hal_spi_ex.c ****     if (count == SPI_FIFO_SIZE)
  72              		.loc 1 88 5 view .LVU18
  73              		.loc 1 88 8 is_stmt 0 view .LVU19
  74 001c 042B     		cmp	r3, #4
  75 001e F2D1     		bne	.L2
  89:Drivers/STM32F0xx_HAL_Driver/Src/stm32f0xx_hal_spi_ex.c ****     {
  90:Drivers/STM32F0xx_HAL_Driver/Src/stm32f0xx_hal_spi_ex.c ****       return HAL_TIMEOUT;
  76              		.loc 1 90 14 view .LVU20
  77 0020 0320     		movs	r0, #3
  78              	.LVL5:
  79              	.L3:
  91:Drivers/STM32F0xx_HAL_Driver/Src/stm32f0xx_hal_spi_ex.c ****     }
  92:Drivers/STM32F0xx_HAL_Driver/Src/stm32f0xx_hal_spi_ex.c ****   }
ARM GAS  C:\Users\arist\AppData\Local\Temp\ccJmSKCN.s 			page 4


  93:Drivers/STM32F0xx_HAL_Driver/Src/stm32f0xx_hal_spi_ex.c ****   return HAL_OK;
  94:Drivers/STM32F0xx_HAL_Driver/Src/stm32f0xx_hal_spi_ex.c **** }
  80              		.loc 1 94 1 view .LVU21
  81 0022 02B0     		add	sp, sp, #8
  82              		@ sp needed
  83 0024 10BD     		pop	{r4, pc}
  84              	.LVL6:
  85              	.L6:
  93:Drivers/STM32F0xx_HAL_Driver/Src/stm32f0xx_hal_spi_ex.c **** }
  86              		.loc 1 93 10 view .LVU22
  87 0026 0020     		movs	r0, #0
  88              	.LVL7:
  93:Drivers/STM32F0xx_HAL_Driver/Src/stm32f0xx_hal_spi_ex.c **** }
  89              		.loc 1 93 10 view .LVU23
  90 0028 FBE7     		b	.L3
  91              		.cfi_endproc
  92              	.LFE40:
  94              		.text
  95              	.Letext0:
  96              		.file 2 "c:\\users\\arist\\appdata\\roaming\\code\\user\\globalstorage\\bmd.stm32-for-vscode\\@xpa
  97              		.file 3 "c:\\users\\arist\\appdata\\roaming\\code\\user\\globalstorage\\bmd.stm32-for-vscode\\@xpa
  98              		.file 4 "Drivers/CMSIS/Device/ST/STM32F0xx/Include/stm32f030xc.h"
  99              		.file 5 "Drivers/STM32F0xx_HAL_Driver/Inc/stm32f0xx_hal_def.h"
 100              		.file 6 "Drivers/STM32F0xx_HAL_Driver/Inc/stm32f0xx_hal_dma.h"
 101              		.file 7 "Drivers/STM32F0xx_HAL_Driver/Inc/stm32f0xx_hal_spi.h"
ARM GAS  C:\Users\arist\AppData\Local\Temp\ccJmSKCN.s 			page 5


DEFINED SYMBOLS
                            *ABS*:00000000 stm32f0xx_hal_spi_ex.c
C:\Users\arist\AppData\Local\Temp\ccJmSKCN.s:19     .text.HAL_SPIEx_FlushRxFifo:00000000 $t
C:\Users\arist\AppData\Local\Temp\ccJmSKCN.s:25     .text.HAL_SPIEx_FlushRxFifo:00000000 HAL_SPIEx_FlushRxFifo

NO UNDEFINED SYMBOLS
