ARM GAS  C:\Users\arist\AppData\Local\Temp\ccnSV70m.s 			page 1


   1              		.cpu cortex-m0
   2              		.arch armv6s-m
   3              		.fpu softvfp
   4              		.eabi_attribute 20, 1
   5              		.eabi_attribute 21, 1
   6              		.eabi_attribute 23, 3
   7              		.eabi_attribute 24, 1
   8              		.eabi_attribute 25, 1
   9              		.eabi_attribute 26, 1
  10              		.eabi_attribute 30, 1
  11              		.eabi_attribute 34, 0
  12              		.eabi_attribute 18, 4
  13              		.file	"system_stm32f0xx.c"
  14              		.text
  15              	.Ltext0:
  16              		.cfi_sections	.debug_frame
  17              		.file 1 "Core/Src/system_stm32f0xx.c"
  18              		.section	.text.SystemInit,"ax",%progbits
  19              		.align	1
  20              		.global	SystemInit
  21              		.syntax unified
  22              		.code	16
  23              		.thumb_func
  25              	SystemInit:
  26              	.LFB40:
   1:Core/Src/system_stm32f0xx.c **** /**
   2:Core/Src/system_stm32f0xx.c ****   ******************************************************************************
   3:Core/Src/system_stm32f0xx.c ****   * @file    system_stm32f0xx.c
   4:Core/Src/system_stm32f0xx.c ****   * @author  MCD Application Team
   5:Core/Src/system_stm32f0xx.c ****   * @brief   CMSIS Cortex-M0 Device Peripheral Access Layer System Source File.
   6:Core/Src/system_stm32f0xx.c ****   *
   7:Core/Src/system_stm32f0xx.c ****   * 1. This file provides two functions and one global variable to be called from
   8:Core/Src/system_stm32f0xx.c ****   *    user application:
   9:Core/Src/system_stm32f0xx.c ****   *      - SystemInit(): This function is called at startup just after reset and 
  10:Core/Src/system_stm32f0xx.c ****   *                      before branch to main program. This call is made inside
  11:Core/Src/system_stm32f0xx.c ****   *                      the "startup_stm32f0xx.s" file.
  12:Core/Src/system_stm32f0xx.c ****   *
  13:Core/Src/system_stm32f0xx.c ****   *      - SystemCoreClock variable: Contains the core clock (HCLK), it can be used
  14:Core/Src/system_stm32f0xx.c ****   *                                  by the user application to setup the SysTick
  15:Core/Src/system_stm32f0xx.c ****   *                                  timer or configure other parameters.
  16:Core/Src/system_stm32f0xx.c ****   *
  17:Core/Src/system_stm32f0xx.c ****   *      - SystemCoreClockUpdate(): Updates the variable SystemCoreClock and must
  18:Core/Src/system_stm32f0xx.c ****   *                                 be called whenever the core clock is changed
  19:Core/Src/system_stm32f0xx.c ****   *                                 during program execution.
  20:Core/Src/system_stm32f0xx.c ****   *
  21:Core/Src/system_stm32f0xx.c ****   *
  22:Core/Src/system_stm32f0xx.c ****   ******************************************************************************
  23:Core/Src/system_stm32f0xx.c ****   * @attention
  24:Core/Src/system_stm32f0xx.c ****   *
  25:Core/Src/system_stm32f0xx.c ****   * Copyright (c) 2016 STMicroelectronics.
  26:Core/Src/system_stm32f0xx.c ****   * All rights reserved.
  27:Core/Src/system_stm32f0xx.c ****   *
  28:Core/Src/system_stm32f0xx.c ****   * This software is licensed under terms that can be found in the LICENSE file
  29:Core/Src/system_stm32f0xx.c ****   * in the root directory of this software component.
  30:Core/Src/system_stm32f0xx.c ****   * If no LICENSE file comes with this software, it is provided AS-IS.
  31:Core/Src/system_stm32f0xx.c ****   *
  32:Core/Src/system_stm32f0xx.c ****   ******************************************************************************
ARM GAS  C:\Users\arist\AppData\Local\Temp\ccnSV70m.s 			page 2


  33:Core/Src/system_stm32f0xx.c ****   */
  34:Core/Src/system_stm32f0xx.c **** /** @addtogroup CMSIS
  35:Core/Src/system_stm32f0xx.c ****   * @{
  36:Core/Src/system_stm32f0xx.c ****   */
  37:Core/Src/system_stm32f0xx.c **** 
  38:Core/Src/system_stm32f0xx.c **** /** @addtogroup stm32f0xx_system
  39:Core/Src/system_stm32f0xx.c ****   * @{
  40:Core/Src/system_stm32f0xx.c ****   */
  41:Core/Src/system_stm32f0xx.c **** 
  42:Core/Src/system_stm32f0xx.c **** /** @addtogroup STM32F0xx_System_Private_Includes
  43:Core/Src/system_stm32f0xx.c ****   * @{
  44:Core/Src/system_stm32f0xx.c ****   */
  45:Core/Src/system_stm32f0xx.c **** 
  46:Core/Src/system_stm32f0xx.c **** #include "stm32f0xx.h"
  47:Core/Src/system_stm32f0xx.c **** 
  48:Core/Src/system_stm32f0xx.c **** /**
  49:Core/Src/system_stm32f0xx.c ****   * @}
  50:Core/Src/system_stm32f0xx.c ****   */
  51:Core/Src/system_stm32f0xx.c **** 
  52:Core/Src/system_stm32f0xx.c **** /** @addtogroup STM32F0xx_System_Private_TypesDefinitions
  53:Core/Src/system_stm32f0xx.c ****   * @{
  54:Core/Src/system_stm32f0xx.c ****   */
  55:Core/Src/system_stm32f0xx.c **** 
  56:Core/Src/system_stm32f0xx.c **** /**
  57:Core/Src/system_stm32f0xx.c ****   * @}
  58:Core/Src/system_stm32f0xx.c ****   */
  59:Core/Src/system_stm32f0xx.c **** 
  60:Core/Src/system_stm32f0xx.c **** /** @addtogroup STM32F0xx_System_Private_Defines
  61:Core/Src/system_stm32f0xx.c ****   * @{
  62:Core/Src/system_stm32f0xx.c ****   */
  63:Core/Src/system_stm32f0xx.c **** #if !defined  (HSE_VALUE) 
  64:Core/Src/system_stm32f0xx.c ****   #define HSE_VALUE    ((uint32_t)8000000) /*!< Default value of the External oscillator in Hz.
  65:Core/Src/system_stm32f0xx.c ****                                                 This value can be provided and adapted by the user 
  66:Core/Src/system_stm32f0xx.c **** #endif /* HSE_VALUE */
  67:Core/Src/system_stm32f0xx.c **** 
  68:Core/Src/system_stm32f0xx.c **** #if !defined  (HSI_VALUE)
  69:Core/Src/system_stm32f0xx.c ****   #define HSI_VALUE    ((uint32_t)8000000) /*!< Default value of the Internal oscillator in Hz.
  70:Core/Src/system_stm32f0xx.c ****                                                 This value can be provided and adapted by the user 
  71:Core/Src/system_stm32f0xx.c **** #endif /* HSI_VALUE */
  72:Core/Src/system_stm32f0xx.c **** 
  73:Core/Src/system_stm32f0xx.c **** #if !defined (HSI48_VALUE)
  74:Core/Src/system_stm32f0xx.c **** #define HSI48_VALUE    ((uint32_t)48000000) /*!< Default value of the HSI48 Internal oscillator in 
  75:Core/Src/system_stm32f0xx.c ****                                                  This value can be provided and adapted by the user
  76:Core/Src/system_stm32f0xx.c **** #endif /* HSI48_VALUE */
  77:Core/Src/system_stm32f0xx.c **** /**
  78:Core/Src/system_stm32f0xx.c ****   * @}
  79:Core/Src/system_stm32f0xx.c ****   */
  80:Core/Src/system_stm32f0xx.c **** 
  81:Core/Src/system_stm32f0xx.c **** /** @addtogroup STM32F0xx_System_Private_Macros
  82:Core/Src/system_stm32f0xx.c ****   * @{
  83:Core/Src/system_stm32f0xx.c ****   */
  84:Core/Src/system_stm32f0xx.c **** 
  85:Core/Src/system_stm32f0xx.c **** /**
  86:Core/Src/system_stm32f0xx.c ****   * @}
  87:Core/Src/system_stm32f0xx.c ****   */
  88:Core/Src/system_stm32f0xx.c **** 
  89:Core/Src/system_stm32f0xx.c **** /** @addtogroup STM32F0xx_System_Private_Variables
ARM GAS  C:\Users\arist\AppData\Local\Temp\ccnSV70m.s 			page 3


  90:Core/Src/system_stm32f0xx.c ****   * @{
  91:Core/Src/system_stm32f0xx.c ****   */
  92:Core/Src/system_stm32f0xx.c ****   /* This variable is updated in three ways:
  93:Core/Src/system_stm32f0xx.c ****       1) by calling CMSIS function SystemCoreClockUpdate()
  94:Core/Src/system_stm32f0xx.c ****       2) by calling HAL API function HAL_RCC_GetHCLKFreq()
  95:Core/Src/system_stm32f0xx.c ****       3) each time HAL_RCC_ClockConfig() is called to configure the system clock frequency
  96:Core/Src/system_stm32f0xx.c ****          Note: If you use this function to configure the system clock; then there
  97:Core/Src/system_stm32f0xx.c ****                is no need to call the 2 first functions listed above, since SystemCoreClock
  98:Core/Src/system_stm32f0xx.c ****                variable is updated automatically.
  99:Core/Src/system_stm32f0xx.c ****   */
 100:Core/Src/system_stm32f0xx.c **** uint32_t SystemCoreClock = 8000000;
 101:Core/Src/system_stm32f0xx.c **** 
 102:Core/Src/system_stm32f0xx.c **** const uint8_t AHBPrescTable[16] = {0, 0, 0, 0, 0, 0, 0, 0, 1, 2, 3, 4, 6, 7, 8, 9};
 103:Core/Src/system_stm32f0xx.c **** const uint8_t APBPrescTable[8]  = {0, 0, 0, 0, 1, 2, 3, 4};
 104:Core/Src/system_stm32f0xx.c **** 
 105:Core/Src/system_stm32f0xx.c **** /**
 106:Core/Src/system_stm32f0xx.c ****   * @}
 107:Core/Src/system_stm32f0xx.c ****   */
 108:Core/Src/system_stm32f0xx.c **** 
 109:Core/Src/system_stm32f0xx.c **** /** @addtogroup STM32F0xx_System_Private_FunctionPrototypes
 110:Core/Src/system_stm32f0xx.c ****   * @{
 111:Core/Src/system_stm32f0xx.c ****   */
 112:Core/Src/system_stm32f0xx.c **** 
 113:Core/Src/system_stm32f0xx.c **** /**
 114:Core/Src/system_stm32f0xx.c ****   * @}
 115:Core/Src/system_stm32f0xx.c ****   */
 116:Core/Src/system_stm32f0xx.c **** 
 117:Core/Src/system_stm32f0xx.c **** /** @addtogroup STM32F0xx_System_Private_Functions
 118:Core/Src/system_stm32f0xx.c ****   * @{
 119:Core/Src/system_stm32f0xx.c ****   */
 120:Core/Src/system_stm32f0xx.c **** 
 121:Core/Src/system_stm32f0xx.c **** /**
 122:Core/Src/system_stm32f0xx.c ****   * @brief  Setup the microcontroller system
 123:Core/Src/system_stm32f0xx.c ****   * @param  None
 124:Core/Src/system_stm32f0xx.c ****   * @retval None
 125:Core/Src/system_stm32f0xx.c ****   */
 126:Core/Src/system_stm32f0xx.c **** void SystemInit(void)
 127:Core/Src/system_stm32f0xx.c **** {
  27              		.loc 1 127 1 view -0
  28              		.cfi_startproc
  29              		@ args = 0, pretend = 0, frame = 0
  30              		@ frame_needed = 0, uses_anonymous_args = 0
  31              		@ link register save eliminated.
 128:Core/Src/system_stm32f0xx.c ****   /* NOTE :SystemInit(): This function is called at startup just after reset and 
 129:Core/Src/system_stm32f0xx.c ****                          before branch to main program. This call is made inside
 130:Core/Src/system_stm32f0xx.c ****                          the "startup_stm32f0xx.s" file.
 131:Core/Src/system_stm32f0xx.c ****                          User can setups the default system clock (System clock source, PLL Multipl
 132:Core/Src/system_stm32f0xx.c ****                          and Divider factors, AHB/APBx prescalers and Flash settings).
 133:Core/Src/system_stm32f0xx.c ****    */
 134:Core/Src/system_stm32f0xx.c **** }
  32              		.loc 1 134 1 view .LVU1
  33              		@ sp needed
  34 0000 7047     		bx	lr
  35              		.cfi_endproc
  36              	.LFE40:
  38              		.global	__aeabi_uidiv
  39              		.section	.text.SystemCoreClockUpdate,"ax",%progbits
ARM GAS  C:\Users\arist\AppData\Local\Temp\ccnSV70m.s 			page 4


  40              		.align	1
  41              		.global	SystemCoreClockUpdate
  42              		.syntax unified
  43              		.code	16
  44              		.thumb_func
  46              	SystemCoreClockUpdate:
  47              	.LFB41:
 135:Core/Src/system_stm32f0xx.c **** 
 136:Core/Src/system_stm32f0xx.c **** /**
 137:Core/Src/system_stm32f0xx.c ****    * @brief  Update SystemCoreClock variable according to Clock Register Values.
 138:Core/Src/system_stm32f0xx.c ****   *         The SystemCoreClock variable contains the core clock (HCLK), it can
 139:Core/Src/system_stm32f0xx.c ****   *         be used by the user application to setup the SysTick timer or configure
 140:Core/Src/system_stm32f0xx.c ****   *         other parameters.
 141:Core/Src/system_stm32f0xx.c ****   *
 142:Core/Src/system_stm32f0xx.c ****   * @note   Each time the core clock (HCLK) changes, this function must be called
 143:Core/Src/system_stm32f0xx.c ****   *         to update SystemCoreClock variable value. Otherwise, any configuration
 144:Core/Src/system_stm32f0xx.c ****   *         based on this variable will be incorrect.
 145:Core/Src/system_stm32f0xx.c ****   *
 146:Core/Src/system_stm32f0xx.c ****   * @note   - The system frequency computed by this function is not the real
 147:Core/Src/system_stm32f0xx.c ****   *           frequency in the chip. It is calculated based on the predefined
 148:Core/Src/system_stm32f0xx.c ****   *           constant and the selected clock source:
 149:Core/Src/system_stm32f0xx.c ****   *
 150:Core/Src/system_stm32f0xx.c ****   *           - If SYSCLK source is HSI, SystemCoreClock will contain the HSI_VALUE(*)
 151:Core/Src/system_stm32f0xx.c ****   *
 152:Core/Src/system_stm32f0xx.c ****   *           - If SYSCLK source is HSE, SystemCoreClock will contain the HSE_VALUE(**)
 153:Core/Src/system_stm32f0xx.c ****   *
 154:Core/Src/system_stm32f0xx.c ****   *           - If SYSCLK source is PLL, SystemCoreClock will contain the HSE_VALUE(**)
 155:Core/Src/system_stm32f0xx.c ****   *             or HSI_VALUE(*) multiplied/divided by the PLL factors.
 156:Core/Src/system_stm32f0xx.c ****   *
 157:Core/Src/system_stm32f0xx.c ****   *           - If SYSCLK source is HSI48, SystemCoreClock will contain the HSI48_VALUE(***)
 158:Core/Src/system_stm32f0xx.c ****   *
 159:Core/Src/system_stm32f0xx.c ****   *         (*) HSI_VALUE is a constant defined in stm32f0xx_hal_conf.h file (default value
 160:Core/Src/system_stm32f0xx.c ****   *             8 MHz) but the real value may vary depending on the variations
 161:Core/Src/system_stm32f0xx.c ****   *             in voltage and temperature.
 162:Core/Src/system_stm32f0xx.c ****   *
 163:Core/Src/system_stm32f0xx.c ****   *         (**) HSE_VALUE is a constant defined in stm32f0xx_hal_conf.h file (its value
 164:Core/Src/system_stm32f0xx.c ****   *              depends on the application requirements), user has to ensure that HSE_VALUE
 165:Core/Src/system_stm32f0xx.c ****   *              is same as the real frequency of the crystal used. Otherwise, this function
 166:Core/Src/system_stm32f0xx.c ****   *              may have wrong result.
 167:Core/Src/system_stm32f0xx.c ****   *
 168:Core/Src/system_stm32f0xx.c ****   *         (***) HSI48_VALUE is a constant defined in stm32f0xx_hal_conf.h file (default value
 169:Core/Src/system_stm32f0xx.c ****   *             48 MHz) but the real value may vary depending on the variations
 170:Core/Src/system_stm32f0xx.c ****   *             in voltage and temperature.
 171:Core/Src/system_stm32f0xx.c ****   *
 172:Core/Src/system_stm32f0xx.c ****   *         - The result of this function could be not correct when using fractional
 173:Core/Src/system_stm32f0xx.c ****   *           value for HSE crystal.
 174:Core/Src/system_stm32f0xx.c ****   *
 175:Core/Src/system_stm32f0xx.c ****   * @param  None
 176:Core/Src/system_stm32f0xx.c ****   * @retval None
 177:Core/Src/system_stm32f0xx.c ****   */
 178:Core/Src/system_stm32f0xx.c **** void SystemCoreClockUpdate (void)
 179:Core/Src/system_stm32f0xx.c **** {
  48              		.loc 1 179 1 view -0
  49              		.cfi_startproc
  50              		@ args = 0, pretend = 0, frame = 0
  51              		@ frame_needed = 0, uses_anonymous_args = 0
  52 0000 10B5     		push	{r4, lr}
ARM GAS  C:\Users\arist\AppData\Local\Temp\ccnSV70m.s 			page 5


  53              		.cfi_def_cfa_offset 8
  54              		.cfi_offset 4, -8
  55              		.cfi_offset 14, -4
 180:Core/Src/system_stm32f0xx.c ****   uint32_t tmp = 0, pllmull = 0, pllsource = 0, predivfactor = 0;
  56              		.loc 1 180 3 view .LVU3
  57              	.LVL0:
 181:Core/Src/system_stm32f0xx.c **** 
 182:Core/Src/system_stm32f0xx.c ****   /* Get SYSCLK source -------------------------------------------------------*/
 183:Core/Src/system_stm32f0xx.c ****   tmp = RCC->CFGR & RCC_CFGR_SWS;
  58              		.loc 1 183 3 view .LVU4
  59              		.loc 1 183 12 is_stmt 0 view .LVU5
  60 0002 204B     		ldr	r3, .L10
  61 0004 5A68     		ldr	r2, [r3, #4]
  62              		.loc 1 183 7 view .LVU6
  63 0006 0C23     		movs	r3, #12
  64 0008 1340     		ands	r3, r2
  65              	.LVL1:
 184:Core/Src/system_stm32f0xx.c **** 
 185:Core/Src/system_stm32f0xx.c ****   switch (tmp)
  66              		.loc 1 185 3 is_stmt 1 view .LVU7
  67 000a 042B     		cmp	r3, #4
  68 000c 16D0     		beq	.L3
  69 000e 082B     		cmp	r3, #8
  70 0010 18D0     		beq	.L4
  71 0012 002B     		cmp	r3, #0
  72 0014 03D0     		beq	.L8
 186:Core/Src/system_stm32f0xx.c ****   {
 187:Core/Src/system_stm32f0xx.c ****     case RCC_CFGR_SWS_HSI:  /* HSI used as system clock */
 188:Core/Src/system_stm32f0xx.c ****       SystemCoreClock = HSI_VALUE;
 189:Core/Src/system_stm32f0xx.c ****       break;
 190:Core/Src/system_stm32f0xx.c ****     case RCC_CFGR_SWS_HSE:  /* HSE used as system clock */
 191:Core/Src/system_stm32f0xx.c ****       SystemCoreClock = HSE_VALUE;
 192:Core/Src/system_stm32f0xx.c ****       break;
 193:Core/Src/system_stm32f0xx.c ****     case RCC_CFGR_SWS_PLL:  /* PLL used as system clock */
 194:Core/Src/system_stm32f0xx.c ****       /* Get PLL clock source and multiplication factor ----------------------*/
 195:Core/Src/system_stm32f0xx.c ****       pllmull = RCC->CFGR & RCC_CFGR_PLLMUL;
 196:Core/Src/system_stm32f0xx.c ****       pllsource = RCC->CFGR & RCC_CFGR_PLLSRC;
 197:Core/Src/system_stm32f0xx.c ****       pllmull = ( pllmull >> 18) + 2;
 198:Core/Src/system_stm32f0xx.c ****       predivfactor = (RCC->CFGR2 & RCC_CFGR2_PREDIV) + 1;
 199:Core/Src/system_stm32f0xx.c **** 
 200:Core/Src/system_stm32f0xx.c ****       if (pllsource == RCC_CFGR_PLLSRC_HSE_PREDIV)
 201:Core/Src/system_stm32f0xx.c ****       {
 202:Core/Src/system_stm32f0xx.c ****         /* HSE used as PLL clock source : SystemCoreClock = HSE/PREDIV * PLLMUL */
 203:Core/Src/system_stm32f0xx.c ****         SystemCoreClock = (HSE_VALUE/predivfactor) * pllmull;
 204:Core/Src/system_stm32f0xx.c ****       }
 205:Core/Src/system_stm32f0xx.c **** #if defined(STM32F042x6) || defined(STM32F048xx) || defined(STM32F071xB) || defined(STM32F072xB) ||
 206:Core/Src/system_stm32f0xx.c ****       else if (pllsource == RCC_CFGR_PLLSRC_HSI48_PREDIV)
 207:Core/Src/system_stm32f0xx.c ****       {
 208:Core/Src/system_stm32f0xx.c ****         /* HSI48 used as PLL clock source : SystemCoreClock = HSI48/PREDIV * PLLMUL */
 209:Core/Src/system_stm32f0xx.c ****         SystemCoreClock = (HSI48_VALUE/predivfactor) * pllmull;
 210:Core/Src/system_stm32f0xx.c ****       }
 211:Core/Src/system_stm32f0xx.c **** #endif /* STM32F042x6 || STM32F048xx || STM32F071xB || STM32F072xB || STM32F078xx || STM32F091xC ||
 212:Core/Src/system_stm32f0xx.c ****       else
 213:Core/Src/system_stm32f0xx.c ****       {
 214:Core/Src/system_stm32f0xx.c **** #if defined(STM32F042x6) || defined(STM32F048xx)  || defined(STM32F070x6) \
 215:Core/Src/system_stm32f0xx.c ****  || defined(STM32F078xx) || defined(STM32F071xB)  || defined(STM32F072xB) \
 216:Core/Src/system_stm32f0xx.c ****  || defined(STM32F070xB) || defined(STM32F091xC) || defined(STM32F098xx)  || defined(STM32F030xC)
ARM GAS  C:\Users\arist\AppData\Local\Temp\ccnSV70m.s 			page 6


 217:Core/Src/system_stm32f0xx.c ****         /* HSI used as PLL clock source : SystemCoreClock = HSI/PREDIV * PLLMUL */
 218:Core/Src/system_stm32f0xx.c ****         SystemCoreClock = (HSI_VALUE/predivfactor) * pllmull;
 219:Core/Src/system_stm32f0xx.c **** #else
 220:Core/Src/system_stm32f0xx.c ****         /* HSI used as PLL clock source : SystemCoreClock = HSI/2 * PLLMUL */
 221:Core/Src/system_stm32f0xx.c ****         SystemCoreClock = (HSI_VALUE >> 1) * pllmull;
 222:Core/Src/system_stm32f0xx.c **** #endif /* STM32F042x6 || STM32F048xx || STM32F070x6 || 
 223:Core/Src/system_stm32f0xx.c ****           STM32F071xB || STM32F072xB || STM32F078xx || STM32F070xB ||
 224:Core/Src/system_stm32f0xx.c ****           STM32F091xC || STM32F098xx || STM32F030xC */
 225:Core/Src/system_stm32f0xx.c **** 	  }
 226:Core/Src/system_stm32f0xx.c ****       break;
 227:Core/Src/system_stm32f0xx.c ****     default: /* HSI used as system clock */
 228:Core/Src/system_stm32f0xx.c ****       SystemCoreClock = HSI_VALUE;
  73              		.loc 1 228 7 view .LVU8
  74              		.loc 1 228 23 is_stmt 0 view .LVU9
  75 0016 1C4B     		ldr	r3, .L10+4
  76              	.LVL2:
  77              		.loc 1 228 23 view .LVU10
  78 0018 1C4A     		ldr	r2, .L10+8
  79              	.LVL3:
  80              		.loc 1 228 23 view .LVU11
  81 001a 1A60     		str	r2, [r3]
 229:Core/Src/system_stm32f0xx.c ****       break;
  82              		.loc 1 229 7 is_stmt 1 view .LVU12
  83 001c 02E0     		b	.L6
  84              	.LVL4:
  85              	.L8:
 188:Core/Src/system_stm32f0xx.c ****       break;
  86              		.loc 1 188 7 view .LVU13
 188:Core/Src/system_stm32f0xx.c ****       break;
  87              		.loc 1 188 23 is_stmt 0 view .LVU14
  88 001e 1A4B     		ldr	r3, .L10+4
  89              	.LVL5:
 188:Core/Src/system_stm32f0xx.c ****       break;
  90              		.loc 1 188 23 view .LVU15
  91 0020 1A4A     		ldr	r2, .L10+8
  92              	.LVL6:
 188:Core/Src/system_stm32f0xx.c ****       break;
  93              		.loc 1 188 23 view .LVU16
  94 0022 1A60     		str	r2, [r3]
 189:Core/Src/system_stm32f0xx.c ****     case RCC_CFGR_SWS_HSE:  /* HSE used as system clock */
  95              		.loc 1 189 7 is_stmt 1 view .LVU17
  96              	.LVL7:
  97              	.L6:
 230:Core/Src/system_stm32f0xx.c ****   }
 231:Core/Src/system_stm32f0xx.c ****   /* Compute HCLK clock frequency ----------------*/
 232:Core/Src/system_stm32f0xx.c ****   /* Get HCLK prescaler */
 233:Core/Src/system_stm32f0xx.c ****   tmp = AHBPrescTable[((RCC->CFGR & RCC_CFGR_HPRE) >> 4)];
  98              		.loc 1 233 3 view .LVU18
  99              		.loc 1 233 28 is_stmt 0 view .LVU19
 100 0024 174B     		ldr	r3, .L10
 101 0026 5A68     		ldr	r2, [r3, #4]
 102              		.loc 1 233 52 view .LVU20
 103 0028 1209     		lsrs	r2, r2, #4
 104 002a 0F23     		movs	r3, #15
 105 002c 1340     		ands	r3, r2
 106              		.loc 1 233 22 view .LVU21
 107 002e 184A     		ldr	r2, .L10+12
ARM GAS  C:\Users\arist\AppData\Local\Temp\ccnSV70m.s 			page 7


 108 0030 D15C     		ldrb	r1, [r2, r3]
 109              	.LVL8:
 234:Core/Src/system_stm32f0xx.c ****   /* HCLK clock frequency */
 235:Core/Src/system_stm32f0xx.c ****   SystemCoreClock >>= tmp;
 110              		.loc 1 235 3 is_stmt 1 view .LVU22
 111              		.loc 1 235 19 is_stmt 0 view .LVU23
 112 0032 154A     		ldr	r2, .L10+4
 113 0034 1368     		ldr	r3, [r2]
 114 0036 CB40     		lsrs	r3, r3, r1
 115 0038 1360     		str	r3, [r2]
 236:Core/Src/system_stm32f0xx.c **** }
 116              		.loc 1 236 1 view .LVU24
 117              		@ sp needed
 118 003a 10BD     		pop	{r4, pc}
 119              	.LVL9:
 120              	.L3:
 191:Core/Src/system_stm32f0xx.c ****       break;
 121              		.loc 1 191 7 is_stmt 1 view .LVU25
 191:Core/Src/system_stm32f0xx.c ****       break;
 122              		.loc 1 191 23 is_stmt 0 view .LVU26
 123 003c 124B     		ldr	r3, .L10+4
 124              	.LVL10:
 191:Core/Src/system_stm32f0xx.c ****       break;
 125              		.loc 1 191 23 view .LVU27
 126 003e 134A     		ldr	r2, .L10+8
 127              	.LVL11:
 191:Core/Src/system_stm32f0xx.c ****       break;
 128              		.loc 1 191 23 view .LVU28
 129 0040 1A60     		str	r2, [r3]
 192:Core/Src/system_stm32f0xx.c ****     case RCC_CFGR_SWS_PLL:  /* PLL used as system clock */
 130              		.loc 1 192 7 is_stmt 1 view .LVU29
 131 0042 EFE7     		b	.L6
 132              	.LVL12:
 133              	.L4:
 195:Core/Src/system_stm32f0xx.c ****       pllsource = RCC->CFGR & RCC_CFGR_PLLSRC;
 134              		.loc 1 195 7 view .LVU30
 195:Core/Src/system_stm32f0xx.c ****       pllsource = RCC->CFGR & RCC_CFGR_PLLSRC;
 135              		.loc 1 195 20 is_stmt 0 view .LVU31
 136 0044 0F4A     		ldr	r2, .L10
 137 0046 5468     		ldr	r4, [r2, #4]
 138              	.LVL13:
 196:Core/Src/system_stm32f0xx.c ****       pllmull = ( pllmull >> 18) + 2;
 139              		.loc 1 196 7 is_stmt 1 view .LVU32
 196:Core/Src/system_stm32f0xx.c ****       pllmull = ( pllmull >> 18) + 2;
 140              		.loc 1 196 22 is_stmt 0 view .LVU33
 141 0048 5368     		ldr	r3, [r2, #4]
 142              	.LVL14:
 196:Core/Src/system_stm32f0xx.c ****       pllmull = ( pllmull >> 18) + 2;
 143              		.loc 1 196 17 view .LVU34
 144 004a C021     		movs	r1, #192
 145 004c 4902     		lsls	r1, r1, #9
 146 004e 0B40     		ands	r3, r1
 147              	.LVL15:
 197:Core/Src/system_stm32f0xx.c ****       predivfactor = (RCC->CFGR2 & RCC_CFGR2_PREDIV) + 1;
 148              		.loc 1 197 7 is_stmt 1 view .LVU35
 197:Core/Src/system_stm32f0xx.c ****       predivfactor = (RCC->CFGR2 & RCC_CFGR2_PREDIV) + 1;
 149              		.loc 1 197 27 is_stmt 0 view .LVU36
ARM GAS  C:\Users\arist\AppData\Local\Temp\ccnSV70m.s 			page 8


 150 0050 A40C     		lsrs	r4, r4, #18
 151              	.LVL16:
 197:Core/Src/system_stm32f0xx.c ****       predivfactor = (RCC->CFGR2 & RCC_CFGR2_PREDIV) + 1;
 152              		.loc 1 197 27 view .LVU37
 153 0052 0F21     		movs	r1, #15
 154 0054 0C40     		ands	r4, r1
 197:Core/Src/system_stm32f0xx.c ****       predivfactor = (RCC->CFGR2 & RCC_CFGR2_PREDIV) + 1;
 155              		.loc 1 197 15 view .LVU38
 156 0056 0234     		adds	r4, r4, #2
 157              	.LVL17:
 198:Core/Src/system_stm32f0xx.c **** 
 158              		.loc 1 198 7 is_stmt 1 view .LVU39
 198:Core/Src/system_stm32f0xx.c **** 
 159              		.loc 1 198 26 is_stmt 0 view .LVU40
 160 0058 D26A     		ldr	r2, [r2, #44]
 198:Core/Src/system_stm32f0xx.c **** 
 161              		.loc 1 198 34 view .LVU41
 162 005a 1140     		ands	r1, r2
 198:Core/Src/system_stm32f0xx.c **** 
 163              		.loc 1 198 20 view .LVU42
 164 005c 0131     		adds	r1, r1, #1
 165              	.LVL18:
 200:Core/Src/system_stm32f0xx.c ****       {
 166              		.loc 1 200 7 is_stmt 1 view .LVU43
 200:Core/Src/system_stm32f0xx.c ****       {
 167              		.loc 1 200 10 is_stmt 0 view .LVU44
 168 005e 8022     		movs	r2, #128
 169 0060 5202     		lsls	r2, r2, #9
 170 0062 9342     		cmp	r3, r2
 171 0064 06D0     		beq	.L9
 218:Core/Src/system_stm32f0xx.c **** #else
 172              		.loc 1 218 9 is_stmt 1 view .LVU45
 218:Core/Src/system_stm32f0xx.c **** #else
 173              		.loc 1 218 37 is_stmt 0 view .LVU46
 174 0066 0948     		ldr	r0, .L10+8
 175 0068 FFF7FEFF 		bl	__aeabi_uidiv
 176              	.LVL19:
 218:Core/Src/system_stm32f0xx.c **** #else
 177              		.loc 1 218 52 view .LVU47
 178 006c 4443     		muls	r4, r0
 179              	.LVL20:
 218:Core/Src/system_stm32f0xx.c **** #else
 180              		.loc 1 218 25 view .LVU48
 181 006e 064B     		ldr	r3, .L10+4
 182 0070 1C60     		str	r4, [r3]
 183 0072 D7E7     		b	.L6
 184              	.LVL21:
 185              	.L9:
 203:Core/Src/system_stm32f0xx.c ****       }
 186              		.loc 1 203 9 is_stmt 1 view .LVU49
 203:Core/Src/system_stm32f0xx.c ****       }
 187              		.loc 1 203 37 is_stmt 0 view .LVU50
 188 0074 0548     		ldr	r0, .L10+8
 189 0076 FFF7FEFF 		bl	__aeabi_uidiv
 190              	.LVL22:
 203:Core/Src/system_stm32f0xx.c ****       }
 191              		.loc 1 203 52 view .LVU51
ARM GAS  C:\Users\arist\AppData\Local\Temp\ccnSV70m.s 			page 9


 192 007a 6043     		muls	r0, r4
 203:Core/Src/system_stm32f0xx.c ****       }
 193              		.loc 1 203 25 view .LVU52
 194 007c 024B     		ldr	r3, .L10+4
 195 007e 1860     		str	r0, [r3]
 196 0080 D0E7     		b	.L6
 197              	.L11:
 198 0082 C046     		.align	2
 199              	.L10:
 200 0084 00100240 		.word	1073876992
 201 0088 00000000 		.word	SystemCoreClock
 202 008c 00127A00 		.word	8000000
 203 0090 00000000 		.word	AHBPrescTable
 204              		.cfi_endproc
 205              	.LFE41:
 207              		.global	APBPrescTable
 208              		.section	.rodata.APBPrescTable,"a"
 209              		.align	2
 212              	APBPrescTable:
 213 0000 00000000 		.ascii	"\000\000\000\000\001\002\003\004"
 213      01020304 
 214              		.global	AHBPrescTable
 215              		.section	.rodata.AHBPrescTable,"a"
 216              		.align	2
 219              	AHBPrescTable:
 220 0000 00000000 		.ascii	"\000\000\000\000\000\000\000\000\001\002\003\004\006"
 220      00000000 
 220      01020304 
 220      06
 221 000d 070809   		.ascii	"\007\010\011"
 222              		.global	SystemCoreClock
 223              		.section	.data.SystemCoreClock,"aw"
 224              		.align	2
 227              	SystemCoreClock:
 228 0000 00127A00 		.word	8000000
 229              		.text
 230              	.Letext0:
 231              		.file 2 "c:\\users\\arist\\appdata\\roaming\\code\\user\\globalstorage\\bmd.stm32-for-vscode\\@xpa
 232              		.file 3 "c:\\users\\arist\\appdata\\roaming\\code\\user\\globalstorage\\bmd.stm32-for-vscode\\@xpa
 233              		.file 4 "Drivers/CMSIS/Device/ST/STM32F0xx/Include/system_stm32f0xx.h"
 234              		.file 5 "Drivers/CMSIS/Device/ST/STM32F0xx/Include/stm32f030xc.h"
ARM GAS  C:\Users\arist\AppData\Local\Temp\ccnSV70m.s 			page 10


DEFINED SYMBOLS
                            *ABS*:00000000 system_stm32f0xx.c
C:\Users\arist\AppData\Local\Temp\ccnSV70m.s:19     .text.SystemInit:00000000 $t
C:\Users\arist\AppData\Local\Temp\ccnSV70m.s:25     .text.SystemInit:00000000 SystemInit
C:\Users\arist\AppData\Local\Temp\ccnSV70m.s:40     .text.SystemCoreClockUpdate:00000000 $t
C:\Users\arist\AppData\Local\Temp\ccnSV70m.s:46     .text.SystemCoreClockUpdate:00000000 SystemCoreClockUpdate
C:\Users\arist\AppData\Local\Temp\ccnSV70m.s:200    .text.SystemCoreClockUpdate:00000084 $d
C:\Users\arist\AppData\Local\Temp\ccnSV70m.s:227    .data.SystemCoreClock:00000000 SystemCoreClock
C:\Users\arist\AppData\Local\Temp\ccnSV70m.s:219    .rodata.AHBPrescTable:00000000 AHBPrescTable
C:\Users\arist\AppData\Local\Temp\ccnSV70m.s:212    .rodata.APBPrescTable:00000000 APBPrescTable
C:\Users\arist\AppData\Local\Temp\ccnSV70m.s:209    .rodata.APBPrescTable:00000000 $d
C:\Users\arist\AppData\Local\Temp\ccnSV70m.s:216    .rodata.AHBPrescTable:00000000 $d
C:\Users\arist\AppData\Local\Temp\ccnSV70m.s:224    .data.SystemCoreClock:00000000 $d

UNDEFINED SYMBOLS
__aeabi_uidiv
