ARM GAS  C:\Users\arist\AppData\Local\Temp\ccGXbPol.s 			page 1


   1              		.syntax unified
   2              		.cpu cortex-m3
   3              		.fpu softvfp
   4              		.eabi_attribute 20, 1
   5              		.eabi_attribute 21, 1
   6              		.eabi_attribute 23, 3
   7              		.eabi_attribute 24, 1
   8              		.eabi_attribute 25, 1
   9              		.eabi_attribute 26, 1
  10              		.eabi_attribute 30, 1
  11              		.eabi_attribute 34, 1
  12              		.eabi_attribute 18, 4
  13              		.thumb
  14              		.syntax unified
  15              		.file	"cymetadata.c"
  16              		.text
  17              	.Ltext0:
  18              		.cfi_sections	.debug_frame
  19              		.global	cy_metadata
  20              		.global	cy_meta_flashprotect
  21              		.global	cy_meta_wonvl
  22              		.global	cy_meta_custnvl
  23              		.global	cy_meta_configecc
  24              		.section	.cyconfigecc,"a",%progbits
  25              		.align	2
  26              		.type	cy_meta_configecc, %object
  27              		.size	cy_meta_configecc, 888
  28              	cy_meta_configecc:
  29 0000 02       		.byte	2
  30 0001 52       		.byte	82
  31 0002 00       		.byte	0
  32 0003 40       		.byte	64
  33 0004 03       		.byte	3
  34 0005 65       		.byte	101
  35 0006 00       		.byte	0
  36 0007 40       		.byte	64
  37 0008 02       		.byte	2
  38 0009 15       		.byte	21
  39 000a 01       		.byte	1
  40 000b 40       		.byte	64
  41 000c 02       		.byte	2
  42 000d 17       		.byte	23
  43 000e 01       		.byte	1
  44 000f 40       		.byte	64
  45 0010 4C       		.byte	76
  46 0011 18       		.byte	24
  47 0012 01       		.byte	1
  48 0013 40       		.byte	64
  49 0014 39       		.byte	57
  50 0015 19       		.byte	25
  51 0016 01       		.byte	1
  52 0017 40       		.byte	64
  53 0018 35       		.byte	53
  54 0019 1A       		.byte	26
  55 001a 01       		.byte	1
  56 001b 40       		.byte	64
  57 001c 5B       		.byte	91
ARM GAS  C:\Users\arist\AppData\Local\Temp\ccGXbPol.s 			page 2


  58 001d 1B       		.byte	27
  59 001e 01       		.byte	1
  60 001f 40       		.byte	64
  61 0020 02       		.byte	2
  62 0021 42       		.byte	66
  63 0022 01       		.byte	1
  64 0023 40       		.byte	64
  65 0024 01       		.byte	1
  66 0025 43       		.byte	67
  67 0026 01       		.byte	1
  68 0027 40       		.byte	64
  69 0028 05       		.byte	5
  70 0029 48       		.byte	72
  71 002a 01       		.byte	1
  72 002b 40       		.byte	64
  73 002c 0F       		.byte	15
  74 002d 49       		.byte	73
  75 002e 01       		.byte	1
  76 002f 40       		.byte	64
  77 0030 0B       		.byte	11
  78 0031 4C       		.byte	76
  79 0032 01       		.byte	1
  80 0033 40       		.byte	64
  81 0034 0B       		.byte	11
  82 0035 4D       		.byte	77
  83 0036 01       		.byte	1
  84 0037 40       		.byte	64
  85 0038 05       		.byte	5
  86 0039 50       		.byte	80
  87 003a 01       		.byte	1
  88 003b 40       		.byte	64
  89 003c 01       		.byte	1
  90 003d 51       		.byte	81
  91 003e 01       		.byte	1
  92 003f 40       		.byte	64
  93 0040 60       		.byte	96
  94 0041 82       		.byte	-126
  95 0042 61       		.byte	97
  96 0043 80       		.byte	-128
  97 0044 88       		.byte	-120
  98 0045 38       		.byte	56
  99 0046 89       		.byte	-119
 100 0047 72       		.byte	114
 101 0048 8A       		.byte	-118
 102 0049 0F       		.byte	15
 103 004a E0       		.byte	-32
 104 004b 01       		.byte	1
 105 004c EA       		.byte	-22
 106 004d 05       		.byte	5
 107 004e E2       		.byte	-30
 108 004f 04       		.byte	4
 109 0050 E4       		.byte	-28
 110 0051 01       		.byte	1
 111 0052 0E       		.byte	14
 112 0053 02       		.byte	2
 113 0054 10       		.byte	16
 114 0055 04       		.byte	4
ARM GAS  C:\Users\arist\AppData\Local\Temp\ccGXbPol.s 			page 3


 115 0056 16       		.byte	22
 116 0057 01       		.byte	1
 117 0058 1E       		.byte	30
 118 0059 02       		.byte	2
 119 005a 26       		.byte	38
 120 005b 01       		.byte	1
 121 005c 28       		.byte	40
 122 005d 08       		.byte	8
 123 005e 30       		.byte	48
 124 005f 08       		.byte	8
 125 0060 32       		.byte	50
 126 0061 02       		.byte	2
 127 0062 34       		.byte	52
 128 0063 04       		.byte	4
 129 0064 36       		.byte	54
 130 0065 01       		.byte	1
 131 0066 3E       		.byte	62
 132 0067 55       		.byte	85
 133 0068 54       		.byte	84
 134 0069 18       		.byte	24
 135 006a 58       		.byte	88
 136 006b 04       		.byte	4
 137 006c 5B       		.byte	91
 138 006d 04       		.byte	4
 139 006e 5F       		.byte	95
 140 006f 01       		.byte	1
 141 0070 80       		.byte	-128
 142 0071 4F       		.byte	79
 143 0072 81       		.byte	-127
 144 0073 1F       		.byte	31
 145 0074 82       		.byte	-126
 146 0075 90       		.byte	-112
 147 0076 83       		.byte	-125
 148 0077 60       		.byte	96
 149 0078 84       		.byte	-124
 150 0079 FF       		.byte	-1
 151 007a 85       		.byte	-123
 152 007b 60       		.byte	96
 153 007c 89       		.byte	-119
 154 007d 20       		.byte	32
 155 007e 8A       		.byte	-118
 156 007f B3       		.byte	-77
 157 0080 8C       		.byte	-116
 158 0081 42       		.byte	66
 159 0082 8D       		.byte	-115
 160 0083 40       		.byte	64
 161 0084 90       		.byte	-112
 162 0085 03       		.byte	3
 163 0086 94       		.byte	-108
 164 0087 F3       		.byte	-13
 165 0088 95       		.byte	-107
 166 0089 02       		.byte	2
 167 008a 96       		.byte	-106
 168 008b 0C       		.byte	12
 169 008c 98       		.byte	-104
 170 008d 01       		.byte	1
 171 008e 99       		.byte	-103
ARM GAS  C:\Users\arist\AppData\Local\Temp\ccGXbPol.s 			page 4


 172 008f 01       		.byte	1
 173 0090 9C       		.byte	-100
 174 0091 4C       		.byte	76
 175 0092 9D       		.byte	-99
 176 0093 74       		.byte	116
 177 0094 9E       		.byte	-98
 178 0095 A3       		.byte	-93
 179 0096 9F       		.byte	-97
 180 0097 0B       		.byte	11
 181 0098 A0       		.byte	-96
 182 0099 08       		.byte	8
 183 009a A1       		.byte	-95
 184 009b 64       		.byte	100
 185 009c A3       		.byte	-93
 186 009d 1B       		.byte	27
 187 009e A4       		.byte	-92
 188 009f 04       		.byte	4
 189 00a0 A5       		.byte	-91
 190 00a1 03       		.byte	3
 191 00a2 A8       		.byte	-88
 192 00a3 0C       		.byte	12
 193 00a4 A9       		.byte	-87
 194 00a5 7F       		.byte	127
 195 00a6 AE       		.byte	-82
 196 00a7 40       		.byte	64
 197 00a8 AF       		.byte	-81
 198 00a9 13       		.byte	19
 199 00aa B0       		.byte	-80
 200 00ab 8C       		.byte	-116
 201 00ac B1       		.byte	-79
 202 00ad 04       		.byte	4
 203 00ae B2       		.byte	-78
 204 00af 0F       		.byte	15
 205 00b0 B3       		.byte	-77
 206 00b1 03       		.byte	3
 207 00b2 B5       		.byte	-75
 208 00b3 70       		.byte	112
 209 00b4 B6       		.byte	-74
 210 00b5 7C       		.byte	124
 211 00b6 B7       		.byte	-73
 212 00b7 08       		.byte	8
 213 00b8 B9       		.byte	-71
 214 00b9 80       		.byte	-128
 215 00ba BA       		.byte	-70
 216 00bb AA       		.byte	-86
 217 00bc BF       		.byte	-65
 218 00bd 01       		.byte	1
 219 00be C0       		.byte	-64
 220 00bf 45       		.byte	69
 221 00c0 C1       		.byte	-63
 222 00c1 02       		.byte	2
 223 00c2 C5       		.byte	-59
 224 00c3 E0       		.byte	-32
 225 00c4 C6       		.byte	-58
 226 00c5 B0       		.byte	-80
 227 00c6 C7       		.byte	-57
 228 00c7 C0       		.byte	-64
ARM GAS  C:\Users\arist\AppData\Local\Temp\ccGXbPol.s 			page 5


 229 00c8 C8       		.byte	-56
 230 00c9 2A       		.byte	42
 231 00ca C9       		.byte	-55
 232 00cb FF       		.byte	-1
 233 00cc CA       		.byte	-54
 234 00cd FF       		.byte	-1
 235 00ce CB       		.byte	-53
 236 00cf FF       		.byte	-1
 237 00d0 CE       		.byte	-50
 238 00d1 F0       		.byte	-16
 239 00d2 CF       		.byte	-49
 240 00d3 44       		.byte	68
 241 00d4 D0       		.byte	-48
 242 00d5 0C       		.byte	12
 243 00d6 D6       		.byte	-42
 244 00d7 02       		.byte	2
 245 00d8 D7       		.byte	-41
 246 00d9 13       		.byte	19
 247 00da D8       		.byte	-40
 248 00db 04       		.byte	4
 249 00dc D9       		.byte	-39
 250 00dd 04       		.byte	4
 251 00de DA       		.byte	-38
 252 00df 04       		.byte	4
 253 00e0 DB       		.byte	-37
 254 00e1 04       		.byte	4
 255 00e2 DF       		.byte	-33
 256 00e3 01       		.byte	1
 257 00e4 E6       		.byte	-26
 258 00e5 C0       		.byte	-64
 259 00e6 EA       		.byte	-22
 260 00e7 40       		.byte	64
 261 00e8 EB       		.byte	-21
 262 00e9 02       		.byte	2
 263 00ea 00       		.byte	0
 264 00eb 24       		.byte	36
 265 00ec 01       		.byte	1
 266 00ed 02       		.byte	2
 267 00ee 03       		.byte	3
 268 00ef 02       		.byte	2
 269 00f0 07       		.byte	7
 270 00f1 02       		.byte	2
 271 00f2 09       		.byte	9
 272 00f3 21       		.byte	33
 273 00f4 0A       		.byte	10
 274 00f5 21       		.byte	33
 275 00f6 0C       		.byte	12
 276 00f7 01       		.byte	1
 277 00f8 0D       		.byte	13
 278 00f9 88       		.byte	-120
 279 00fa 0E       		.byte	14
 280 00fb 80       		.byte	-128
 281 00fc 10       		.byte	16
 282 00fd 80       		.byte	-128
 283 00fe 13       		.byte	19
 284 00ff 64       		.byte	100
 285 0100 14       		.byte	20
ARM GAS  C:\Users\arist\AppData\Local\Temp\ccGXbPol.s 			page 6


 286 0101 04       		.byte	4
 287 0102 17       		.byte	23
 288 0103 08       		.byte	8
 289 0104 18       		.byte	24
 290 0105 04       		.byte	4
 291 0106 19       		.byte	25
 292 0107 12       		.byte	18
 293 0108 1A       		.byte	26
 294 0109 21       		.byte	33
 295 010a 1B       		.byte	27
 296 010b 80       		.byte	-128
 297 010c 1D       		.byte	29
 298 010d 41       		.byte	65
 299 010e 1E       		.byte	30
 300 010f 04       		.byte	4
 301 0110 1F       		.byte	31
 302 0111 04       		.byte	4
 303 0112 21       		.byte	33
 304 0113 10       		.byte	16
 305 0114 22       		.byte	34
 306 0115 09       		.byte	9
 307 0116 23       		.byte	35
 308 0117 0A       		.byte	10
 309 0118 29       		.byte	41
 310 0119 92       		.byte	-110
 311 011a 2B       		.byte	43
 312 011b 10       		.byte	16
 313 011c 31       		.byte	49
 314 011d 24       		.byte	36
 315 011e 33       		.byte	51
 316 011f 80       		.byte	-128
 317 0120 38       		.byte	56
 318 0121 AA       		.byte	-86
 319 0122 39       		.byte	57
 320 0123 02       		.byte	2
 321 0124 42       		.byte	66
 322 0125 40       		.byte	64
 323 0126 43       		.byte	67
 324 0127 20       		.byte	32
 325 0128 4A       		.byte	74
 326 0129 41       		.byte	65
 327 012a 52       		.byte	82
 328 012b 11       		.byte	17
 329 012c 5A       		.byte	90
 330 012d 02       		.byte	2
 331 012e 5D       		.byte	93
 332 012f 01       		.byte	1
 333 0130 65       		.byte	101
 334 0131 40       		.byte	64
 335 0132 67       		.byte	103
 336 0133 08       		.byte	8
 337 0134 69       		.byte	105
 338 0135 14       		.byte	20
 339 0136 6A       		.byte	106
 340 0137 80       		.byte	-128
 341 0138 70       		.byte	112
 342 0139 D4       		.byte	-44
ARM GAS  C:\Users\arist\AppData\Local\Temp\ccGXbPol.s 			page 7


 343 013a 73       		.byte	115
 344 013b 24       		.byte	36
 345 013c 80       		.byte	-128
 346 013d 80       		.byte	-128
 347 013e 89       		.byte	-119
 348 013f 01       		.byte	1
 349 0140 8A       		.byte	-118
 350 0141 08       		.byte	8
 351 0142 8D       		.byte	-115
 352 0143 01       		.byte	1
 353 0144 C0       		.byte	-64
 354 0145 8F       		.byte	-113
 355 0146 C2       		.byte	-62
 356 0147 BF       		.byte	-65
 357 0148 C4       		.byte	-60
 358 0149 6F       		.byte	111
 359 014a CA       		.byte	-54
 360 014b 0F       		.byte	15
 361 014c CC       		.byte	-52
 362 014d 0E       		.byte	14
 363 014e CE       		.byte	-50
 364 014f 0F       		.byte	15
 365 0150 D0       		.byte	-48
 366 0151 05       		.byte	5
 367 0152 D2       		.byte	-46
 368 0153 08       		.byte	8
 369 0154 D6       		.byte	-42
 370 0155 81       		.byte	-127
 371 0156 D8       		.byte	-40
 372 0157 30       		.byte	48
 373 0158 E2       		.byte	-30
 374 0159 04       		.byte	4
 375 015a E4       		.byte	-28
 376 015b 01       		.byte	1
 377 015c 80       		.byte	-128
 378 015d 0C       		.byte	12
 379 015e 81       		.byte	-127
 380 015f 80       		.byte	-128
 381 0160 82       		.byte	-126
 382 0161 71       		.byte	113
 383 0162 83       		.byte	-125
 384 0163 13       		.byte	19
 385 0164 87       		.byte	-121
 386 0165 08       		.byte	8
 387 0166 88       		.byte	-120
 388 0167 DC       		.byte	-36
 389 0168 8A       		.byte	-118
 390 0169 22       		.byte	34
 391 016a 8C       		.byte	-116
 392 016b 09       		.byte	9
 393 016c 8E       		.byte	-114
 394 016d D0       		.byte	-48
 395 016e 93       		.byte	-109
 396 016f 0C       		.byte	12
 397 0170 95       		.byte	-107
 398 0171 2C       		.byte	44
 399 0172 96       		.byte	-106
ARM GAS  C:\Users\arist\AppData\Local\Temp\ccGXbPol.s 			page 8


 400 0173 03       		.byte	3
 401 0174 97       		.byte	-105
 402 0175 43       		.byte	67
 403 0176 9C       		.byte	-100
 404 0177 10       		.byte	16
 405 0178 9E       		.byte	-98
 406 0179 AC       		.byte	-84
 407 017a A2       		.byte	-94
 408 017b 20       		.byte	32
 409 017c A4       		.byte	-92
 410 017d 14       		.byte	20
 411 017e A5       		.byte	-91
 412 017f 71       		.byte	113
 413 0180 A7       		.byte	-89
 414 0181 0E       		.byte	14
 415 0182 A8       		.byte	-88
 416 0183 10       		.byte	16
 417 0184 AA       		.byte	-86
 418 0185 40       		.byte	64
 419 0186 AD       		.byte	-83
 420 0187 71       		.byte	113
 421 0188 AF       		.byte	-81
 422 0189 06       		.byte	6
 423 018a B2       		.byte	-78
 424 018b 1F       		.byte	31
 425 018c B3       		.byte	-77
 426 018d 30       		.byte	48
 427 018e B4       		.byte	-76
 428 018f E0       		.byte	-32
 429 0190 B5       		.byte	-75
 430 0191 0F       		.byte	15
 431 0192 B7       		.byte	-73
 432 0193 C0       		.byte	-64
 433 0194 B9       		.byte	-71
 434 0195 88       		.byte	-120
 435 0196 BA       		.byte	-70
 436 0197 20       		.byte	32
 437 0198 BB       		.byte	-69
 438 0199 20       		.byte	32
 439 019a BF       		.byte	-65
 440 019b 04       		.byte	4
 441 019c C0       		.byte	-64
 442 019d 02       		.byte	2
 443 019e C7       		.byte	-57
 444 019f 04       		.byte	4
 445 01a0 C9       		.byte	-55
 446 01a1 FF       		.byte	-1
 447 01a2 CA       		.byte	-54
 448 01a3 07       		.byte	7
 449 01a4 CB       		.byte	-53
 450 01a5 FF       		.byte	-1
 451 01a6 CC       		.byte	-52
 452 01a7 40       		.byte	64
 453 01a8 CD       		.byte	-51
 454 01a9 20       		.byte	32
 455 01aa CE       		.byte	-50
 456 01ab F0       		.byte	-16
ARM GAS  C:\Users\arist\AppData\Local\Temp\ccGXbPol.s 			page 9


 457 01ac CF       		.byte	-49
 458 01ad 05       		.byte	5
 459 01ae D0       		.byte	-48
 460 01af 08       		.byte	8
 461 01b0 D6       		.byte	-42
 462 01b1 08       		.byte	8
 463 01b2 D8       		.byte	-40
 464 01b3 04       		.byte	4
 465 01b4 D9       		.byte	-39
 466 01b5 04       		.byte	4
 467 01b6 DA       		.byte	-38
 468 01b7 04       		.byte	4
 469 01b8 DB       		.byte	-37
 470 01b9 04       		.byte	4
 471 01ba DD       		.byte	-35
 472 01bb 90       		.byte	-112
 473 01bc DF       		.byte	-33
 474 01bd 01       		.byte	1
 475 01be E0       		.byte	-32
 476 01bf 40       		.byte	64
 477 01c0 E1       		.byte	-31
 478 01c1 A8       		.byte	-88
 479 01c2 E2       		.byte	-30
 480 01c3 40       		.byte	64
 481 01c4 E3       		.byte	-29
 482 01c5 20       		.byte	32
 483 01c6 00       		.byte	0
 484 01c7 04       		.byte	4
 485 01c8 01       		.byte	1
 486 01c9 42       		.byte	66
 487 01ca 02       		.byte	2
 488 01cb 05       		.byte	5
 489 01cc 05       		.byte	5
 490 01cd 02       		.byte	2
 491 01ce 07       		.byte	7
 492 01cf 09       		.byte	9
 493 01d0 09       		.byte	9
 494 01d1 60       		.byte	96
 495 01d2 0A       		.byte	10
 496 01d3 40       		.byte	64
 497 01d4 0B       		.byte	11
 498 01d5 10       		.byte	16
 499 01d6 0C       		.byte	12
 500 01d7 04       		.byte	4
 501 01d8 0E       		.byte	14
 502 01d9 20       		.byte	32
 503 01da 0F       		.byte	15
 504 01db 02       		.byte	2
 505 01dc 11       		.byte	17
 506 01dd 14       		.byte	20
 507 01de 13       		.byte	19
 508 01df 01       		.byte	1
 509 01e0 15       		.byte	21
 510 01e1 01       		.byte	1
 511 01e2 16       		.byte	22
 512 01e3 18       		.byte	24
 513 01e4 19       		.byte	25
ARM GAS  C:\Users\arist\AppData\Local\Temp\ccGXbPol.s 			page 10


 514 01e5 80       		.byte	-128
 515 01e6 1A       		.byte	26
 516 01e7 40       		.byte	64
 517 01e8 1B       		.byte	27
 518 01e9 11       		.byte	17
 519 01ea 1E       		.byte	30
 520 01eb 20       		.byte	32
 521 01ec 1F       		.byte	31
 522 01ed 20       		.byte	32
 523 01ee 20       		.byte	32
 524 01ef 21       		.byte	33
 525 01f0 21       		.byte	33
 526 01f1 24       		.byte	36
 527 01f2 23       		.byte	35
 528 01f3 40       		.byte	64
 529 01f4 24       		.byte	36
 530 01f5 04       		.byte	4
 531 01f6 25       		.byte	37
 532 01f7 40       		.byte	64
 533 01f8 27       		.byte	39
 534 01f9 29       		.byte	41
 535 01fa 2A       		.byte	42
 536 01fb 04       		.byte	4
 537 01fc 2B       		.byte	43
 538 01fd 10       		.byte	16
 539 01fe 2E       		.byte	46
 540 01ff 40       		.byte	64
 541 0200 2F       		.byte	47
 542 0201 20       		.byte	32
 543 0202 31       		.byte	49
 544 0203 24       		.byte	36
 545 0204 32       		.byte	50
 546 0205 40       		.byte	64
 547 0206 37       		.byte	55
 548 0207 09       		.byte	9
 549 0208 39       		.byte	57
 550 0209 14       		.byte	20
 551 020a 3E       		.byte	62
 552 020b 08       		.byte	8
 553 020c 3F       		.byte	63
 554 020d 01       		.byte	1
 555 020e 40       		.byte	64
 556 020f 01       		.byte	1
 557 0210 41       		.byte	65
 558 0211 15       		.byte	21
 559 0212 47       		.byte	71
 560 0213 20       		.byte	32
 561 0214 49       		.byte	73
 562 0215 10       		.byte	16
 563 0216 4D       		.byte	77
 564 0217 01       		.byte	1
 565 0218 4F       		.byte	79
 566 0219 01       		.byte	1
 567 021a 51       		.byte	81
 568 021b 88       		.byte	-120
 569 021c 56       		.byte	86
 570 021d 08       		.byte	8
ARM GAS  C:\Users\arist\AppData\Local\Temp\ccGXbPol.s 			page 11


 571 021e 58       		.byte	88
 572 021f 21       		.byte	33
 573 0220 59       		.byte	89
 574 0221 80       		.byte	-128
 575 0222 5A       		.byte	90
 576 0223 04       		.byte	4
 577 0224 5C       		.byte	92
 578 0225 80       		.byte	-128
 579 0226 5D       		.byte	93
 580 0227 08       		.byte	8
 581 0228 5E       		.byte	94
 582 0229 12       		.byte	18
 583 022a 5F       		.byte	95
 584 022b 01       		.byte	1
 585 022c 65       		.byte	101
 586 022d 04       		.byte	4
 587 022e 67       		.byte	103
 588 022f 10       		.byte	16
 589 0230 81       		.byte	-127
 590 0231 02       		.byte	2
 591 0232 82       		.byte	-126
 592 0233 10       		.byte	16
 593 0234 83       		.byte	-125
 594 0235 20       		.byte	32
 595 0236 87       		.byte	-121
 596 0237 12       		.byte	18
 597 0238 89       		.byte	-119
 598 0239 08       		.byte	8
 599 023a 8C       		.byte	-116
 600 023b 20       		.byte	32
 601 023c 8D       		.byte	-115
 602 023d 40       		.byte	64
 603 023e 91       		.byte	-111
 604 023f 36       		.byte	54
 605 0240 92       		.byte	-110
 606 0241 84       		.byte	-124
 607 0242 96       		.byte	-106
 608 0243 40       		.byte	64
 609 0244 97       		.byte	-105
 610 0245 40       		.byte	64
 611 0246 98       		.byte	-104
 612 0247 81       		.byte	-127
 613 0248 99       		.byte	-103
 614 0249 10       		.byte	16
 615 024a 9A       		.byte	-102
 616 024b 11       		.byte	17
 617 024c 9C       		.byte	-100
 618 024d 04       		.byte	4
 619 024e 9D       		.byte	-99
 620 024f 04       		.byte	4
 621 0250 A4       		.byte	-92
 622 0251 10       		.byte	16
 623 0252 A5       		.byte	-91
 624 0253 A8       		.byte	-88
 625 0254 A6       		.byte	-90
 626 0255 01       		.byte	1
 627 0256 A7       		.byte	-89
ARM GAS  C:\Users\arist\AppData\Local\Temp\ccGXbPol.s 			page 12


 628 0257 32       		.byte	50
 629 0258 B0       		.byte	-80
 630 0259 10       		.byte	16
 631 025a B1       		.byte	-79
 632 025b 80       		.byte	-128
 633 025c B4       		.byte	-76
 634 025d 01       		.byte	1
 635 025e B5       		.byte	-75
 636 025f 01       		.byte	1
 637 0260 B6       		.byte	-74
 638 0261 10       		.byte	16
 639 0262 B7       		.byte	-73
 640 0263 10       		.byte	16
 641 0264 C0       		.byte	-64
 642 0265 DF       		.byte	-33
 643 0266 C2       		.byte	-62
 644 0267 AF       		.byte	-81
 645 0268 C4       		.byte	-60
 646 0269 7E       		.byte	126
 647 026a CA       		.byte	-54
 648 026b 52       		.byte	82
 649 026c CC       		.byte	-52
 650 026d CE       		.byte	-50
 651 026e CE       		.byte	-50
 652 026f C6       		.byte	-58
 653 0270 D0       		.byte	-48
 654 0271 2F       		.byte	47
 655 0272 D2       		.byte	-46
 656 0273 04       		.byte	4
 657 0274 D6       		.byte	-42
 658 0275 7F       		.byte	127
 659 0276 D8       		.byte	-40
 660 0277 40       		.byte	64
 661 0278 E0       		.byte	-32
 662 0279 01       		.byte	1
 663 027a EA       		.byte	-22
 664 027b 05       		.byte	5
 665 027c 3E       		.byte	62
 666 027d 10       		.byte	16
 667 027e CE       		.byte	-50
 668 027f 20       		.byte	32
 669 0280 96       		.byte	-106
 670 0281 10       		.byte	16
 671 0282 81       		.byte	-127
 672 0283 01       		.byte	1
 673 0284 82       		.byte	-126
 674 0285 20       		.byte	32
 675 0286 96       		.byte	-106
 676 0287 10       		.byte	16
 677 0288 E2       		.byte	-30
 678 0289 20       		.byte	32
 679 028a E4       		.byte	-28
 680 028b 80       		.byte	-128
 681 028c 11       		.byte	17
 682 028d 02       		.byte	2
 683 028e 17       		.byte	23
 684 028f 04       		.byte	4
ARM GAS  C:\Users\arist\AppData\Local\Temp\ccGXbPol.s 			page 13


 685 0290 72       		.byte	114
 686 0291 20       		.byte	32
 687 0292 77       		.byte	119
 688 0293 10       		.byte	16
 689 0294 83       		.byte	-125
 690 0295 04       		.byte	4
 691 0296 9A       		.byte	-102
 692 0297 20       		.byte	32
 693 0298 9B       		.byte	-101
 694 0299 10       		.byte	16
 695 029a A5       		.byte	-91
 696 029b 01       		.byte	1
 697 029c AA       		.byte	-86
 698 029d 10       		.byte	16
 699 029e AB       		.byte	-85
 700 029f 10       		.byte	16
 701 02a0 C4       		.byte	-60
 702 02a1 30       		.byte	48
 703 02a2 DC       		.byte	-36
 704 02a3 80       		.byte	-128
 705 02a4 DE       		.byte	-34
 706 02a5 20       		.byte	32
 707 02a6 E0       		.byte	-32
 708 02a7 80       		.byte	-128
 709 02a8 EA       		.byte	-22
 710 02a9 A0       		.byte	-96
 711 02aa 10       		.byte	16
 712 02ab 80       		.byte	-128
 713 02ac 13       		.byte	19
 714 02ad 20       		.byte	32
 715 02ae 16       		.byte	22
 716 02af 20       		.byte	32
 717 02b0 7B       		.byte	123
 718 02b1 08       		.byte	8
 719 02b2 7D       		.byte	125
 720 02b3 20       		.byte	32
 721 02b4 80       		.byte	-128
 722 02b5 80       		.byte	-128
 723 02b6 83       		.byte	-125
 724 02b7 08       		.byte	8
 725 02b8 8C       		.byte	-116
 726 02b9 02       		.byte	2
 727 02ba C4       		.byte	-60
 728 02bb 0E       		.byte	14
 729 02bc DE       		.byte	-34
 730 02bd 03       		.byte	3
 731 02be E4       		.byte	-28
 732 02bf 02       		.byte	2
 733 02c0 10       		.byte	16
 734 02c1 40       		.byte	64
 735 02c2 74       		.byte	116
 736 02c3 02       		.byte	2
 737 02c4 81       		.byte	-127
 738 02c5 10       		.byte	16
 739 02c6 88       		.byte	-120
 740 02c7 40       		.byte	64
 741 02c8 A0       		.byte	-96
ARM GAS  C:\Users\arist\AppData\Local\Temp\ccGXbPol.s 			page 14


 742 02c9 02       		.byte	2
 743 02ca A5       		.byte	-91
 744 02cb 10       		.byte	16
 745 02cc AA       		.byte	-86
 746 02cd 20       		.byte	32
 747 02ce AB       		.byte	-85
 748 02cf 20       		.byte	32
 749 02d0 C4       		.byte	-60
 750 02d1 08       		.byte	8
 751 02d2 DE       		.byte	-34
 752 02d3 04       		.byte	4
 753 02d4 E2       		.byte	-30
 754 02d5 01       		.byte	1
 755 02d6 10       		.byte	16
 756 02d7 01       		.byte	1
 757 02d8 11       		.byte	17
 758 02d9 01       		.byte	1
 759 02da 12       		.byte	18
 760 02db 14       		.byte	20
 761 02dc 1C       		.byte	28
 762 02dd 01       		.byte	1
 763 02de 1D       		.byte	29
 764 02df 01       		.byte	1
 765 02e0 03       		.byte	3
 766 02e1 C0       		.byte	-64
 767 02e2 00       		.byte	0
 768 02e3 00       		.byte	0
 769 02e4 13       		.byte	19
 770 02e5 00       		.byte	0
 771 02e6 04       		.byte	4
 772 02e7 00       		.byte	0
 773 02e8 0A       		.byte	10
 774 02e9 13       		.byte	19
 775 02ea 14       		.byte	20
 776 02eb 00       		.byte	0
 777 02ec 20       		.byte	32
 778 02ed 13       		.byte	19
 779 02ee C0       		.byte	-64
 780 02ef 00       		.byte	0
 781 02f0 03       		.byte	3
 782 02f1 00       		.byte	0
 783 02f2 14       		.byte	20
 784 02f3 00       		.byte	0
 785 02f4 13       		.byte	19
 786 02f5 00       		.byte	0
 787 02f6 0C       		.byte	12
 788 02f7 00       		.byte	0
 789 02f8 80       		.byte	-128
 790 02f9 02       		.byte	2
 791 02fa 20       		.byte	32
 792 02fb 29       		.byte	41
 793 02fc 40       		.byte	64
 794 02fd 01       		.byte	1
 795 02fe 20       		.byte	32
 796 02ff 0A       		.byte	10
 797 0300 00       		.byte	0
 798 0301 10       		.byte	16
ARM GAS  C:\Users\arist\AppData\Local\Temp\ccGXbPol.s 			page 15


 799 0302 08       		.byte	8
 800 0303 00       		.byte	0
 801 0304 00       		.byte	0
 802 0305 00       		.byte	0
 803 0306 15       		.byte	21
 804 0307 00       		.byte	0
 805 0308 E0       		.byte	-32
 806 0309 00       		.byte	0
 807 030a 00       		.byte	0
 808 030b 04       		.byte	4
 809 030c E0       		.byte	-32
 810 030d 00       		.byte	0
 811 030e 00       		.byte	0
 812 030f 00       		.byte	0
 813 0310 00       		.byte	0
 814 0311 00       		.byte	0
 815 0312 00       		.byte	0
 816 0313 00       		.byte	0
 817 0314 0F       		.byte	15
 818 0315 20       		.byte	32
 819 0316 00       		.byte	0
 820 0317 10       		.byte	16
 821 0318 E0       		.byte	-32
 822 0319 03       		.byte	3
 823 031a 10       		.byte	16
 824 031b 0C       		.byte	12
 825 031c 00       		.byte	0
 826 031d 00       		.byte	0
 827 031e 02       		.byte	2
 828 031f 00       		.byte	0
 829 0320 00       		.byte	0
 830 0321 00       		.byte	0
 831 0322 40       		.byte	64
 832 0323 40       		.byte	64
 833 0324 43       		.byte	67
 834 0325 06       		.byte	6
 835 0326 02       		.byte	2
 836 0327 00       		.byte	0
 837 0328 01       		.byte	1
 838 0329 00       		.byte	0
 839 032a 0E       		.byte	14
 840 032b 0C       		.byte	12
 841 032c 14       		.byte	20
 842 032d FF       		.byte	-1
 843 032e FF       		.byte	-1
 844 032f FF       		.byte	-1
 845 0330 62       		.byte	98
 846 0331 A0       		.byte	-96
 847 0332 F0       		.byte	-16
 848 0333 41       		.byte	65
 849 0334 0C       		.byte	12
 850 0335 00       		.byte	0
 851 0336 00       		.byte	0
 852 0337 00       		.byte	0
 853 0338 01       		.byte	1
 854 0339 00       		.byte	0
 855 033a 00       		.byte	0
ARM GAS  C:\Users\arist\AppData\Local\Temp\ccGXbPol.s 			page 16


 856 033b 00       		.byte	0
 857 033c 04       		.byte	4
 858 033d 04       		.byte	4
 859 033e 04       		.byte	4
 860 033f 04       		.byte	4
 861 0340 00       		.byte	0
 862 0341 00       		.byte	0
 863 0342 00       		.byte	0
 864 0343 01       		.byte	1
 865 0344 00       		.byte	0
 866 0345 00       		.byte	0
 867 0346 00       		.byte	0
 868 0347 00       		.byte	0
 869 0348 00       		.byte	0
 870 0349 00       		.byte	0
 871 034a 40       		.byte	64
 872 034b 02       		.byte	2
 873 034c 00       		.byte	0
 874 034d 10       		.byte	16
 875 034e 30       		.byte	48
 876 034f 10       		.byte	16
 877 0350 00       		.byte	0
 878 0351 10       		.byte	16
 879 0352 10       		.byte	16
 880 0353 12       		.byte	18
 881 0354 00       		.byte	0
 882 0355 00       		.byte	0
 883 0356 00       		.byte	0
 884 0357 00       		.byte	0
 885 0358 00       		.byte	0
 886 0359 00       		.byte	0
 887 035a 00       		.byte	0
 888 035b 00       		.byte	0
 889 035c 00       		.byte	0
 890 035d 00       		.byte	0
 891 035e 00       		.byte	0
 892 035f 00       		.byte	0
 893 0360 00       		.byte	0
 894 0361 00       		.byte	0
 895 0362 00       		.byte	0
 896 0363 00       		.byte	0
 897 0364 9F       		.byte	-97
 898 0365 00       		.byte	0
 899 0366 40       		.byte	64
 900 0367 9C       		.byte	-100
 901 0368 83       		.byte	-125
 902 0369 00       		.byte	0
 903 036a 83       		.byte	-125
 904 036b 00       		.byte	0
 905 036c 00       		.byte	0
 906 036d 00       		.byte	0
 907 036e 00       		.byte	0
 908 036f 00       		.byte	0
 909 0370 00       		.byte	0
 910 0371 0B       		.byte	11
 911 0372 0B       		.byte	11
 912 0373 00       		.byte	0
ARM GAS  C:\Users\arist\AppData\Local\Temp\ccGXbPol.s 			page 17


 913 0374 00       		.byte	0
 914 0375 00       		.byte	0
 915 0376 00       		.byte	0
 916 0377 00       		.byte	0
 917              		.section	.cywolatch,"a",%progbits
 918              		.align	2
 919              		.type	cy_meta_wonvl, %object
 920              		.size	cy_meta_wonvl, 4
 921              	cy_meta_wonvl:
 922 0000 BC       		.byte	-68
 923 0001 90       		.byte	-112
 924 0002 AC       		.byte	-84
 925 0003 AF       		.byte	-81
 926              		.section	.cycustnvl,"a",%progbits
 927              		.align	2
 928              		.type	cy_meta_custnvl, %object
 929              		.size	cy_meta_custnvl, 4
 930              	cy_meta_custnvl:
 931 0000 00       		.byte	0
 932 0001 00       		.byte	0
 933 0002 40       		.byte	64
 934 0003 05       		.byte	5
 935              		.section	.cymeta,"a",%progbits
 936              		.align	2
 937              		.type	cy_metadata, %object
 938              		.size	cy_metadata, 12
 939              	cy_metadata:
 940 0000 00       		.byte	0
 941 0001 01       		.byte	1
 942 0002 2E       		.byte	46
 943 0003 16       		.byte	22
 944 0004 10       		.byte	16
 945 0005 69       		.byte	105
 946 0006 00       		.byte	0
 947 0007 01       		.byte	1
 948 0008 00       		.byte	0
 949 0009 00       		.byte	0
 950 000a 00       		.byte	0
 951 000b 00       		.byte	0
 952              		.section	.cyflashprotect,"a",%progbits
 953              		.align	2
 954              		.type	cy_meta_flashprotect, %object
 955              		.size	cy_meta_flashprotect, 256
 956              	cy_meta_flashprotect:
 957 0000 00000000 		.space	256
 957      00000000 
 957      00000000 
 957      00000000 
 957      00000000 
 958              		.text
 959              	.Letext0:
 960              		.file 1 "c:\\program files (x86)\\cypress\\psoc creator\\4.4\\psoc creator\\import\\gnu\\arm\\5.4.
 961              		.file 2 "c:\\program files (x86)\\cypress\\psoc creator\\4.4\\psoc creator\\import\\gnu\\arm\\5.4.
 962              		.file 3 "Generated_Source\\PSoC5\\cymetadata.c"
 963              		.section	.debug_info,"",%progbits
 964              	.Ldebug_info0:
 965 0000 31010000 		.4byte	0x131
ARM GAS  C:\Users\arist\AppData\Local\Temp\ccGXbPol.s 			page 18


 966 0004 0400     		.2byte	0x4
 967 0006 00000000 		.4byte	.Ldebug_abbrev0
 968 000a 04       		.byte	0x4
 969 000b 01       		.uleb128 0x1
 970 000c 75000000 		.4byte	.LASF17
 971 0010 0C       		.byte	0xc
 972 0011 CF010000 		.4byte	.LASF18
 973 0015 0A000000 		.4byte	.LASF19
 974 0019 00000000 		.4byte	.Ldebug_line0
 975 001d 02       		.uleb128 0x2
 976 001e 01       		.byte	0x1
 977 001f 06       		.byte	0x6
 978 0020 C3010000 		.4byte	.LASF0
 979 0024 03       		.uleb128 0x3
 980 0025 00000000 		.4byte	.LASF9
 981 0029 01       		.byte	0x1
 982 002a 1D       		.byte	0x1d
 983 002b 2F000000 		.4byte	0x2f
 984 002f 02       		.uleb128 0x2
 985 0030 01       		.byte	0x1
 986 0031 08       		.byte	0x8
 987 0032 67000000 		.4byte	.LASF1
 988 0036 02       		.uleb128 0x2
 989 0037 02       		.byte	0x2
 990 0038 05       		.byte	0x5
 991 0039 B0010000 		.4byte	.LASF2
 992 003d 02       		.uleb128 0x2
 993 003e 02       		.byte	0x2
 994 003f 07       		.byte	0x7
 995 0040 15010000 		.4byte	.LASF3
 996 0044 02       		.uleb128 0x2
 997 0045 04       		.byte	0x4
 998 0046 05       		.byte	0x5
 999 0047 BA010000 		.4byte	.LASF4
 1000 004b 02       		.uleb128 0x2
 1001 004c 04       		.byte	0x4
 1002 004d 07       		.byte	0x7
 1003 004e 03010000 		.4byte	.LASF5
 1004 0052 02       		.uleb128 0x2
 1005 0053 08       		.byte	0x8
 1006 0054 05       		.byte	0x5
 1007 0055 A2010000 		.4byte	.LASF6
 1008 0059 02       		.uleb128 0x2
 1009 005a 08       		.byte	0x8
 1010 005b 07       		.byte	0x7
 1011 005c 57010000 		.4byte	.LASF7
 1012 0060 04       		.uleb128 0x4
 1013 0061 04       		.byte	0x4
 1014 0062 05       		.byte	0x5
 1015 0063 696E7400 		.ascii	"int\000"
 1016 0067 02       		.uleb128 0x2
 1017 0068 04       		.byte	0x4
 1018 0069 07       		.byte	0x7
 1019 006a 4A010000 		.4byte	.LASF8
 1020 006e 03       		.uleb128 0x3
 1021 006f 6E010000 		.4byte	.LASF10
 1022 0073 02       		.byte	0x2
ARM GAS  C:\Users\arist\AppData\Local\Temp\ccGXbPol.s 			page 19


 1023 0074 18       		.byte	0x18
 1024 0075 24000000 		.4byte	0x24
 1025 0079 05       		.uleb128 0x5
 1026 007a 91000000 		.4byte	0x91
 1027 007e 8A000000 		.4byte	0x8a
 1028 0082 06       		.uleb128 0x6
 1029 0083 8A000000 		.4byte	0x8a
 1030 0087 7703     		.2byte	0x377
 1031 0089 00       		.byte	0
 1032 008a 02       		.uleb128 0x2
 1033 008b 04       		.byte	0x4
 1034 008c 07       		.byte	0x7
 1035 008d 99010000 		.4byte	.LASF11
 1036 0091 07       		.uleb128 0x7
 1037 0092 6E000000 		.4byte	0x6e
 1038 0096 08       		.uleb128 0x8
 1039 0097 38010000 		.4byte	.LASF12
 1040 009b 03       		.byte	0x3
 1041 009c 1F       		.byte	0x1f
 1042 009d A7000000 		.4byte	0xa7
 1043 00a1 05       		.uleb128 0x5
 1044 00a2 03       		.byte	0x3
 1045 00a3 00000000 		.4byte	cy_meta_configecc
 1046 00a7 07       		.uleb128 0x7
 1047 00a8 79000000 		.4byte	0x79
 1048 00ac 05       		.uleb128 0x5
 1049 00ad 91000000 		.4byte	0x91
 1050 00b1 BC000000 		.4byte	0xbc
 1051 00b5 09       		.uleb128 0x9
 1052 00b6 8A000000 		.4byte	0x8a
 1053 00ba 03       		.byte	0x3
 1054 00bb 00       		.byte	0
 1055 00bc 08       		.uleb128 0x8
 1056 00bd 28010000 		.4byte	.LASF13
 1057 00c1 03       		.byte	0x3
 1058 00c2 9B       		.byte	0x9b
 1059 00c3 CD000000 		.4byte	0xcd
 1060 00c7 05       		.uleb128 0x5
 1061 00c8 03       		.byte	0x3
 1062 00c9 00000000 		.4byte	cy_meta_custnvl
 1063 00cd 07       		.uleb128 0x7
 1064 00ce AC000000 		.4byte	0xac
 1065 00d2 08       		.uleb128 0x8
 1066 00d3 8B010000 		.4byte	.LASF14
 1067 00d7 03       		.byte	0x3
 1068 00d8 A9       		.byte	0xa9
 1069 00d9 E3000000 		.4byte	0xe3
 1070 00dd 05       		.uleb128 0x5
 1071 00de 03       		.byte	0x3
 1072 00df 00000000 		.4byte	cy_meta_wonvl
 1073 00e3 07       		.uleb128 0x7
 1074 00e4 AC000000 		.4byte	0xac
 1075 00e8 05       		.uleb128 0x5
 1076 00e9 91000000 		.4byte	0x91
 1077 00ed F8000000 		.4byte	0xf8
 1078 00f1 09       		.uleb128 0x9
 1079 00f2 8A000000 		.4byte	0x8a
ARM GAS  C:\Users\arist\AppData\Local\Temp\ccGXbPol.s 			page 20


 1080 00f6 FF       		.byte	0xff
 1081 00f7 00       		.byte	0
 1082 00f8 08       		.uleb128 0x8
 1083 00f9 76010000 		.4byte	.LASF15
 1084 00fd 03       		.byte	0x3
 1085 00fe B7       		.byte	0xb7
 1086 00ff 09010000 		.4byte	0x109
 1087 0103 05       		.uleb128 0x5
 1088 0104 03       		.byte	0x3
 1089 0105 00000000 		.4byte	cy_meta_flashprotect
 1090 0109 07       		.uleb128 0x7
 1091 010a E8000000 		.4byte	0xe8
 1092 010e 05       		.uleb128 0x5
 1093 010f 91000000 		.4byte	0x91
 1094 0113 1E010000 		.4byte	0x11e
 1095 0117 09       		.uleb128 0x9
 1096 0118 8A000000 		.4byte	0x8a
 1097 011c 0B       		.byte	0xb
 1098 011d 00       		.byte	0
 1099 011e 08       		.uleb128 0x8
 1100 011f 5B000000 		.4byte	.LASF16
 1101 0123 03       		.byte	0x3
 1102 0124 E4       		.byte	0xe4
 1103 0125 2F010000 		.4byte	0x12f
 1104 0129 05       		.uleb128 0x5
 1105 012a 03       		.byte	0x3
 1106 012b 00000000 		.4byte	cy_metadata
 1107 012f 07       		.uleb128 0x7
 1108 0130 0E010000 		.4byte	0x10e
 1109 0134 00       		.byte	0
 1110              		.section	.debug_abbrev,"",%progbits
 1111              	.Ldebug_abbrev0:
 1112 0000 01       		.uleb128 0x1
 1113 0001 11       		.uleb128 0x11
 1114 0002 01       		.byte	0x1
 1115 0003 25       		.uleb128 0x25
 1116 0004 0E       		.uleb128 0xe
 1117 0005 13       		.uleb128 0x13
 1118 0006 0B       		.uleb128 0xb
 1119 0007 03       		.uleb128 0x3
 1120 0008 0E       		.uleb128 0xe
 1121 0009 1B       		.uleb128 0x1b
 1122 000a 0E       		.uleb128 0xe
 1123 000b 10       		.uleb128 0x10
 1124 000c 17       		.uleb128 0x17
 1125 000d 00       		.byte	0
 1126 000e 00       		.byte	0
 1127 000f 02       		.uleb128 0x2
 1128 0010 24       		.uleb128 0x24
 1129 0011 00       		.byte	0
 1130 0012 0B       		.uleb128 0xb
 1131 0013 0B       		.uleb128 0xb
 1132 0014 3E       		.uleb128 0x3e
 1133 0015 0B       		.uleb128 0xb
 1134 0016 03       		.uleb128 0x3
 1135 0017 0E       		.uleb128 0xe
 1136 0018 00       		.byte	0
ARM GAS  C:\Users\arist\AppData\Local\Temp\ccGXbPol.s 			page 21


 1137 0019 00       		.byte	0
 1138 001a 03       		.uleb128 0x3
 1139 001b 16       		.uleb128 0x16
 1140 001c 00       		.byte	0
 1141 001d 03       		.uleb128 0x3
 1142 001e 0E       		.uleb128 0xe
 1143 001f 3A       		.uleb128 0x3a
 1144 0020 0B       		.uleb128 0xb
 1145 0021 3B       		.uleb128 0x3b
 1146 0022 0B       		.uleb128 0xb
 1147 0023 49       		.uleb128 0x49
 1148 0024 13       		.uleb128 0x13
 1149 0025 00       		.byte	0
 1150 0026 00       		.byte	0
 1151 0027 04       		.uleb128 0x4
 1152 0028 24       		.uleb128 0x24
 1153 0029 00       		.byte	0
 1154 002a 0B       		.uleb128 0xb
 1155 002b 0B       		.uleb128 0xb
 1156 002c 3E       		.uleb128 0x3e
 1157 002d 0B       		.uleb128 0xb
 1158 002e 03       		.uleb128 0x3
 1159 002f 08       		.uleb128 0x8
 1160 0030 00       		.byte	0
 1161 0031 00       		.byte	0
 1162 0032 05       		.uleb128 0x5
 1163 0033 01       		.uleb128 0x1
 1164 0034 01       		.byte	0x1
 1165 0035 49       		.uleb128 0x49
 1166 0036 13       		.uleb128 0x13
 1167 0037 01       		.uleb128 0x1
 1168 0038 13       		.uleb128 0x13
 1169 0039 00       		.byte	0
 1170 003a 00       		.byte	0
 1171 003b 06       		.uleb128 0x6
 1172 003c 21       		.uleb128 0x21
 1173 003d 00       		.byte	0
 1174 003e 49       		.uleb128 0x49
 1175 003f 13       		.uleb128 0x13
 1176 0040 2F       		.uleb128 0x2f
 1177 0041 05       		.uleb128 0x5
 1178 0042 00       		.byte	0
 1179 0043 00       		.byte	0
 1180 0044 07       		.uleb128 0x7
 1181 0045 26       		.uleb128 0x26
 1182 0046 00       		.byte	0
 1183 0047 49       		.uleb128 0x49
 1184 0048 13       		.uleb128 0x13
 1185 0049 00       		.byte	0
 1186 004a 00       		.byte	0
 1187 004b 08       		.uleb128 0x8
 1188 004c 34       		.uleb128 0x34
 1189 004d 00       		.byte	0
 1190 004e 03       		.uleb128 0x3
 1191 004f 0E       		.uleb128 0xe
 1192 0050 3A       		.uleb128 0x3a
 1193 0051 0B       		.uleb128 0xb
ARM GAS  C:\Users\arist\AppData\Local\Temp\ccGXbPol.s 			page 22


 1194 0052 3B       		.uleb128 0x3b
 1195 0053 0B       		.uleb128 0xb
 1196 0054 49       		.uleb128 0x49
 1197 0055 13       		.uleb128 0x13
 1198 0056 3F       		.uleb128 0x3f
 1199 0057 19       		.uleb128 0x19
 1200 0058 02       		.uleb128 0x2
 1201 0059 18       		.uleb128 0x18
 1202 005a 00       		.byte	0
 1203 005b 00       		.byte	0
 1204 005c 09       		.uleb128 0x9
 1205 005d 21       		.uleb128 0x21
 1206 005e 00       		.byte	0
 1207 005f 49       		.uleb128 0x49
 1208 0060 13       		.uleb128 0x13
 1209 0061 2F       		.uleb128 0x2f
 1210 0062 0B       		.uleb128 0xb
 1211 0063 00       		.byte	0
 1212 0064 00       		.byte	0
 1213 0065 00       		.byte	0
 1214              		.section	.debug_aranges,"",%progbits
 1215 0000 14000000 		.4byte	0x14
 1216 0004 0200     		.2byte	0x2
 1217 0006 00000000 		.4byte	.Ldebug_info0
 1218 000a 04       		.byte	0x4
 1219 000b 00       		.byte	0
 1220 000c 0000     		.2byte	0
 1221 000e 0000     		.2byte	0
 1222 0010 00000000 		.4byte	0
 1223 0014 00000000 		.4byte	0
 1224              		.section	.debug_line,"",%progbits
 1225              	.Ldebug_line0:
 1226 0000 3D010000 		.section	.debug_str,"MS",%progbits,1
 1226      02003701 
 1226      00000201 
 1226      FB0E0D00 
 1226      01010101 
 1227              	.LASF9:
 1228 0000 5F5F7569 		.ascii	"__uint8_t\000"
 1228      6E74385F 
 1228      7400
 1229              	.LASF19:
 1230 000a 453A5C43 		.ascii	"E:\\Condivisa\\ATTECH\\UTILITY Dep\\PCB-OVEN\\PCB-O"
 1230      6F6E6469 
 1230      76697361 
 1230      5C415454 
 1230      4543485C 
 1231 0038 56454E5C 		.ascii	"VEN\\PSOC\\PCB oven controller.cydsn\000"
 1231      50534F43 
 1231      5C504342 
 1231      206F7665 
 1231      6E20636F 
 1232              	.LASF16:
 1233 005b 63795F6D 		.ascii	"cy_metadata\000"
 1233      65746164 
 1233      61746100 
 1234              	.LASF1:
ARM GAS  C:\Users\arist\AppData\Local\Temp\ccGXbPol.s 			page 23


 1235 0067 756E7369 		.ascii	"unsigned char\000"
 1235      676E6564 
 1235      20636861 
 1235      7200
 1236              	.LASF17:
 1237 0075 474E5520 		.ascii	"GNU C11 5.4.1 20160609 (release) [ARM/embedded-5-br"
 1237      43313120 
 1237      352E342E 
 1237      31203230 
 1237      31363036 
 1238 00a8 616E6368 		.ascii	"anch revision 237715] -mcpu=cortex-m3 -mthumb -g -O"
 1238      20726576 
 1238      6973696F 
 1238      6E203233 
 1238      37373135 
 1239 00db 67202D66 		.ascii	"g -ffunction-sections -ffat-lto-objects\000"
 1239      66756E63 
 1239      74696F6E 
 1239      2D736563 
 1239      74696F6E 
 1240              	.LASF5:
 1241 0103 6C6F6E67 		.ascii	"long unsigned int\000"
 1241      20756E73 
 1241      69676E65 
 1241      6420696E 
 1241      7400
 1242              	.LASF3:
 1243 0115 73686F72 		.ascii	"short unsigned int\000"
 1243      7420756E 
 1243      7369676E 
 1243      65642069 
 1243      6E7400
 1244              	.LASF13:
 1245 0128 63795F6D 		.ascii	"cy_meta_custnvl\000"
 1245      6574615F 
 1245      63757374 
 1245      6E766C00 
 1246              	.LASF12:
 1247 0138 63795F6D 		.ascii	"cy_meta_configecc\000"
 1247      6574615F 
 1247      636F6E66 
 1247      69676563 
 1247      6300
 1248              	.LASF8:
 1249 014a 756E7369 		.ascii	"unsigned int\000"
 1249      676E6564 
 1249      20696E74 
 1249      00
 1250              	.LASF7:
 1251 0157 6C6F6E67 		.ascii	"long long unsigned int\000"
 1251      206C6F6E 
 1251      6720756E 
 1251      7369676E 
 1251      65642069 
 1252              	.LASF10:
 1253 016e 75696E74 		.ascii	"uint8_t\000"
 1253      385F7400 
ARM GAS  C:\Users\arist\AppData\Local\Temp\ccGXbPol.s 			page 24


 1254              	.LASF15:
 1255 0176 63795F6D 		.ascii	"cy_meta_flashprotect\000"
 1255      6574615F 
 1255      666C6173 
 1255      6870726F 
 1255      74656374 
 1256              	.LASF14:
 1257 018b 63795F6D 		.ascii	"cy_meta_wonvl\000"
 1257      6574615F 
 1257      776F6E76 
 1257      6C00
 1258              	.LASF11:
 1259 0199 73697A65 		.ascii	"sizetype\000"
 1259      74797065 
 1259      00
 1260              	.LASF6:
 1261 01a2 6C6F6E67 		.ascii	"long long int\000"
 1261      206C6F6E 
 1261      6720696E 
 1261      7400
 1262              	.LASF2:
 1263 01b0 73686F72 		.ascii	"short int\000"
 1263      7420696E 
 1263      7400
 1264              	.LASF4:
 1265 01ba 6C6F6E67 		.ascii	"long int\000"
 1265      20696E74 
 1265      00
 1266              	.LASF0:
 1267 01c3 7369676E 		.ascii	"signed char\000"
 1267      65642063 
 1267      68617200 
 1268              	.LASF18:
 1269 01cf 47656E65 		.ascii	"Generated_Source\\PSoC5\\cymetadata.c\000"
 1269      72617465 
 1269      645F536F 
 1269      75726365 
 1269      5C50536F 
 1270              		.ident	"GCC: (GNU Tools for ARM Embedded Processors) 5.4.1 20160609 (release) [ARM/embedded-5-bran
