ARM GAS  C:\Users\arist\AppData\Local\Temp\ccZJ6CET.s 			page 1


   1              		.syntax unified
   2              		.cpu cortex-m3
   3              		.fpu softvfp
   4              		.eabi_attribute 20, 1
   5              		.eabi_attribute 21, 1
   6              		.eabi_attribute 23, 3
   7              		.eabi_attribute 24, 1
   8              		.eabi_attribute 25, 1
   9              		.eabi_attribute 26, 1
  10              		.eabi_attribute 30, 1
  11              		.eabi_attribute 34, 1
  12              		.eabi_attribute 18, 4
  13              		.thumb
  14              		.syntax unified
  15              		.file	"psoc5_ssd1306_i2c.c"
  16              		.text
  17              	.Ltext0:
  18              		.cfi_sections	.debug_frame
  19              		.section	.text.write_buf,"ax",%progbits
  20              		.align	2
  21              		.thumb
  22              		.thumb_func
  23              		.type	write_buf, %function
  24              	write_buf:
  25              	.LFB2:
  26              		.file 1 "display\\driver\\psoc5_ssd1306_i2c.c"
   1:display\driver/psoc5_ssd1306_i2c.c **** /*
   2:display\driver/psoc5_ssd1306_i2c.c **** * Adjust write_buf() function according to your project names
   3:display\driver/psoc5_ssd1306_i2c.c **** * Kiriaus 15/7/22
   4:display\driver/psoc5_ssd1306_i2c.c **** */
   5:display\driver/psoc5_ssd1306_i2c.c **** 
   6:display\driver/psoc5_ssd1306_i2c.c **** #include "psoc5_ssd1306_i2c.h"
   7:display\driver/psoc5_ssd1306_i2c.c **** #include "project.h"
   8:display\driver/psoc5_ssd1306_i2c.c **** 
   9:display\driver/psoc5_ssd1306_i2c.c **** static uint8 _i2caddr; 
  10:display\driver/psoc5_ssd1306_i2c.c **** 
  11:display\driver/psoc5_ssd1306_i2c.c **** static uint32_t write_buf( uint8_t * buf, uint16_t size ); 
  12:display\driver/psoc5_ssd1306_i2c.c **** 
  13:display\driver/psoc5_ssd1306_i2c.c **** void init_display( uint8_t addr ){
  14:display\driver/psoc5_ssd1306_i2c.c ****    
  15:display\driver/psoc5_ssd1306_i2c.c ****     _i2caddr = addr;
  16:display\driver/psoc5_ssd1306_i2c.c ****     
  17:display\driver/psoc5_ssd1306_i2c.c ****     uint8_t cmdbuf[] = {
  18:display\driver/psoc5_ssd1306_i2c.c ****         0x00,
  19:display\driver/psoc5_ssd1306_i2c.c ****         SSD1306_DISPLAYOFF,
  20:display\driver/psoc5_ssd1306_i2c.c ****         SSD1306_SETDISPLAYCLOCKDIV,
  21:display\driver/psoc5_ssd1306_i2c.c ****         0x80,
  22:display\driver/psoc5_ssd1306_i2c.c ****         SSD1306_SETMULTIPLEX,
  23:display\driver/psoc5_ssd1306_i2c.c ****         0x3f,
  24:display\driver/psoc5_ssd1306_i2c.c ****         SSD1306_SETDISPLAYOFFSET,
  25:display\driver/psoc5_ssd1306_i2c.c ****         0x00,
  26:display\driver/psoc5_ssd1306_i2c.c ****         SSD1306_SETSTARTLINE | 0x0,
  27:display\driver/psoc5_ssd1306_i2c.c ****         SSD1306_CHARGEPUMP,
  28:display\driver/psoc5_ssd1306_i2c.c ****         0x14,
  29:display\driver/psoc5_ssd1306_i2c.c ****         SSD1306_MEMORYMODE,
  30:display\driver/psoc5_ssd1306_i2c.c ****         0x00,
  31:display\driver/psoc5_ssd1306_i2c.c ****         SSD1306_SEGREMAP | 0x01,
ARM GAS  C:\Users\arist\AppData\Local\Temp\ccZJ6CET.s 			page 2


  32:display\driver/psoc5_ssd1306_i2c.c ****         SSD1306_COMSCANDEC,
  33:display\driver/psoc5_ssd1306_i2c.c ****         SSD1306_SETCOMPINS,
  34:display\driver/psoc5_ssd1306_i2c.c ****         0x12,
  35:display\driver/psoc5_ssd1306_i2c.c ****         SSD1306_SETCONTRAST,
  36:display\driver/psoc5_ssd1306_i2c.c ****         0xcf,
  37:display\driver/psoc5_ssd1306_i2c.c ****         SSD1306_SETPRECHARGE,
  38:display\driver/psoc5_ssd1306_i2c.c ****         0xf1,
  39:display\driver/psoc5_ssd1306_i2c.c ****         SSD1306_SETVCOMDETECT,
  40:display\driver/psoc5_ssd1306_i2c.c ****         0x40,
  41:display\driver/psoc5_ssd1306_i2c.c ****         SSD1306_DISPLAYALLON_RESUME,
  42:display\driver/psoc5_ssd1306_i2c.c ****         SSD1306_NORMALDISPLAY,
  43:display\driver/psoc5_ssd1306_i2c.c ****         SSD1306_DISPLAYON
  44:display\driver/psoc5_ssd1306_i2c.c ****     };
  45:display\driver/psoc5_ssd1306_i2c.c ****     
  46:display\driver/psoc5_ssd1306_i2c.c ****     write_buf( cmdbuf, sizeof(cmdbuf) ); 
  47:display\driver/psoc5_ssd1306_i2c.c **** }
  48:display\driver/psoc5_ssd1306_i2c.c **** 
  49:display\driver/psoc5_ssd1306_i2c.c **** void update_display(video_buffer *buf){
  50:display\driver/psoc5_ssd1306_i2c.c ****     
  51:display\driver/psoc5_ssd1306_i2c.c ****     uint8_t bit = 0;  
  52:display\driver/psoc5_ssd1306_i2c.c ****     uint8_t new_col = 0;
  53:display\driver/psoc5_ssd1306_i2c.c **** 
  54:display\driver/psoc5_ssd1306_i2c.c ****     uint8_t SSD1306_buffer[buf->byte_buffer_cnt + 1];
  55:display\driver/psoc5_ssd1306_i2c.c ****     
  56:display\driver/psoc5_ssd1306_i2c.c ****     uint8 cmdbuf[] = {
  57:display\driver/psoc5_ssd1306_i2c.c ****         0x00,
  58:display\driver/psoc5_ssd1306_i2c.c ****         SSD1306_COLUMNADDR,
  59:display\driver/psoc5_ssd1306_i2c.c ****         0,                      // start
  60:display\driver/psoc5_ssd1306_i2c.c ****         buf->size_x - 1, // end
  61:display\driver/psoc5_ssd1306_i2c.c ****         SSD1306_PAGEADDR,
  62:display\driver/psoc5_ssd1306_i2c.c ****         0,                      // start
  63:display\driver/psoc5_ssd1306_i2c.c ****         buf->size_y/8 - 1                       // end
  64:display\driver/psoc5_ssd1306_i2c.c ****     };
  65:display\driver/psoc5_ssd1306_i2c.c **** 
  66:display\driver/psoc5_ssd1306_i2c.c ****     write_buf( cmdbuf, sizeof(cmdbuf) ); 
  67:display\driver/psoc5_ssd1306_i2c.c **** 
  68:display\driver/psoc5_ssd1306_i2c.c ****     SSD1306_buffer[0] = 0x40;
  69:display\driver/psoc5_ssd1306_i2c.c ****     
  70:display\driver/psoc5_ssd1306_i2c.c ****     int p = 1;
  71:display\driver/psoc5_ssd1306_i2c.c ****         
  72:display\driver/psoc5_ssd1306_i2c.c ****     //madness to adapt from vid_buffer structure to display structure;
  73:display\driver/psoc5_ssd1306_i2c.c ****     for(uint16_t page = 0; page<8; page++){
  74:display\driver/psoc5_ssd1306_i2c.c ****         
  75:display\driver/psoc5_ssd1306_i2c.c ****         for(uint8_t k = 0; k < 16; k++){    
  76:display\driver/psoc5_ssd1306_i2c.c ****             for(uint8_t i = 0; i < 8; i++){ 
  77:display\driver/psoc5_ssd1306_i2c.c ****                 for (uint8_t j = 0; j < 8; j++) {
  78:display\driver/psoc5_ssd1306_i2c.c ****                     bit = (buf->vid_buf[(128*page)+(k + (j*buf->byte_col_cnt))] & (0b10000000 >> i)
  79:display\driver/psoc5_ssd1306_i2c.c ****                     new_col |= bit >> (8-j-1) ;
  80:display\driver/psoc5_ssd1306_i2c.c ****                     bit = 0;
  81:display\driver/psoc5_ssd1306_i2c.c ****                 } 
  82:display\driver/psoc5_ssd1306_i2c.c ****             SSD1306_buffer[p++] = new_col;
  83:display\driver/psoc5_ssd1306_i2c.c ****             new_col = 0;
  84:display\driver/psoc5_ssd1306_i2c.c ****             } 
  85:display\driver/psoc5_ssd1306_i2c.c ****         }
  86:display\driver/psoc5_ssd1306_i2c.c ****     }    
  87:display\driver/psoc5_ssd1306_i2c.c ****     
  88:display\driver/psoc5_ssd1306_i2c.c ****     write_buf( SSD1306_buffer, sizeof(SSD1306_buffer) );
ARM GAS  C:\Users\arist\AppData\Local\Temp\ccZJ6CET.s 			page 3


  89:display\driver/psoc5_ssd1306_i2c.c **** 
  90:display\driver/psoc5_ssd1306_i2c.c **** }
  91:display\driver/psoc5_ssd1306_i2c.c **** 
  92:display\driver/psoc5_ssd1306_i2c.c **** // for submitting command sequences:
  93:display\driver/psoc5_ssd1306_i2c.c **** //  buf[0] must be 0x00
  94:display\driver/psoc5_ssd1306_i2c.c **** // for submitting bulk data (writing to display RAM):
  95:display\driver/psoc5_ssd1306_i2c.c **** //  buf[0] must be 0x40
  96:display\driver/psoc5_ssd1306_i2c.c **** static uint32_t write_buf( uint8_t * buf, uint16_t size ){
  27              		.loc 1 96 0
  28              		.cfi_startproc
  29              		@ args = 0, pretend = 0, frame = 0
  30              		@ frame_needed = 0, uses_anonymous_args = 0
  31              	.LVL0:
  32 0000 F8B5     		push	{r3, r4, r5, r6, r7, lr}
  33              		.cfi_def_cfa_offset 24
  34              		.cfi_offset 3, -24
  35              		.cfi_offset 4, -20
  36              		.cfi_offset 5, -16
  37              		.cfi_offset 6, -12
  38              		.cfi_offset 7, -8
  39              		.cfi_offset 14, -4
  40 0002 0746     		mov	r7, r0
  41 0004 0E46     		mov	r6, r1
  42              	.LVL1:
  97:display\driver/psoc5_ssd1306_i2c.c **** 
  98:display\driver/psoc5_ssd1306_i2c.c ****     uint32_t status = TRANSFER_ERROR;
  99:display\driver/psoc5_ssd1306_i2c.c ****     oled_MasterSendStart(_i2caddr,oled_WRITE_XFER_MODE);
  43              		.loc 1 99 0
  44 0006 0021     		movs	r1, #0
  45              	.LVL2:
  46 0008 084B     		ldr	r3, .L5
  47 000a 1878     		ldrb	r0, [r3]	@ zero_extendqisi2
  48              	.LVL3:
  49 000c FFF7FEFF 		bl	oled_MasterSendStart
  50              	.LVL4:
  51              	.LBB2:
 100:display\driver/psoc5_ssd1306_i2c.c ****     
 101:display\driver/psoc5_ssd1306_i2c.c ****     for(int i=0; i<size; i++){  
  52              		.loc 1 101 0
  53 0010 0024     		movs	r4, #0
  54              	.LBE2:
  98:display\driver/psoc5_ssd1306_i2c.c ****     oled_MasterSendStart(_i2caddr,oled_WRITE_XFER_MODE);
  55              		.loc 1 98 0
  56 0012 FF25     		movs	r5, #255
  57              	.LBB3:
  58              		.loc 1 101 0
  59 0014 04E0     		b	.L2
  60              	.LVL5:
  61              	.L3:
 102:display\driver/psoc5_ssd1306_i2c.c ****         status=oled_MasterWriteByte(buf[i]);
  62              		.loc 1 102 0 discriminator 3
  63 0016 385D     		ldrb	r0, [r7, r4]	@ zero_extendqisi2
  64 0018 FFF7FEFF 		bl	oled_MasterWriteByte
  65              	.LVL6:
  66 001c 0546     		mov	r5, r0
  67              	.LVL7:
 101:display\driver/psoc5_ssd1306_i2c.c ****         status=oled_MasterWriteByte(buf[i]);
ARM GAS  C:\Users\arist\AppData\Local\Temp\ccZJ6CET.s 			page 4


  68              		.loc 1 101 0 discriminator 3
  69 001e 0134     		adds	r4, r4, #1
  70              	.LVL8:
  71              	.L2:
 101:display\driver/psoc5_ssd1306_i2c.c ****         status=oled_MasterWriteByte(buf[i]);
  72              		.loc 1 101 0 is_stmt 0 discriminator 1
  73 0020 B442     		cmp	r4, r6
  74 0022 F8DB     		blt	.L3
  75              	.LBE3:
 103:display\driver/psoc5_ssd1306_i2c.c ****     }
 104:display\driver/psoc5_ssd1306_i2c.c ****     oled_MasterSendStop();
  76              		.loc 1 104 0 is_stmt 1
  77 0024 FFF7FEFF 		bl	oled_MasterSendStop
  78              	.LVL9:
 105:display\driver/psoc5_ssd1306_i2c.c ****     return status;
 106:display\driver/psoc5_ssd1306_i2c.c **** }...
  79              		.loc 1 106 0
  80 0028 2846     		mov	r0, r5
  81 002a F8BD     		pop	{r3, r4, r5, r6, r7, pc}
  82              	.LVL10:
  83              	.L6:
  84              		.align	2
  85              	.L5:
  86 002c 00000000 		.word	.LANCHOR0
  87              		.cfi_endproc
  88              	.LFE2:
  89              		.size	write_buf, .-write_buf
  90              		.section	.text.init_display,"ax",%progbits
  91              		.align	2
  92              		.global	init_display
  93              		.thumb
  94              		.thumb_func
  95              		.type	init_display, %function
  96              	init_display:
  97              	.LFB0:
  13:display\driver/psoc5_ssd1306_i2c.c **** void init_display( uint8_t addr ){
  98              		.loc 1 13 0
  99              		.cfi_startproc
 100              		@ args = 0, pretend = 0, frame = 32
 101              		@ frame_needed = 0, uses_anonymous_args = 0
 102              	.LVL11:
 103 0000 30B5     		push	{r4, r5, lr}
 104              		.cfi_def_cfa_offset 12
 105              		.cfi_offset 4, -12
 106              		.cfi_offset 5, -8
 107              		.cfi_offset 14, -4
 108 0002 89B0     		sub	sp, sp, #36
 109              		.cfi_def_cfa_offset 48
  15:display\driver/psoc5_ssd1306_i2c.c ****     _i2caddr = addr;
 110              		.loc 1 15 0
 111 0004 094B     		ldr	r3, .L9
 112 0006 1870     		strb	r0, [r3]
  17:display\driver/psoc5_ssd1306_i2c.c ****     uint8_t cmdbuf[] = {
 113              		.loc 1 17 0
 114 0008 094D     		ldr	r5, .L9+4
 115 000a 01AC     		add	r4, sp, #4
 116 000c 2868     		ldr	r0, [r5]	@ unaligned
ARM GAS  C:\Users\arist\AppData\Local\Temp\ccZJ6CET.s 			page 5


 117              	.LVL12:
 118 000e 6968     		ldr	r1, [r5, #4]	@ unaligned
 119 0010 AA68     		ldr	r2, [r5, #8]	@ unaligned
 120 0012 EB68     		ldr	r3, [r5, #12]	@ unaligned
 121 0014 0FC4     		stmia	r4!, {r0, r1, r2, r3}
 122 0016 2869     		ldr	r0, [r5, #16]	@ unaligned
 123 0018 6969     		ldr	r1, [r5, #20]	@ unaligned
 124 001a 03C4     		stmia	r4!, {r0, r1}
 125 001c 2B8B     		ldrh	r3, [r5, #24]	@ unaligned
 126 001e 2380     		strh	r3, [r4]	@ unaligned
  46:display\driver/psoc5_ssd1306_i2c.c ****     write_buf( cmdbuf, sizeof(cmdbuf) ); 
 127              		.loc 1 46 0
 128 0020 1A21     		movs	r1, #26
 129 0022 01A8     		add	r0, sp, #4
 130 0024 FFF7FEFF 		bl	write_buf
 131              	.LVL13:
  47:display\driver/psoc5_ssd1306_i2c.c **** }
 132              		.loc 1 47 0
 133 0028 09B0     		add	sp, sp, #36
 134              		.cfi_def_cfa_offset 12
 135              		@ sp needed
 136 002a 30BD     		pop	{r4, r5, pc}
 137              	.L10:
 138              		.align	2
 139              	.L9:
 140 002c 00000000 		.word	.LANCHOR0
 141 0030 00000000 		.word	.LANCHOR1
 142              		.cfi_endproc
 143              	.LFE0:
 144              		.size	init_display, .-init_display
 145              		.section	.text.update_display,"ax",%progbits
 146              		.align	2
 147              		.global	update_display
 148              		.thumb
 149              		.thumb_func
 150              		.type	update_display, %function
 151              	update_display:
 152              	.LFB1:
  49:display\driver/psoc5_ssd1306_i2c.c **** void update_display(video_buffer *buf){
 153              		.loc 1 49 0
 154              		.cfi_startproc
 155              		@ args = 0, pretend = 0, frame = 8
 156              		@ frame_needed = 1, uses_anonymous_args = 0
 157              	.LVL14:
 158 0000 2DE9F043 		push	{r4, r5, r6, r7, r8, r9, lr}
 159              		.cfi_def_cfa_offset 28
 160              		.cfi_offset 4, -28
 161              		.cfi_offset 5, -24
 162              		.cfi_offset 6, -20
 163              		.cfi_offset 7, -16
 164              		.cfi_offset 8, -12
 165              		.cfi_offset 9, -8
 166              		.cfi_offset 14, -4
 167 0004 83B0     		sub	sp, sp, #12
 168              		.cfi_def_cfa_offset 40
 169 0006 00AF     		add	r7, sp, #0
 170              		.cfi_def_cfa_register 7
ARM GAS  C:\Users\arist\AppData\Local\Temp\ccZJ6CET.s 			page 6


 171 0008 0446     		mov	r4, r0
 172              	.LVL15:
  54:display\driver/psoc5_ssd1306_i2c.c ****     uint8_t SSD1306_buffer[buf->byte_buffer_cnt + 1];
 173              		.loc 1 54 0
 174 000a 4389     		ldrh	r3, [r0, #10]
 175 000c 5E1C     		adds	r6, r3, #1
 176              	.LVL16:
 177 000e 0833     		adds	r3, r3, #8
 178              	.LVL17:
 179 0010 23F00703 		bic	r3, r3, #7
 180              	.LVL18:
 181 0014 ADEB030D 		sub	sp, sp, r3
 182 0018 6D46     		mov	r5, sp
 183              	.LVL19:
  56:display\driver/psoc5_ssd1306_i2c.c ****     uint8 cmdbuf[] = {
 184              		.loc 1 56 0
 185 001a 4FF00008 		mov	r8, #0
 186 001e 87F80080 		strb	r8, [r7]
 187 0022 2123     		movs	r3, #33
 188 0024 7B70     		strb	r3, [r7, #1]
 189 0026 87F80280 		strb	r8, [r7, #2]
  60:display\driver/psoc5_ssd1306_i2c.c ****         buf->size_x - 1, // end
 190              		.loc 1 60 0
 191 002a 0378     		ldrb	r3, [r0]	@ zero_extendqisi2
  56:display\driver/psoc5_ssd1306_i2c.c ****     uint8 cmdbuf[] = {
 192              		.loc 1 56 0
 193 002c 013B     		subs	r3, r3, #1
 194 002e FB70     		strb	r3, [r7, #3]
 195 0030 2223     		movs	r3, #34
 196 0032 3B71     		strb	r3, [r7, #4]
 197 0034 87F80580 		strb	r8, [r7, #5]
  63:display\driver/psoc5_ssd1306_i2c.c ****         buf->size_y/8 - 1                       // end
 198              		.loc 1 63 0
 199 0038 4378     		ldrb	r3, [r0, #1]	@ zero_extendqisi2
  56:display\driver/psoc5_ssd1306_i2c.c ****     uint8 cmdbuf[] = {
 200              		.loc 1 56 0
 201 003a DB08     		lsrs	r3, r3, #3
 202 003c 013B     		subs	r3, r3, #1
 203 003e BB71     		strb	r3, [r7, #6]
  66:display\driver/psoc5_ssd1306_i2c.c ****     write_buf( cmdbuf, sizeof(cmdbuf) ); 
 204              		.loc 1 66 0
 205 0040 0721     		movs	r1, #7
 206 0042 3846     		mov	r0, r7
 207              	.LVL20:
 208 0044 FFF7FEFF 		bl	write_buf
 209              	.LVL21:
  68:display\driver/psoc5_ssd1306_i2c.c ****     SSD1306_buffer[0] = 0x40;
 210              		.loc 1 68 0
 211 0048 4023     		movs	r3, #64
 212 004a 8DF80030 		strb	r3, [sp]
 213              	.LVL22:
 214              	.LBB4:
  73:display\driver/psoc5_ssd1306_i2c.c ****     for(uint16_t page = 0; page<8; page++){
 215              		.loc 1 73 0
 216 004e C446     		mov	ip, r8
 217              	.LBE4:
  70:display\driver/psoc5_ssd1306_i2c.c ****     int p = 1;
ARM GAS  C:\Users\arist\AppData\Local\Temp\ccZJ6CET.s 			page 7


 218              		.loc 1 70 0
 219 0050 4FF00108 		mov	r8, #1
 220              	.LBB11:
  73:display\driver/psoc5_ssd1306_i2c.c ****     for(uint16_t page = 0; page<8; page++){
 221              		.loc 1 73 0
 222 0054 33E0     		b	.L12
 223              	.LVL23:
 224              	.L13:
 225              	.LBB5:
 226              	.LBB6:
 227              	.LBB7:
  78:display\driver/psoc5_ssd1306_i2c.c ****                     bit = (buf->vid_buf[(128*page)+(k + (j*buf->byte_col_cnt))] & (0b10000000 >> i)
 228              		.loc 1 78 0 discriminator 3
 229 0056 6268     		ldr	r2, [r4, #4]
 230 0058 94F80890 		ldrb	r9, [r4, #8]	@ zero_extendqisi2
 231 005c 01FB09E9 		mla	r9, r1, r9, lr
 232 0060 09EBCC19 		add	r9, r9, ip, lsl #7
 233 0064 12F80990 		ldrb	r9, [r2, r9]	@ zero_extendqisi2
 234 0068 8022     		movs	r2, #128
 235 006a 0241     		asrs	r2, r2, r0
 236 006c 09EA0202 		and	r2, r9, r2
 237 0070 8240     		lsls	r2, r2, r0
 238              	.LVL24:
  79:display\driver/psoc5_ssd1306_i2c.c ****                     new_col |= bit >> (8-j-1) ;
 239              		.loc 1 79 0 discriminator 3
 240 0072 C1F10709 		rsb	r9, r1, #7
 241 0076 D2B2     		uxtb	r2, r2
 242 0078 42FA09F2 		asr	r2, r2, r9
 243              	.LVL25:
 244 007c 1343     		orrs	r3, r3, r2
 245              	.LVL26:
 246 007e DBB2     		uxtb	r3, r3
 247              	.LVL27:
  77:display\driver/psoc5_ssd1306_i2c.c ****                 for (uint8_t j = 0; j < 8; j++) {
 248              		.loc 1 77 0 discriminator 3
 249 0080 0131     		adds	r1, r1, #1
 250              	.LVL28:
 251 0082 C9B2     		uxtb	r1, r1
 252              	.LVL29:
 253 0084 01E0     		b	.L14
 254              	.LVL30:
 255              	.L17:
 256              	.LBE7:
 257 0086 0021     		movs	r1, #0
 258 0088 0B46     		mov	r3, r1
 259              	.LVL31:
 260              	.L14:
 261              	.LBB8:
  77:display\driver/psoc5_ssd1306_i2c.c ****                 for (uint8_t j = 0; j < 8; j++) {
 262              		.loc 1 77 0 is_stmt 0 discriminator 1
 263 008a 0729     		cmp	r1, #7
 264 008c E3D9     		bls	.L13
 265              	.LVL32:
 266              	.LBE8:
  82:display\driver/psoc5_ssd1306_i2c.c ****             SSD1306_buffer[p++] = new_col;
 267              		.loc 1 82 0 is_stmt 1 discriminator 2
 268 008e 05F80830 		strb	r3, [r5, r8]
ARM GAS  C:\Users\arist\AppData\Local\Temp\ccZJ6CET.s 			page 8


 269              	.LVL33:
  76:display\driver/psoc5_ssd1306_i2c.c ****             for(uint8_t i = 0; i < 8; i++){ 
 270              		.loc 1 76 0 discriminator 2
 271 0092 0130     		adds	r0, r0, #1
 272              	.LVL34:
 273 0094 C0B2     		uxtb	r0, r0
 274              	.LVL35:
  82:display\driver/psoc5_ssd1306_i2c.c ****             SSD1306_buffer[p++] = new_col;
 275              		.loc 1 82 0 discriminator 2
 276 0096 08F10108 		add	r8, r8, #1
 277              	.LVL36:
 278 009a 00E0     		b	.L15
 279              	.LVL37:
 280              	.L18:
 281              	.LBE6:
 282 009c 0020     		movs	r0, #0
 283              	.L15:
 284              	.LVL38:
 285              	.LBB9:
  76:display\driver/psoc5_ssd1306_i2c.c ****             for(uint8_t i = 0; i < 8; i++){ 
 286              		.loc 1 76 0 discriminator 1
 287 009e 0728     		cmp	r0, #7
 288 00a0 F1D9     		bls	.L17
 289              	.LBE9:
  75:display\driver/psoc5_ssd1306_i2c.c ****         for(uint8_t k = 0; k < 16; k++){    
 290              		.loc 1 75 0 discriminator 2
 291 00a2 0EF1010E 		add	lr, lr, #1
 292              	.LVL39:
 293 00a6 5FFA8EFE 		uxtb	lr, lr
 294              	.LVL40:
 295 00aa 01E0     		b	.L16
 296              	.LVL41:
 297              	.L19:
 298              	.LBE5:
 299 00ac 4FF0000E 		mov	lr, #0
 300              	.L16:
 301              	.LVL42:
 302              	.LBB10:
  75:display\driver/psoc5_ssd1306_i2c.c ****         for(uint8_t k = 0; k < 16; k++){    
 303              		.loc 1 75 0 is_stmt 0 discriminator 1
 304 00b0 BEF10F0F 		cmp	lr, #15
 305 00b4 F2D9     		bls	.L18
 306              	.LBE10:
  73:display\driver/psoc5_ssd1306_i2c.c ****     for(uint16_t page = 0; page<8; page++){
 307              		.loc 1 73 0 is_stmt 1 discriminator 2
 308 00b6 0CF1010C 		add	ip, ip, #1
 309              	.LVL43:
 310 00ba 1FFA8CFC 		uxth	ip, ip
 311              	.LVL44:
 312              	.L12:
  73:display\driver/psoc5_ssd1306_i2c.c ****     for(uint16_t page = 0; page<8; page++){
 313              		.loc 1 73 0 is_stmt 0 discriminator 1
 314 00be BCF1070F 		cmp	ip, #7
 315 00c2 F3D9     		bls	.L19
 316              	.LBE11:
  88:display\driver/psoc5_ssd1306_i2c.c ****     write_buf( SSD1306_buffer, sizeof(SSD1306_buffer) );
 317              		.loc 1 88 0 is_stmt 1
ARM GAS  C:\Users\arist\AppData\Local\Temp\ccZJ6CET.s 			page 9


 318 00c4 B1B2     		uxth	r1, r6
 319 00c6 2846     		mov	r0, r5
 320 00c8 FFF7FEFF 		bl	write_buf
 321              	.LVL45:
  90:display\driver/psoc5_ssd1306_i2c.c **** }
 322              		.loc 1 90 0
 323 00cc 0C37     		adds	r7, r7, #12
 324              		.cfi_def_cfa_offset 28
 325 00ce BD46     		mov	sp, r7
 326              		.cfi_def_cfa_register 13
 327              		@ sp needed
 328 00d0 BDE8F083 		pop	{r4, r5, r6, r7, r8, r9, pc}
 329              		.cfi_endproc
 330              	.LFE1:
 331              		.size	update_display, .-update_display
 332              		.section	.rodata
 333              		.align	2
 334              		.set	.LANCHOR1,. + 0
 335              	.LC0:
 336 0000 00       		.byte	0
 337 0001 AE       		.byte	-82
 338 0002 D5       		.byte	-43
 339 0003 80       		.byte	-128
 340 0004 A8       		.byte	-88
 341 0005 3F       		.byte	63
 342 0006 D3       		.byte	-45
 343 0007 00       		.byte	0
 344 0008 40       		.byte	64
 345 0009 8D       		.byte	-115
 346 000a 14       		.byte	20
 347 000b 20       		.byte	32
 348 000c 00       		.byte	0
 349 000d A1       		.byte	-95
 350 000e C8       		.byte	-56
 351 000f DA       		.byte	-38
 352 0010 12       		.byte	18
 353 0011 81       		.byte	-127
 354 0012 CF       		.byte	-49
 355 0013 D9       		.byte	-39
 356 0014 F1       		.byte	-15
 357 0015 DB       		.byte	-37
 358 0016 40       		.byte	64
 359 0017 A4       		.byte	-92
 360 0018 A6       		.byte	-90
 361 0019 AF       		.byte	-81
 362              		.bss
 363              		.set	.LANCHOR0,. + 0
 364              		.type	_i2caddr, %object
 365              		.size	_i2caddr, 1
 366              	_i2caddr:
 367 0000 00       		.space	1
 368              		.text
 369              	.Letext0:
 370              		.file 2 "c:\\program files (x86)\\cypress\\psoc creator\\4.4\\psoc creator\\import\\gnu\\arm\\5.4.
 371              		.file 3 "c:\\program files (x86)\\cypress\\psoc creator\\4.4\\psoc creator\\import\\gnu\\arm\\5.4.
 372              		.file 4 "c:\\users\\arist\\desktop\\geva\\geva.h"
 373              		.file 5 "Generated_Source\\PSoC5/cytypes.h"
ARM GAS  C:\Users\arist\AppData\Local\Temp\ccZJ6CET.s 			page 10


 374              		.file 6 "Generated_Source\\PSoC5/oled.h"
 375              		.section	.debug_info,"",%progbits
 376              	.Ldebug_info0:
 377 0000 10040000 		.4byte	0x410
 378 0004 0400     		.2byte	0x4
 379 0006 00000000 		.4byte	.Ldebug_abbrev0
 380 000a 04       		.byte	0x4
 381 000b 01       		.uleb128 0x1
 382 000c 9C020000 		.4byte	.LASF53
 383 0010 0C       		.byte	0xc
 384 0011 46020000 		.4byte	.LASF54
 385 0015 EA000000 		.4byte	.LASF55
 386 0019 78000000 		.4byte	.Ldebug_ranges0+0x78
 387 001d 00000000 		.4byte	0
 388 0021 00000000 		.4byte	.Ldebug_line0
 389 0025 02       		.uleb128 0x2
 390 0026 D3000000 		.4byte	.LASF0
 391 002a 02       		.byte	0x2
 392 002b 1B       		.byte	0x1b
 393 002c 30000000 		.4byte	0x30
 394 0030 03       		.uleb128 0x3
 395 0031 01       		.byte	0x1
 396 0032 06       		.byte	0x6
 397 0033 53010000 		.4byte	.LASF2
 398 0037 02       		.uleb128 0x2
 399 0038 C9000000 		.4byte	.LASF1
 400 003c 02       		.byte	0x2
 401 003d 1D       		.byte	0x1d
 402 003e 42000000 		.4byte	0x42
 403 0042 03       		.uleb128 0x3
 404 0043 01       		.byte	0x1
 405 0044 08       		.byte	0x8
 406 0045 DC000000 		.4byte	.LASF3
 407 0049 03       		.uleb128 0x3
 408 004a 02       		.byte	0x2
 409 004b 05       		.byte	0x5
 410 004c 22000000 		.4byte	.LASF4
 411 0050 02       		.uleb128 0x2
 412 0051 5F000000 		.4byte	.LASF5
 413 0055 02       		.byte	0x2
 414 0056 2B       		.byte	0x2b
 415 0057 5B000000 		.4byte	0x5b
 416 005b 03       		.uleb128 0x3
 417 005c 02       		.byte	0x2
 418 005d 07       		.byte	0x7
 419 005e C6010000 		.4byte	.LASF6
 420 0062 03       		.uleb128 0x3
 421 0063 04       		.byte	0x4
 422 0064 05       		.byte	0x5
 423 0065 A6000000 		.4byte	.LASF7
 424 0069 02       		.uleb128 0x2
 425 006a 4F000000 		.4byte	.LASF8
 426 006e 02       		.byte	0x2
 427 006f 41       		.byte	0x41
 428 0070 74000000 		.4byte	0x74
 429 0074 03       		.uleb128 0x3
 430 0075 04       		.byte	0x4
ARM GAS  C:\Users\arist\AppData\Local\Temp\ccZJ6CET.s 			page 11


 431 0076 07       		.byte	0x7
 432 0077 2D020000 		.4byte	.LASF9
 433 007b 03       		.uleb128 0x3
 434 007c 08       		.byte	0x8
 435 007d 05       		.byte	0x5
 436 007e 7E000000 		.4byte	.LASF10
 437 0082 03       		.uleb128 0x3
 438 0083 08       		.byte	0x8
 439 0084 07       		.byte	0x7
 440 0085 5F010000 		.4byte	.LASF11
 441 0089 04       		.uleb128 0x4
 442 008a 04       		.byte	0x4
 443 008b 05       		.byte	0x5
 444 008c 696E7400 		.ascii	"int\000"
 445 0090 03       		.uleb128 0x3
 446 0091 04       		.byte	0x4
 447 0092 07       		.byte	0x7
 448 0093 7F010000 		.4byte	.LASF12
 449 0097 02       		.uleb128 0x2
 450 0098 1B000000 		.4byte	.LASF13
 451 009c 03       		.byte	0x3
 452 009d 14       		.byte	0x14
 453 009e 25000000 		.4byte	0x25
 454 00a2 02       		.uleb128 0x2
 455 00a3 6A000000 		.4byte	.LASF14
 456 00a7 03       		.byte	0x3
 457 00a8 18       		.byte	0x18
 458 00a9 37000000 		.4byte	0x37
 459 00ad 02       		.uleb128 0x2
 460 00ae 8C010000 		.4byte	.LASF15
 461 00b2 03       		.byte	0x3
 462 00b3 24       		.byte	0x24
 463 00b4 50000000 		.4byte	0x50
 464 00b8 02       		.uleb128 0x2
 465 00b9 76010000 		.4byte	.LASF16
 466 00bd 03       		.byte	0x3
 467 00be 30       		.byte	0x30
 468 00bf 69000000 		.4byte	0x69
 469 00c3 03       		.uleb128 0x3
 470 00c4 08       		.byte	0x8
 471 00c5 04       		.byte	0x4
 472 00c6 43000000 		.4byte	.LASF17
 473 00ca 03       		.uleb128 0x3
 474 00cb 04       		.byte	0x4
 475 00cc 07       		.byte	0x7
 476 00cd 2C000000 		.4byte	.LASF18
 477 00d1 03       		.uleb128 0x3
 478 00d2 01       		.byte	0x1
 479 00d3 08       		.byte	0x8
 480 00d4 0F020000 		.4byte	.LASF19
 481 00d8 05       		.uleb128 0x5
 482 00d9 5A000000 		.4byte	.LASF22
 483 00dd 01       		.byte	0x1
 484 00de 42000000 		.4byte	0x42
 485 00e2 04       		.byte	0x4
 486 00e3 13       		.byte	0x13
 487 00e4 F5000000 		.4byte	0xf5
ARM GAS  C:\Users\arist\AppData\Local\Temp\ccZJ6CET.s 			page 12


 488 00e8 06       		.uleb128 0x6
 489 00e9 32030000 		.4byte	.LASF20
 490 00ed 00       		.byte	0
 491 00ee 06       		.uleb128 0x6
 492 00ef 93020000 		.4byte	.LASF21
 493 00f3 01       		.byte	0x1
 494 00f4 00       		.byte	0
 495 00f5 05       		.uleb128 0x5
 496 00f6 A2010000 		.4byte	.LASF23
 497 00fa 01       		.byte	0x1
 498 00fb 42000000 		.4byte	0x42
 499 00ff 04       		.byte	0x4
 500 0100 18       		.byte	0x18
 501 0101 1E010000 		.4byte	0x11e
 502 0105 06       		.uleb128 0x6
 503 0106 D9010000 		.4byte	.LASF24
 504 010a 00       		.byte	0
 505 010b 06       		.uleb128 0x6
 506 010c AF000000 		.4byte	.LASF25
 507 0110 01       		.byte	0x1
 508 0111 06       		.uleb128 0x6
 509 0112 4A010000 		.4byte	.LASF26
 510 0116 02       		.byte	0x2
 511 0117 06       		.uleb128 0x6
 512 0118 81020000 		.4byte	.LASF27
 513 011c 03       		.byte	0x3
 514 011d 00       		.byte	0
 515 011e 07       		.uleb128 0x7
 516 011f 95010000 		.4byte	.LASF36
 517 0123 14       		.byte	0x14
 518 0124 04       		.byte	0x4
 519 0125 20       		.byte	0x20
 520 0126 97010000 		.4byte	0x197
 521 012a 08       		.uleb128 0x8
 522 012b 35000000 		.4byte	.LASF28
 523 012f 04       		.byte	0x4
 524 0130 21       		.byte	0x21
 525 0131 A2000000 		.4byte	0xa2
 526 0135 00       		.byte	0
 527 0136 08       		.uleb128 0x8
 528 0137 3C000000 		.4byte	.LASF29
 529 013b 04       		.byte	0x4
 530 013c 22       		.byte	0x22
 531 013d A2000000 		.4byte	0xa2
 532 0141 01       		.byte	0x1
 533 0142 08       		.uleb128 0x8
 534 0143 70020000 		.4byte	.LASF30
 535 0147 04       		.byte	0x4
 536 0148 24       		.byte	0x24
 537 0149 97010000 		.4byte	0x197
 538 014d 04       		.byte	0x4
 539 014e 08       		.uleb128 0x8
 540 014f 02020000 		.4byte	.LASF31
 541 0153 04       		.byte	0x4
 542 0154 26       		.byte	0x26
 543 0155 A2000000 		.4byte	0xa2
 544 0159 08       		.byte	0x8
ARM GAS  C:\Users\arist\AppData\Local\Temp\ccZJ6CET.s 			page 13


 545 015a 08       		.uleb128 0x8
 546 015b F2010000 		.4byte	.LASF32
 547 015f 04       		.byte	0x4
 548 0160 27       		.byte	0x27
 549 0161 AD000000 		.4byte	0xad
 550 0165 0A       		.byte	0xa
 551 0166 08       		.uleb128 0x8
 552 0167 5A000000 		.4byte	.LASF22
 553 016b 04       		.byte	0x4
 554 016c 29       		.byte	0x29
 555 016d D8000000 		.4byte	0xd8
 556 0171 0C       		.byte	0xc
 557 0172 08       		.uleb128 0x8
 558 0173 C2000000 		.4byte	.LASF33
 559 0177 04       		.byte	0x4
 560 0178 2B       		.byte	0x2b
 561 0179 F5000000 		.4byte	0xf5
 562 017d 0D       		.byte	0xd
 563 017e 08       		.uleb128 0x8
 564 017f 69020000 		.4byte	.LASF34
 565 0183 04       		.byte	0x4
 566 0184 2C       		.byte	0x2c
 567 0185 9D010000 		.4byte	0x19d
 568 0189 0E       		.byte	0xe
 569 018a 08       		.uleb128 0x8
 570 018b 12000000 		.4byte	.LASF35
 571 018f 04       		.byte	0x4
 572 0190 2D       		.byte	0x2d
 573 0191 AD010000 		.4byte	0x1ad
 574 0195 10       		.byte	0x10
 575 0196 00       		.byte	0
 576 0197 09       		.uleb128 0x9
 577 0198 04       		.byte	0x4
 578 0199 A2000000 		.4byte	0xa2
 579 019d 0A       		.uleb128 0xa
 580 019e A2000000 		.4byte	0xa2
 581 01a2 AD010000 		.4byte	0x1ad
 582 01a6 0B       		.uleb128 0xb
 583 01a7 CA000000 		.4byte	0xca
 584 01ab 01       		.byte	0x1
 585 01ac 00       		.byte	0
 586 01ad 0A       		.uleb128 0xa
 587 01ae 97000000 		.4byte	0x97
 588 01b2 BD010000 		.4byte	0x1bd
 589 01b6 0B       		.uleb128 0xb
 590 01b7 CA000000 		.4byte	0xca
 591 01bb 03       		.byte	0x3
 592 01bc 00       		.byte	0
 593 01bd 02       		.uleb128 0x2
 594 01be 95010000 		.4byte	.LASF36
 595 01c2 04       		.byte	0x4
 596 01c3 2F       		.byte	0x2f
 597 01c4 1E010000 		.4byte	0x11e
 598 01c8 03       		.uleb128 0x3
 599 01c9 04       		.byte	0x4
 600 01ca 04       		.byte	0x4
 601 01cb 78000000 		.4byte	.LASF37
ARM GAS  C:\Users\arist\AppData\Local\Temp\ccZJ6CET.s 			page 14


 602 01cf 0C       		.uleb128 0xc
 603 01d0 72000000 		.4byte	.LASF38
 604 01d4 05       		.byte	0x5
 605 01d5 E801     		.2byte	0x1e8
 606 01d7 42000000 		.4byte	0x42
 607 01db 03       		.uleb128 0x3
 608 01dc 08       		.byte	0x8
 609 01dd 04       		.byte	0x4
 610 01de 3F020000 		.4byte	.LASF39
 611 01e2 0D       		.uleb128 0xd
 612 01e3 B5010000 		.4byte	.LASF56
 613 01e7 01       		.byte	0x1
 614 01e8 60       		.byte	0x60
 615 01e9 B8000000 		.4byte	0xb8
 616 01ed 00000000 		.4byte	.LFB2
 617 01f1 30000000 		.4byte	.LFE2-.LFB2
 618 01f5 01       		.uleb128 0x1
 619 01f6 9C       		.byte	0x9c
 620 01f7 65020000 		.4byte	0x265
 621 01fb 0E       		.uleb128 0xe
 622 01fc 62756600 		.ascii	"buf\000"
 623 0200 01       		.byte	0x1
 624 0201 60       		.byte	0x60
 625 0202 97010000 		.4byte	0x197
 626 0206 00000000 		.4byte	.LLST0
 627 020a 0F       		.uleb128 0xf
 628 020b 28020000 		.4byte	.LASF40
 629 020f 01       		.byte	0x1
 630 0210 60       		.byte	0x60
 631 0211 AD000000 		.4byte	0xad
 632 0215 2C000000 		.4byte	.LLST1
 633 0219 10       		.uleb128 0x10
 634 021a BF010000 		.4byte	.LASF41
 635 021e 01       		.byte	0x1
 636 021f 62       		.byte	0x62
 637 0220 B8000000 		.4byte	0xb8
 638 0224 4D000000 		.4byte	.LLST2
 639 0228 11       		.uleb128 0x11
 640 0229 00000000 		.4byte	.Ldebug_ranges0+0
 641 022d 48020000 		.4byte	0x248
 642 0231 12       		.uleb128 0x12
 643 0232 6900     		.ascii	"i\000"
 644 0234 01       		.byte	0x1
 645 0235 65       		.byte	0x65
 646 0236 89000000 		.4byte	0x89
 647 023a 8E000000 		.4byte	.LLST3
 648 023e 13       		.uleb128 0x13
 649 023f 1C000000 		.4byte	.LVL6
 650 0243 F2030000 		.4byte	0x3f2
 651 0247 00       		.byte	0
 652 0248 14       		.uleb128 0x14
 653 0249 10000000 		.4byte	.LVL4
 654 024d FD030000 		.4byte	0x3fd
 655 0251 5B020000 		.4byte	0x25b
 656 0255 15       		.uleb128 0x15
 657 0256 01       		.uleb128 0x1
 658 0257 51       		.byte	0x51
ARM GAS  C:\Users\arist\AppData\Local\Temp\ccZJ6CET.s 			page 15


 659 0258 01       		.uleb128 0x1
 660 0259 30       		.byte	0x30
 661 025a 00       		.byte	0
 662 025b 13       		.uleb128 0x13
 663 025c 28000000 		.4byte	.LVL9
 664 0260 08040000 		.4byte	0x408
 665 0264 00       		.byte	0
 666 0265 16       		.uleb128 0x16
 667 0266 00000000 		.4byte	.LASF44
 668 026a 01       		.byte	0x1
 669 026b 0D       		.byte	0xd
 670 026c 00000000 		.4byte	.LFB0
 671 0270 34000000 		.4byte	.LFE0-.LFB0
 672 0274 01       		.uleb128 0x1
 673 0275 9C       		.byte	0x9c
 674 0276 AD020000 		.4byte	0x2ad
 675 027a 0F       		.uleb128 0xf
 676 027b 0D000000 		.4byte	.LASF42
 677 027f 01       		.byte	0x1
 678 0280 0D       		.byte	0xd
 679 0281 A2000000 		.4byte	0xa2
 680 0285 AD000000 		.4byte	.LLST4
 681 0289 17       		.uleb128 0x17
 682 028a AE010000 		.4byte	.LASF43
 683 028e 01       		.byte	0x1
 684 028f 11       		.byte	0x11
 685 0290 AD020000 		.4byte	0x2ad
 686 0294 02       		.uleb128 0x2
 687 0295 91       		.byte	0x91
 688 0296 54       		.sleb128 -44
 689 0297 18       		.uleb128 0x18
 690 0298 28000000 		.4byte	.LVL13
 691 029c E2010000 		.4byte	0x1e2
 692 02a0 15       		.uleb128 0x15
 693 02a1 01       		.uleb128 0x1
 694 02a2 50       		.byte	0x50
 695 02a3 02       		.uleb128 0x2
 696 02a4 74       		.byte	0x74
 697 02a5 68       		.sleb128 -24
 698 02a6 15       		.uleb128 0x15
 699 02a7 01       		.uleb128 0x1
 700 02a8 51       		.byte	0x51
 701 02a9 01       		.uleb128 0x1
 702 02aa 4A       		.byte	0x4a
 703 02ab 00       		.byte	0
 704 02ac 00       		.byte	0
 705 02ad 0A       		.uleb128 0xa
 706 02ae A2000000 		.4byte	0xa2
 707 02b2 BD020000 		.4byte	0x2bd
 708 02b6 0B       		.uleb128 0xb
 709 02b7 CA000000 		.4byte	0xca
 710 02bb 19       		.byte	0x19
 711 02bc 00       		.byte	0
 712 02bd 16       		.uleb128 0x16
 713 02be E3010000 		.4byte	.LASF45
 714 02c2 01       		.byte	0x1
 715 02c3 31       		.byte	0x31
ARM GAS  C:\Users\arist\AppData\Local\Temp\ccZJ6CET.s 			page 16


 716 02c4 00000000 		.4byte	.LFB1
 717 02c8 D4000000 		.4byte	.LFE1-.LFB1
 718 02cc 01       		.uleb128 0x1
 719 02cd 9C       		.byte	0x9c
 720 02ce B3030000 		.4byte	0x3b3
 721 02d2 0E       		.uleb128 0xe
 722 02d3 62756600 		.ascii	"buf\000"
 723 02d7 01       		.byte	0x1
 724 02d8 31       		.byte	0x31
 725 02d9 B3030000 		.4byte	0x3b3
 726 02dd DD000000 		.4byte	.LLST5
 727 02e1 12       		.uleb128 0x12
 728 02e2 62697400 		.ascii	"bit\000"
 729 02e6 01       		.byte	0x1
 730 02e7 33       		.byte	0x33
 731 02e8 A2000000 		.4byte	0xa2
 732 02ec FB000000 		.4byte	.LLST6
 733 02f0 10       		.uleb128 0x10
 734 02f1 2A030000 		.4byte	.LASF46
 735 02f5 01       		.byte	0x1
 736 02f6 34       		.byte	0x34
 737 02f7 A2000000 		.4byte	0xa2
 738 02fb 55010000 		.4byte	.LLST7
 739 02ff 19       		.uleb128 0x19
 740 0300 CC030000 		.4byte	0x3cc
 741 0304 A2010000 		.4byte	.LLST8
 742 0308 17       		.uleb128 0x17
 743 0309 3B010000 		.4byte	.LASF47
 744 030d 01       		.byte	0x1
 745 030e 36       		.byte	0x36
 746 030f B9030000 		.4byte	0x3b9
 747 0313 02       		.uleb128 0x2
 748 0314 75       		.byte	0x75
 749 0315 00       		.sleb128 0
 750 0316 17       		.uleb128 0x17
 751 0317 AE010000 		.4byte	.LASF43
 752 031b 01       		.byte	0x1
 753 031c 38       		.byte	0x38
 754 031d D1030000 		.4byte	0x3d1
 755 0321 02       		.uleb128 0x2
 756 0322 91       		.byte	0x91
 757 0323 58       		.sleb128 -40
 758 0324 12       		.uleb128 0x12
 759 0325 7000     		.ascii	"p\000"
 760 0327 01       		.byte	0x1
 761 0328 46       		.byte	0x46
 762 0329 89000000 		.4byte	0x89
 763 032d DD010000 		.4byte	.LLST9
 764 0331 11       		.uleb128 0x11
 765 0332 18000000 		.4byte	.Ldebug_ranges0+0x18
 766 0336 83030000 		.4byte	0x383
 767 033a 10       		.uleb128 0x10
 768 033b A1000000 		.4byte	.LASF48
 769 033f 01       		.byte	0x1
 770 0340 49       		.byte	0x49
 771 0341 AD000000 		.4byte	0xad
 772 0345 14020000 		.4byte	.LLST10
ARM GAS  C:\Users\arist\AppData\Local\Temp\ccZJ6CET.s 			page 17


 773 0349 1A       		.uleb128 0x1a
 774 034a 30000000 		.4byte	.Ldebug_ranges0+0x30
 775 034e 12       		.uleb128 0x12
 776 034f 6B00     		.ascii	"k\000"
 777 0351 01       		.byte	0x1
 778 0352 4B       		.byte	0x4b
 779 0353 A2000000 		.4byte	0xa2
 780 0357 3E020000 		.4byte	.LLST11
 781 035b 1A       		.uleb128 0x1a
 782 035c 48000000 		.4byte	.Ldebug_ranges0+0x48
 783 0360 12       		.uleb128 0x12
 784 0361 6900     		.ascii	"i\000"
 785 0363 01       		.byte	0x1
 786 0364 4C       		.byte	0x4c
 787 0365 A2000000 		.4byte	0xa2
 788 0369 67020000 		.4byte	.LLST12
 789 036d 1A       		.uleb128 0x1a
 790 036e 60000000 		.4byte	.Ldebug_ranges0+0x60
 791 0372 12       		.uleb128 0x12
 792 0373 6A00     		.ascii	"j\000"
 793 0375 01       		.byte	0x1
 794 0376 4D       		.byte	0x4d
 795 0377 A2000000 		.4byte	0xa2
 796 037b 90020000 		.4byte	.LLST13
 797 037f 00       		.byte	0
 798 0380 00       		.byte	0
 799 0381 00       		.byte	0
 800 0382 00       		.byte	0
 801 0383 14       		.uleb128 0x14
 802 0384 48000000 		.4byte	.LVL21
 803 0388 E2010000 		.4byte	0x1e2
 804 038c 9C030000 		.4byte	0x39c
 805 0390 15       		.uleb128 0x15
 806 0391 01       		.uleb128 0x1
 807 0392 50       		.byte	0x50
 808 0393 02       		.uleb128 0x2
 809 0394 77       		.byte	0x77
 810 0395 18       		.sleb128 24
 811 0396 15       		.uleb128 0x15
 812 0397 01       		.uleb128 0x1
 813 0398 51       		.byte	0x51
 814 0399 01       		.uleb128 0x1
 815 039a 37       		.byte	0x37
 816 039b 00       		.byte	0
 817 039c 18       		.uleb128 0x18
 818 039d CC000000 		.4byte	.LVL45
 819 03a1 E2010000 		.4byte	0x1e2
 820 03a5 15       		.uleb128 0x15
 821 03a6 01       		.uleb128 0x1
 822 03a7 50       		.byte	0x50
 823 03a8 02       		.uleb128 0x2
 824 03a9 75       		.byte	0x75
 825 03aa 00       		.sleb128 0
 826 03ab 15       		.uleb128 0x15
 827 03ac 01       		.uleb128 0x1
 828 03ad 51       		.byte	0x51
 829 03ae 02       		.uleb128 0x2
ARM GAS  C:\Users\arist\AppData\Local\Temp\ccZJ6CET.s 			page 18


 830 03af 76       		.byte	0x76
 831 03b0 00       		.sleb128 0
 832 03b1 00       		.byte	0
 833 03b2 00       		.byte	0
 834 03b3 09       		.uleb128 0x9
 835 03b4 04       		.byte	0x4
 836 03b5 BD010000 		.4byte	0x1bd
 837 03b9 0A       		.uleb128 0xa
 838 03ba A2000000 		.4byte	0xa2
 839 03be CC030000 		.4byte	0x3cc
 840 03c2 1B       		.uleb128 0x1b
 841 03c3 CA000000 		.4byte	0xca
 842 03c7 FF020000 		.4byte	0x2ff
 843 03cb 00       		.byte	0
 844 03cc 1C       		.uleb128 0x1c
 845 03cd CA000000 		.4byte	0xca
 846 03d1 0A       		.uleb128 0xa
 847 03d2 CF010000 		.4byte	0x1cf
 848 03d6 E1030000 		.4byte	0x3e1
 849 03da 0B       		.uleb128 0xb
 850 03db CA000000 		.4byte	0xca
 851 03df 06       		.byte	0x6
 852 03e0 00       		.byte	0
 853 03e1 17       		.uleb128 0x17
 854 03e2 78020000 		.4byte	.LASF49
 855 03e6 01       		.byte	0x1
 856 03e7 09       		.byte	0x9
 857 03e8 CF010000 		.4byte	0x1cf
 858 03ec 05       		.uleb128 0x5
 859 03ed 03       		.byte	0x3
 860 03ee 00000000 		.4byte	_i2caddr
 861 03f2 1D       		.uleb128 0x1d
 862 03f3 8C000000 		.4byte	.LASF50
 863 03f7 8C000000 		.4byte	.LASF50
 864 03fb 06       		.byte	0x6
 865 03fc B6       		.byte	0xb6
 866 03fd 1D       		.uleb128 0x1d
 867 03fe 39030000 		.4byte	.LASF51
 868 0402 39030000 		.4byte	.LASF51
 869 0406 06       		.byte	0x6
 870 0407 B1       		.byte	0xb1
 871 0408 1D       		.uleb128 0x1d
 872 0409 14020000 		.4byte	.LASF52
 873 040d 14020000 		.4byte	.LASF52
 874 0411 06       		.byte	0x6
 875 0412 B5       		.byte	0xb5
 876 0413 00       		.byte	0
 877              		.section	.debug_abbrev,"",%progbits
 878              	.Ldebug_abbrev0:
 879 0000 01       		.uleb128 0x1
 880 0001 11       		.uleb128 0x11
 881 0002 01       		.byte	0x1
 882 0003 25       		.uleb128 0x25
 883 0004 0E       		.uleb128 0xe
 884 0005 13       		.uleb128 0x13
 885 0006 0B       		.uleb128 0xb
 886 0007 03       		.uleb128 0x3
ARM GAS  C:\Users\arist\AppData\Local\Temp\ccZJ6CET.s 			page 19


 887 0008 0E       		.uleb128 0xe
 888 0009 1B       		.uleb128 0x1b
 889 000a 0E       		.uleb128 0xe
 890 000b 55       		.uleb128 0x55
 891 000c 17       		.uleb128 0x17
 892 000d 11       		.uleb128 0x11
 893 000e 01       		.uleb128 0x1
 894 000f 10       		.uleb128 0x10
 895 0010 17       		.uleb128 0x17
 896 0011 00       		.byte	0
 897 0012 00       		.byte	0
 898 0013 02       		.uleb128 0x2
 899 0014 16       		.uleb128 0x16
 900 0015 00       		.byte	0
 901 0016 03       		.uleb128 0x3
 902 0017 0E       		.uleb128 0xe
 903 0018 3A       		.uleb128 0x3a
 904 0019 0B       		.uleb128 0xb
 905 001a 3B       		.uleb128 0x3b
 906 001b 0B       		.uleb128 0xb
 907 001c 49       		.uleb128 0x49
 908 001d 13       		.uleb128 0x13
 909 001e 00       		.byte	0
 910 001f 00       		.byte	0
 911 0020 03       		.uleb128 0x3
 912 0021 24       		.uleb128 0x24
 913 0022 00       		.byte	0
 914 0023 0B       		.uleb128 0xb
 915 0024 0B       		.uleb128 0xb
 916 0025 3E       		.uleb128 0x3e
 917 0026 0B       		.uleb128 0xb
 918 0027 03       		.uleb128 0x3
 919 0028 0E       		.uleb128 0xe
 920 0029 00       		.byte	0
 921 002a 00       		.byte	0
 922 002b 04       		.uleb128 0x4
 923 002c 24       		.uleb128 0x24
 924 002d 00       		.byte	0
 925 002e 0B       		.uleb128 0xb
 926 002f 0B       		.uleb128 0xb
 927 0030 3E       		.uleb128 0x3e
 928 0031 0B       		.uleb128 0xb
 929 0032 03       		.uleb128 0x3
 930 0033 08       		.uleb128 0x8
 931 0034 00       		.byte	0
 932 0035 00       		.byte	0
 933 0036 05       		.uleb128 0x5
 934 0037 04       		.uleb128 0x4
 935 0038 01       		.byte	0x1
 936 0039 03       		.uleb128 0x3
 937 003a 0E       		.uleb128 0xe
 938 003b 0B       		.uleb128 0xb
 939 003c 0B       		.uleb128 0xb
 940 003d 49       		.uleb128 0x49
 941 003e 13       		.uleb128 0x13
 942 003f 3A       		.uleb128 0x3a
 943 0040 0B       		.uleb128 0xb
ARM GAS  C:\Users\arist\AppData\Local\Temp\ccZJ6CET.s 			page 20


 944 0041 3B       		.uleb128 0x3b
 945 0042 0B       		.uleb128 0xb
 946 0043 01       		.uleb128 0x1
 947 0044 13       		.uleb128 0x13
 948 0045 00       		.byte	0
 949 0046 00       		.byte	0
 950 0047 06       		.uleb128 0x6
 951 0048 28       		.uleb128 0x28
 952 0049 00       		.byte	0
 953 004a 03       		.uleb128 0x3
 954 004b 0E       		.uleb128 0xe
 955 004c 1C       		.uleb128 0x1c
 956 004d 0B       		.uleb128 0xb
 957 004e 00       		.byte	0
 958 004f 00       		.byte	0
 959 0050 07       		.uleb128 0x7
 960 0051 13       		.uleb128 0x13
 961 0052 01       		.byte	0x1
 962 0053 03       		.uleb128 0x3
 963 0054 0E       		.uleb128 0xe
 964 0055 0B       		.uleb128 0xb
 965 0056 0B       		.uleb128 0xb
 966 0057 3A       		.uleb128 0x3a
 967 0058 0B       		.uleb128 0xb
 968 0059 3B       		.uleb128 0x3b
 969 005a 0B       		.uleb128 0xb
 970 005b 01       		.uleb128 0x1
 971 005c 13       		.uleb128 0x13
 972 005d 00       		.byte	0
 973 005e 00       		.byte	0
 974 005f 08       		.uleb128 0x8
 975 0060 0D       		.uleb128 0xd
 976 0061 00       		.byte	0
 977 0062 03       		.uleb128 0x3
 978 0063 0E       		.uleb128 0xe
 979 0064 3A       		.uleb128 0x3a
 980 0065 0B       		.uleb128 0xb
 981 0066 3B       		.uleb128 0x3b
 982 0067 0B       		.uleb128 0xb
 983 0068 49       		.uleb128 0x49
 984 0069 13       		.uleb128 0x13
 985 006a 38       		.uleb128 0x38
 986 006b 0B       		.uleb128 0xb
 987 006c 00       		.byte	0
 988 006d 00       		.byte	0
 989 006e 09       		.uleb128 0x9
 990 006f 0F       		.uleb128 0xf
 991 0070 00       		.byte	0
 992 0071 0B       		.uleb128 0xb
 993 0072 0B       		.uleb128 0xb
 994 0073 49       		.uleb128 0x49
 995 0074 13       		.uleb128 0x13
 996 0075 00       		.byte	0
 997 0076 00       		.byte	0
 998 0077 0A       		.uleb128 0xa
 999 0078 01       		.uleb128 0x1
 1000 0079 01       		.byte	0x1
ARM GAS  C:\Users\arist\AppData\Local\Temp\ccZJ6CET.s 			page 21


 1001 007a 49       		.uleb128 0x49
 1002 007b 13       		.uleb128 0x13
 1003 007c 01       		.uleb128 0x1
 1004 007d 13       		.uleb128 0x13
 1005 007e 00       		.byte	0
 1006 007f 00       		.byte	0
 1007 0080 0B       		.uleb128 0xb
 1008 0081 21       		.uleb128 0x21
 1009 0082 00       		.byte	0
 1010 0083 49       		.uleb128 0x49
 1011 0084 13       		.uleb128 0x13
 1012 0085 2F       		.uleb128 0x2f
 1013 0086 0B       		.uleb128 0xb
 1014 0087 00       		.byte	0
 1015 0088 00       		.byte	0
 1016 0089 0C       		.uleb128 0xc
 1017 008a 16       		.uleb128 0x16
 1018 008b 00       		.byte	0
 1019 008c 03       		.uleb128 0x3
 1020 008d 0E       		.uleb128 0xe
 1021 008e 3A       		.uleb128 0x3a
 1022 008f 0B       		.uleb128 0xb
 1023 0090 3B       		.uleb128 0x3b
 1024 0091 05       		.uleb128 0x5
 1025 0092 49       		.uleb128 0x49
 1026 0093 13       		.uleb128 0x13
 1027 0094 00       		.byte	0
 1028 0095 00       		.byte	0
 1029 0096 0D       		.uleb128 0xd
 1030 0097 2E       		.uleb128 0x2e
 1031 0098 01       		.byte	0x1
 1032 0099 03       		.uleb128 0x3
 1033 009a 0E       		.uleb128 0xe
 1034 009b 3A       		.uleb128 0x3a
 1035 009c 0B       		.uleb128 0xb
 1036 009d 3B       		.uleb128 0x3b
 1037 009e 0B       		.uleb128 0xb
 1038 009f 27       		.uleb128 0x27
 1039 00a0 19       		.uleb128 0x19
 1040 00a1 49       		.uleb128 0x49
 1041 00a2 13       		.uleb128 0x13
 1042 00a3 11       		.uleb128 0x11
 1043 00a4 01       		.uleb128 0x1
 1044 00a5 12       		.uleb128 0x12
 1045 00a6 06       		.uleb128 0x6
 1046 00a7 40       		.uleb128 0x40
 1047 00a8 18       		.uleb128 0x18
 1048 00a9 9742     		.uleb128 0x2117
 1049 00ab 19       		.uleb128 0x19
 1050 00ac 01       		.uleb128 0x1
 1051 00ad 13       		.uleb128 0x13
 1052 00ae 00       		.byte	0
 1053 00af 00       		.byte	0
 1054 00b0 0E       		.uleb128 0xe
 1055 00b1 05       		.uleb128 0x5
 1056 00b2 00       		.byte	0
 1057 00b3 03       		.uleb128 0x3
ARM GAS  C:\Users\arist\AppData\Local\Temp\ccZJ6CET.s 			page 22


 1058 00b4 08       		.uleb128 0x8
 1059 00b5 3A       		.uleb128 0x3a
 1060 00b6 0B       		.uleb128 0xb
 1061 00b7 3B       		.uleb128 0x3b
 1062 00b8 0B       		.uleb128 0xb
 1063 00b9 49       		.uleb128 0x49
 1064 00ba 13       		.uleb128 0x13
 1065 00bb 02       		.uleb128 0x2
 1066 00bc 17       		.uleb128 0x17
 1067 00bd 00       		.byte	0
 1068 00be 00       		.byte	0
 1069 00bf 0F       		.uleb128 0xf
 1070 00c0 05       		.uleb128 0x5
 1071 00c1 00       		.byte	0
 1072 00c2 03       		.uleb128 0x3
 1073 00c3 0E       		.uleb128 0xe
 1074 00c4 3A       		.uleb128 0x3a
 1075 00c5 0B       		.uleb128 0xb
 1076 00c6 3B       		.uleb128 0x3b
 1077 00c7 0B       		.uleb128 0xb
 1078 00c8 49       		.uleb128 0x49
 1079 00c9 13       		.uleb128 0x13
 1080 00ca 02       		.uleb128 0x2
 1081 00cb 17       		.uleb128 0x17
 1082 00cc 00       		.byte	0
 1083 00cd 00       		.byte	0
 1084 00ce 10       		.uleb128 0x10
 1085 00cf 34       		.uleb128 0x34
 1086 00d0 00       		.byte	0
 1087 00d1 03       		.uleb128 0x3
 1088 00d2 0E       		.uleb128 0xe
 1089 00d3 3A       		.uleb128 0x3a
 1090 00d4 0B       		.uleb128 0xb
 1091 00d5 3B       		.uleb128 0x3b
 1092 00d6 0B       		.uleb128 0xb
 1093 00d7 49       		.uleb128 0x49
 1094 00d8 13       		.uleb128 0x13
 1095 00d9 02       		.uleb128 0x2
 1096 00da 17       		.uleb128 0x17
 1097 00db 00       		.byte	0
 1098 00dc 00       		.byte	0
 1099 00dd 11       		.uleb128 0x11
 1100 00de 0B       		.uleb128 0xb
 1101 00df 01       		.byte	0x1
 1102 00e0 55       		.uleb128 0x55
 1103 00e1 17       		.uleb128 0x17
 1104 00e2 01       		.uleb128 0x1
 1105 00e3 13       		.uleb128 0x13
 1106 00e4 00       		.byte	0
 1107 00e5 00       		.byte	0
 1108 00e6 12       		.uleb128 0x12
 1109 00e7 34       		.uleb128 0x34
 1110 00e8 00       		.byte	0
 1111 00e9 03       		.uleb128 0x3
 1112 00ea 08       		.uleb128 0x8
 1113 00eb 3A       		.uleb128 0x3a
 1114 00ec 0B       		.uleb128 0xb
ARM GAS  C:\Users\arist\AppData\Local\Temp\ccZJ6CET.s 			page 23


 1115 00ed 3B       		.uleb128 0x3b
 1116 00ee 0B       		.uleb128 0xb
 1117 00ef 49       		.uleb128 0x49
 1118 00f0 13       		.uleb128 0x13
 1119 00f1 02       		.uleb128 0x2
 1120 00f2 17       		.uleb128 0x17
 1121 00f3 00       		.byte	0
 1122 00f4 00       		.byte	0
 1123 00f5 13       		.uleb128 0x13
 1124 00f6 898201   		.uleb128 0x4109
 1125 00f9 00       		.byte	0
 1126 00fa 11       		.uleb128 0x11
 1127 00fb 01       		.uleb128 0x1
 1128 00fc 31       		.uleb128 0x31
 1129 00fd 13       		.uleb128 0x13
 1130 00fe 00       		.byte	0
 1131 00ff 00       		.byte	0
 1132 0100 14       		.uleb128 0x14
 1133 0101 898201   		.uleb128 0x4109
 1134 0104 01       		.byte	0x1
 1135 0105 11       		.uleb128 0x11
 1136 0106 01       		.uleb128 0x1
 1137 0107 31       		.uleb128 0x31
 1138 0108 13       		.uleb128 0x13
 1139 0109 01       		.uleb128 0x1
 1140 010a 13       		.uleb128 0x13
 1141 010b 00       		.byte	0
 1142 010c 00       		.byte	0
 1143 010d 15       		.uleb128 0x15
 1144 010e 8A8201   		.uleb128 0x410a
 1145 0111 00       		.byte	0
 1146 0112 02       		.uleb128 0x2
 1147 0113 18       		.uleb128 0x18
 1148 0114 9142     		.uleb128 0x2111
 1149 0116 18       		.uleb128 0x18
 1150 0117 00       		.byte	0
 1151 0118 00       		.byte	0
 1152 0119 16       		.uleb128 0x16
 1153 011a 2E       		.uleb128 0x2e
 1154 011b 01       		.byte	0x1
 1155 011c 3F       		.uleb128 0x3f
 1156 011d 19       		.uleb128 0x19
 1157 011e 03       		.uleb128 0x3
 1158 011f 0E       		.uleb128 0xe
 1159 0120 3A       		.uleb128 0x3a
 1160 0121 0B       		.uleb128 0xb
 1161 0122 3B       		.uleb128 0x3b
 1162 0123 0B       		.uleb128 0xb
 1163 0124 27       		.uleb128 0x27
 1164 0125 19       		.uleb128 0x19
 1165 0126 11       		.uleb128 0x11
 1166 0127 01       		.uleb128 0x1
 1167 0128 12       		.uleb128 0x12
 1168 0129 06       		.uleb128 0x6
 1169 012a 40       		.uleb128 0x40
 1170 012b 18       		.uleb128 0x18
 1171 012c 9742     		.uleb128 0x2117
ARM GAS  C:\Users\arist\AppData\Local\Temp\ccZJ6CET.s 			page 24


 1172 012e 19       		.uleb128 0x19
 1173 012f 01       		.uleb128 0x1
 1174 0130 13       		.uleb128 0x13
 1175 0131 00       		.byte	0
 1176 0132 00       		.byte	0
 1177 0133 17       		.uleb128 0x17
 1178 0134 34       		.uleb128 0x34
 1179 0135 00       		.byte	0
 1180 0136 03       		.uleb128 0x3
 1181 0137 0E       		.uleb128 0xe
 1182 0138 3A       		.uleb128 0x3a
 1183 0139 0B       		.uleb128 0xb
 1184 013a 3B       		.uleb128 0x3b
 1185 013b 0B       		.uleb128 0xb
 1186 013c 49       		.uleb128 0x49
 1187 013d 13       		.uleb128 0x13
 1188 013e 02       		.uleb128 0x2
 1189 013f 18       		.uleb128 0x18
 1190 0140 00       		.byte	0
 1191 0141 00       		.byte	0
 1192 0142 18       		.uleb128 0x18
 1193 0143 898201   		.uleb128 0x4109
 1194 0146 01       		.byte	0x1
 1195 0147 11       		.uleb128 0x11
 1196 0148 01       		.uleb128 0x1
 1197 0149 31       		.uleb128 0x31
 1198 014a 13       		.uleb128 0x13
 1199 014b 00       		.byte	0
 1200 014c 00       		.byte	0
 1201 014d 19       		.uleb128 0x19
 1202 014e 34       		.uleb128 0x34
 1203 014f 00       		.byte	0
 1204 0150 34       		.uleb128 0x34
 1205 0151 19       		.uleb128 0x19
 1206 0152 49       		.uleb128 0x49
 1207 0153 13       		.uleb128 0x13
 1208 0154 02       		.uleb128 0x2
 1209 0155 17       		.uleb128 0x17
 1210 0156 00       		.byte	0
 1211 0157 00       		.byte	0
 1212 0158 1A       		.uleb128 0x1a
 1213 0159 0B       		.uleb128 0xb
 1214 015a 01       		.byte	0x1
 1215 015b 55       		.uleb128 0x55
 1216 015c 17       		.uleb128 0x17
 1217 015d 00       		.byte	0
 1218 015e 00       		.byte	0
 1219 015f 1B       		.uleb128 0x1b
 1220 0160 21       		.uleb128 0x21
 1221 0161 00       		.byte	0
 1222 0162 49       		.uleb128 0x49
 1223 0163 13       		.uleb128 0x13
 1224 0164 2F       		.uleb128 0x2f
 1225 0165 13       		.uleb128 0x13
 1226 0166 00       		.byte	0
 1227 0167 00       		.byte	0
 1228 0168 1C       		.uleb128 0x1c
ARM GAS  C:\Users\arist\AppData\Local\Temp\ccZJ6CET.s 			page 25


 1229 0169 26       		.uleb128 0x26
 1230 016a 00       		.byte	0
 1231 016b 49       		.uleb128 0x49
 1232 016c 13       		.uleb128 0x13
 1233 016d 00       		.byte	0
 1234 016e 00       		.byte	0
 1235 016f 1D       		.uleb128 0x1d
 1236 0170 2E       		.uleb128 0x2e
 1237 0171 00       		.byte	0
 1238 0172 3F       		.uleb128 0x3f
 1239 0173 19       		.uleb128 0x19
 1240 0174 3C       		.uleb128 0x3c
 1241 0175 19       		.uleb128 0x19
 1242 0176 6E       		.uleb128 0x6e
 1243 0177 0E       		.uleb128 0xe
 1244 0178 03       		.uleb128 0x3
 1245 0179 0E       		.uleb128 0xe
 1246 017a 3A       		.uleb128 0x3a
 1247 017b 0B       		.uleb128 0xb
 1248 017c 3B       		.uleb128 0x3b
 1249 017d 0B       		.uleb128 0xb
 1250 017e 00       		.byte	0
 1251 017f 00       		.byte	0
 1252 0180 00       		.byte	0
 1253              		.section	.debug_loc,"",%progbits
 1254              	.Ldebug_loc0:
 1255              	.LLST0:
 1256 0000 00000000 		.4byte	.LVL0
 1257 0004 0C000000 		.4byte	.LVL3
 1258 0008 0100     		.2byte	0x1
 1259 000a 50       		.byte	0x50
 1260 000b 0C000000 		.4byte	.LVL3
 1261 000f 2C000000 		.4byte	.LVL10
 1262 0013 0100     		.2byte	0x1
 1263 0015 57       		.byte	0x57
 1264 0016 2C000000 		.4byte	.LVL10
 1265 001a 30000000 		.4byte	.LFE2
 1266 001e 0400     		.2byte	0x4
 1267 0020 F3       		.byte	0xf3
 1268 0021 01       		.uleb128 0x1
 1269 0022 50       		.byte	0x50
 1270 0023 9F       		.byte	0x9f
 1271 0024 00000000 		.4byte	0
 1272 0028 00000000 		.4byte	0
 1273              	.LLST1:
 1274 002c 00000000 		.4byte	.LVL0
 1275 0030 08000000 		.4byte	.LVL2
 1276 0034 0100     		.2byte	0x1
 1277 0036 51       		.byte	0x51
 1278 0037 08000000 		.4byte	.LVL2
 1279 003b 30000000 		.4byte	.LFE2
 1280 003f 0400     		.2byte	0x4
 1281 0041 F3       		.byte	0xf3
 1282 0042 01       		.uleb128 0x1
 1283 0043 51       		.byte	0x51
 1284 0044 9F       		.byte	0x9f
 1285 0045 00000000 		.4byte	0
ARM GAS  C:\Users\arist\AppData\Local\Temp\ccZJ6CET.s 			page 26


 1286 0049 00000000 		.4byte	0
 1287              	.LLST2:
 1288 004d 06000000 		.4byte	.LVL1
 1289 0051 16000000 		.4byte	.LVL5
 1290 0055 0300     		.2byte	0x3
 1291 0057 08       		.byte	0x8
 1292 0058 FF       		.byte	0xff
 1293 0059 9F       		.byte	0x9f
 1294 005a 16000000 		.4byte	.LVL5
 1295 005e 1E000000 		.4byte	.LVL7
 1296 0062 0100     		.2byte	0x1
 1297 0064 55       		.byte	0x55
 1298 0065 1E000000 		.4byte	.LVL7
 1299 0069 20000000 		.4byte	.LVL8
 1300 006d 0100     		.2byte	0x1
 1301 006f 50       		.byte	0x50
 1302 0070 20000000 		.4byte	.LVL8
 1303 0074 2C000000 		.4byte	.LVL10
 1304 0078 0100     		.2byte	0x1
 1305 007a 55       		.byte	0x55
 1306 007b 2C000000 		.4byte	.LVL10
 1307 007f 30000000 		.4byte	.LFE2
 1308 0083 0100     		.2byte	0x1
 1309 0085 50       		.byte	0x50
 1310 0086 00000000 		.4byte	0
 1311 008a 00000000 		.4byte	0
 1312              	.LLST3:
 1313 008e 10000000 		.4byte	.LVL4
 1314 0092 16000000 		.4byte	.LVL5
 1315 0096 0200     		.2byte	0x2
 1316 0098 30       		.byte	0x30
 1317 0099 9F       		.byte	0x9f
 1318 009a 16000000 		.4byte	.LVL5
 1319 009e 2C000000 		.4byte	.LVL10
 1320 00a2 0100     		.2byte	0x1
 1321 00a4 54       		.byte	0x54
 1322 00a5 00000000 		.4byte	0
 1323 00a9 00000000 		.4byte	0
 1324              	.LLST4:
 1325 00ad 00000000 		.4byte	.LVL11
 1326 00b1 0E000000 		.4byte	.LVL12
 1327 00b5 0100     		.2byte	0x1
 1328 00b7 50       		.byte	0x50
 1329 00b8 0E000000 		.4byte	.LVL12
 1330 00bc 27000000 		.4byte	.LVL13-1
 1331 00c0 0500     		.2byte	0x5
 1332 00c2 03       		.byte	0x3
 1333 00c3 00000000 		.4byte	_i2caddr
 1334 00c7 27000000 		.4byte	.LVL13-1
 1335 00cb 34000000 		.4byte	.LFE0
 1336 00cf 0400     		.2byte	0x4
 1337 00d1 F3       		.byte	0xf3
 1338 00d2 01       		.uleb128 0x1
 1339 00d3 50       		.byte	0x50
 1340 00d4 9F       		.byte	0x9f
 1341 00d5 00000000 		.4byte	0
 1342 00d9 00000000 		.4byte	0
ARM GAS  C:\Users\arist\AppData\Local\Temp\ccZJ6CET.s 			page 27


 1343              	.LLST5:
 1344 00dd 00000000 		.4byte	.LVL14
 1345 00e1 44000000 		.4byte	.LVL20
 1346 00e5 0100     		.2byte	0x1
 1347 00e7 50       		.byte	0x50
 1348 00e8 44000000 		.4byte	.LVL20
 1349 00ec D4000000 		.4byte	.LFE1
 1350 00f0 0100     		.2byte	0x1
 1351 00f2 54       		.byte	0x54
 1352 00f3 00000000 		.4byte	0
 1353 00f7 00000000 		.4byte	0
 1354              	.LLST6:
 1355 00fb 0A000000 		.4byte	.LVL15
 1356 00ff 72000000 		.4byte	.LVL24
 1357 0103 0200     		.2byte	0x2
 1358 0105 30       		.byte	0x30
 1359 0106 9F       		.byte	0x9f
 1360 0107 72000000 		.4byte	.LVL24
 1361 010b 7C000000 		.4byte	.LVL25
 1362 010f 0100     		.2byte	0x1
 1363 0111 52       		.byte	0x52
 1364 0112 7C000000 		.4byte	.LVL25
 1365 0116 80000000 		.4byte	.LVL27
 1366 011a 2500     		.2byte	0x25
 1367 011c 08       		.byte	0x8
 1368 011d 80       		.byte	0x80
 1369 011e 70       		.byte	0x70
 1370 011f 00       		.sleb128 0
 1371 0120 26       		.byte	0x26
 1372 0121 74       		.byte	0x74
 1373 0122 08       		.sleb128 8
 1374 0123 94       		.byte	0x94
 1375 0124 01       		.byte	0x1
 1376 0125 08       		.byte	0x8
 1377 0126 FF       		.byte	0xff
 1378 0127 1A       		.byte	0x1a
 1379 0128 71       		.byte	0x71
 1380 0129 00       		.sleb128 0
 1381 012a 1E       		.byte	0x1e
 1382 012b 7C       		.byte	0x7c
 1383 012c 00       		.sleb128 0
 1384 012d 37       		.byte	0x37
 1385 012e 24       		.byte	0x24
 1386 012f 22       		.byte	0x22
 1387 0130 74       		.byte	0x74
 1388 0131 04       		.sleb128 4
 1389 0132 06       		.byte	0x6
 1390 0133 22       		.byte	0x22
 1391 0134 7E       		.byte	0x7e
 1392 0135 00       		.sleb128 0
 1393 0136 22       		.byte	0x22
 1394 0137 94       		.byte	0x94
 1395 0138 01       		.byte	0x1
 1396 0139 08       		.byte	0x8
 1397 013a FF       		.byte	0xff
 1398 013b 1A       		.byte	0x1a
 1399 013c 1A       		.byte	0x1a
ARM GAS  C:\Users\arist\AppData\Local\Temp\ccZJ6CET.s 			page 28


 1400 013d 70       		.byte	0x70
 1401 013e 00       		.sleb128 0
 1402 013f 24       		.byte	0x24
 1403 0140 9F       		.byte	0x9f
 1404 0141 80000000 		.4byte	.LVL27
 1405 0145 D4000000 		.4byte	.LFE1
 1406 0149 0200     		.2byte	0x2
 1407 014b 30       		.byte	0x30
 1408 014c 9F       		.byte	0x9f
 1409 014d 00000000 		.4byte	0
 1410 0151 00000000 		.4byte	0
 1411              	.LLST7:
 1412 0155 0A000000 		.4byte	.LVL15
 1413 0159 56000000 		.4byte	.LVL23
 1414 015d 0200     		.2byte	0x2
 1415 015f 30       		.byte	0x30
 1416 0160 9F       		.byte	0x9f
 1417 0161 56000000 		.4byte	.LVL23
 1418 0165 7E000000 		.4byte	.LVL26
 1419 0169 0100     		.2byte	0x1
 1420 016b 53       		.byte	0x53
 1421 016c 80000000 		.4byte	.LVL27
 1422 0170 86000000 		.4byte	.LVL30
 1423 0174 0100     		.2byte	0x1
 1424 0176 53       		.byte	0x53
 1425 0177 86000000 		.4byte	.LVL30
 1426 017b 8A000000 		.4byte	.LVL31
 1427 017f 0200     		.2byte	0x2
 1428 0181 30       		.byte	0x30
 1429 0182 9F       		.byte	0x9f
 1430 0183 8A000000 		.4byte	.LVL31
 1431 0187 92000000 		.4byte	.LVL33
 1432 018b 0100     		.2byte	0x1
 1433 018d 53       		.byte	0x53
 1434 018e 92000000 		.4byte	.LVL33
 1435 0192 D4000000 		.4byte	.LFE1
 1436 0196 0200     		.2byte	0x2
 1437 0198 30       		.byte	0x30
 1438 0199 9F       		.byte	0x9f
 1439 019a 00000000 		.4byte	0
 1440 019e 00000000 		.4byte	0
 1441              	.LLST8:
 1442 01a2 0E000000 		.4byte	.LVL16
 1443 01a6 10000000 		.4byte	.LVL17
 1444 01aa 0700     		.2byte	0x7
 1445 01ac 73       		.byte	0x73
 1446 01ad 00       		.sleb128 0
 1447 01ae 0A       		.byte	0xa
 1448 01af FFFF     		.2byte	0xffff
 1449 01b1 1A       		.byte	0x1a
 1450 01b2 9F       		.byte	0x9f
 1451 01b3 10000000 		.4byte	.LVL17
 1452 01b7 14000000 		.4byte	.LVL18
 1453 01bb 0700     		.2byte	0x7
 1454 01bd 73       		.byte	0x73
 1455 01be 78       		.sleb128 -8
 1456 01bf 0A       		.byte	0xa
ARM GAS  C:\Users\arist\AppData\Local\Temp\ccZJ6CET.s 			page 29


 1457 01c0 FFFF     		.2byte	0xffff
 1458 01c2 1A       		.byte	0x1a
 1459 01c3 9F       		.byte	0x9f
 1460 01c4 14000000 		.4byte	.LVL18
 1461 01c8 D4000000 		.4byte	.LFE1
 1462 01cc 0700     		.2byte	0x7
 1463 01ce 76       		.byte	0x76
 1464 01cf 7F       		.sleb128 -1
 1465 01d0 0A       		.byte	0xa
 1466 01d1 FFFF     		.2byte	0xffff
 1467 01d3 1A       		.byte	0x1a
 1468 01d4 9F       		.byte	0x9f
 1469 01d5 00000000 		.4byte	0
 1470 01d9 00000000 		.4byte	0
 1471              	.LLST9:
 1472 01dd 4E000000 		.4byte	.LVL22
 1473 01e1 56000000 		.4byte	.LVL23
 1474 01e5 0200     		.2byte	0x2
 1475 01e7 31       		.byte	0x31
 1476 01e8 9F       		.byte	0x9f
 1477 01e9 56000000 		.4byte	.LVL23
 1478 01ed 8E000000 		.4byte	.LVL32
 1479 01f1 0100     		.2byte	0x1
 1480 01f3 58       		.byte	0x58
 1481 01f4 8E000000 		.4byte	.LVL32
 1482 01f8 9A000000 		.4byte	.LVL36
 1483 01fc 0300     		.2byte	0x3
 1484 01fe 78       		.byte	0x78
 1485 01ff 01       		.sleb128 1
 1486 0200 9F       		.byte	0x9f
 1487 0201 9A000000 		.4byte	.LVL36
 1488 0205 D4000000 		.4byte	.LFE1
 1489 0209 0100     		.2byte	0x1
 1490 020b 58       		.byte	0x58
 1491 020c 00000000 		.4byte	0
 1492 0210 00000000 		.4byte	0
 1493              	.LLST10:
 1494 0214 4E000000 		.4byte	.LVL22
 1495 0218 56000000 		.4byte	.LVL23
 1496 021c 0200     		.2byte	0x2
 1497 021e 30       		.byte	0x30
 1498 021f 9F       		.byte	0x9f
 1499 0220 56000000 		.4byte	.LVL23
 1500 0224 BA000000 		.4byte	.LVL43
 1501 0228 0100     		.2byte	0x1
 1502 022a 5C       		.byte	0x5c
 1503 022b BE000000 		.4byte	.LVL44
 1504 022f CB000000 		.4byte	.LVL45-1
 1505 0233 0100     		.2byte	0x1
 1506 0235 5C       		.byte	0x5c
 1507 0236 00000000 		.4byte	0
 1508 023a 00000000 		.4byte	0
 1509              	.LLST11:
 1510 023e 56000000 		.4byte	.LVL23
 1511 0242 A6000000 		.4byte	.LVL39
 1512 0246 0100     		.2byte	0x1
 1513 0248 5E       		.byte	0x5e
ARM GAS  C:\Users\arist\AppData\Local\Temp\ccZJ6CET.s 			page 30


 1514 0249 AA000000 		.4byte	.LVL40
 1515 024d AC000000 		.4byte	.LVL41
 1516 0251 0100     		.2byte	0x1
 1517 0253 5E       		.byte	0x5e
 1518 0254 B0000000 		.4byte	.LVL42
 1519 0258 BE000000 		.4byte	.LVL44
 1520 025c 0100     		.2byte	0x1
 1521 025e 5E       		.byte	0x5e
 1522 025f 00000000 		.4byte	0
 1523 0263 00000000 		.4byte	0
 1524              	.LLST12:
 1525 0267 56000000 		.4byte	.LVL23
 1526 026b 94000000 		.4byte	.LVL34
 1527 026f 0100     		.2byte	0x1
 1528 0271 50       		.byte	0x50
 1529 0272 96000000 		.4byte	.LVL35
 1530 0276 9C000000 		.4byte	.LVL37
 1531 027a 0100     		.2byte	0x1
 1532 027c 50       		.byte	0x50
 1533 027d 9E000000 		.4byte	.LVL38
 1534 0281 AC000000 		.4byte	.LVL41
 1535 0285 0100     		.2byte	0x1
 1536 0287 50       		.byte	0x50
 1537 0288 00000000 		.4byte	0
 1538 028c 00000000 		.4byte	0
 1539              	.LLST13:
 1540 0290 56000000 		.4byte	.LVL23
 1541 0294 82000000 		.4byte	.LVL28
 1542 0298 0100     		.2byte	0x1
 1543 029a 51       		.byte	0x51
 1544 029b 84000000 		.4byte	.LVL29
 1545 029f 86000000 		.4byte	.LVL30
 1546 02a3 0100     		.2byte	0x1
 1547 02a5 51       		.byte	0x51
 1548 02a6 8A000000 		.4byte	.LVL31
 1549 02aa 9C000000 		.4byte	.LVL37
 1550 02ae 0100     		.2byte	0x1
 1551 02b0 51       		.byte	0x51
 1552 02b1 00000000 		.4byte	0
 1553 02b5 00000000 		.4byte	0
 1554              		.section	.debug_aranges,"",%progbits
 1555 0000 2C000000 		.4byte	0x2c
 1556 0004 0200     		.2byte	0x2
 1557 0006 00000000 		.4byte	.Ldebug_info0
 1558 000a 04       		.byte	0x4
 1559 000b 00       		.byte	0
 1560 000c 0000     		.2byte	0
 1561 000e 0000     		.2byte	0
 1562 0010 00000000 		.4byte	.LFB2
 1563 0014 30000000 		.4byte	.LFE2-.LFB2
 1564 0018 00000000 		.4byte	.LFB0
 1565 001c 34000000 		.4byte	.LFE0-.LFB0
 1566 0020 00000000 		.4byte	.LFB1
 1567 0024 D4000000 		.4byte	.LFE1-.LFB1
 1568 0028 00000000 		.4byte	0
 1569 002c 00000000 		.4byte	0
 1570              		.section	.debug_ranges,"",%progbits
ARM GAS  C:\Users\arist\AppData\Local\Temp\ccZJ6CET.s 			page 31


 1571              	.Ldebug_ranges0:
 1572 0000 10000000 		.4byte	.LBB2
 1573 0004 12000000 		.4byte	.LBE2
 1574 0008 14000000 		.4byte	.LBB3
 1575 000c 24000000 		.4byte	.LBE3
 1576 0010 00000000 		.4byte	0
 1577 0014 00000000 		.4byte	0
 1578 0018 4E000000 		.4byte	.LBB4
 1579 001c 50000000 		.4byte	.LBE4
 1580 0020 54000000 		.4byte	.LBB11
 1581 0024 C4000000 		.4byte	.LBE11
 1582 0028 00000000 		.4byte	0
 1583 002c 00000000 		.4byte	0
 1584 0030 56000000 		.4byte	.LBB5
 1585 0034 AC000000 		.4byte	.LBE5
 1586 0038 B0000000 		.4byte	.LBB10
 1587 003c B6000000 		.4byte	.LBE10
 1588 0040 00000000 		.4byte	0
 1589 0044 00000000 		.4byte	0
 1590 0048 56000000 		.4byte	.LBB6
 1591 004c 9C000000 		.4byte	.LBE6
 1592 0050 9E000000 		.4byte	.LBB9
 1593 0054 A2000000 		.4byte	.LBE9
 1594 0058 00000000 		.4byte	0
 1595 005c 00000000 		.4byte	0
 1596 0060 56000000 		.4byte	.LBB7
 1597 0064 86000000 		.4byte	.LBE7
 1598 0068 8A000000 		.4byte	.LBB8
 1599 006c 8E000000 		.4byte	.LBE8
 1600 0070 00000000 		.4byte	0
 1601 0074 00000000 		.4byte	0
 1602 0078 00000000 		.4byte	.LFB2
 1603 007c 30000000 		.4byte	.LFE2
 1604 0080 00000000 		.4byte	.LFB0
 1605 0084 34000000 		.4byte	.LFE0
 1606 0088 00000000 		.4byte	.LFB1
 1607 008c D4000000 		.4byte	.LFE1
 1608 0090 00000000 		.4byte	0
 1609 0094 00000000 		.4byte	0
 1610              		.section	.debug_line,"",%progbits
 1611              	.Ldebug_line0:
 1612 0000 34020000 		.section	.debug_str,"MS",%progbits,1
 1612      02008A01 
 1612      00000201 
 1612      FB0E0D00 
 1612      01010101 
 1613              	.LASF44:
 1614 0000 696E6974 		.ascii	"init_display\000"
 1614      5F646973 
 1614      706C6179 
 1614      00
 1615              	.LASF42:
 1616 000d 61646472 		.ascii	"addr\000"
 1616      00
 1617              	.LASF35:
 1618 0012 725F6D61 		.ascii	"r_matrix\000"
 1618      74726978 
ARM GAS  C:\Users\arist\AppData\Local\Temp\ccZJ6CET.s 			page 32


 1618      00
 1619              	.LASF13:
 1620 001b 696E7438 		.ascii	"int8_t\000"
 1620      5F7400
 1621              	.LASF4:
 1622 0022 73686F72 		.ascii	"short int\000"
 1622      7420696E 
 1622      7400
 1623              	.LASF18:
 1624 002c 73697A65 		.ascii	"sizetype\000"
 1624      74797065 
 1624      00
 1625              	.LASF28:
 1626 0035 73697A65 		.ascii	"size_x\000"
 1626      5F7800
 1627              	.LASF29:
 1628 003c 73697A65 		.ascii	"size_y\000"
 1628      5F7900
 1629              	.LASF17:
 1630 0043 6C6F6E67 		.ascii	"long double\000"
 1630      20646F75 
 1630      626C6500 
 1631              	.LASF8:
 1632 004f 5F5F7569 		.ascii	"__uint32_t\000"
 1632      6E743332 
 1632      5F7400
 1633              	.LASF22:
 1634 005a 6D6F6465 		.ascii	"mode\000"
 1634      00
 1635              	.LASF5:
 1636 005f 5F5F7569 		.ascii	"__uint16_t\000"
 1636      6E743136 
 1636      5F7400
 1637              	.LASF14:
 1638 006a 75696E74 		.ascii	"uint8_t\000"
 1638      385F7400 
 1639              	.LASF38:
 1640 0072 75696E74 		.ascii	"uint8\000"
 1640      3800
 1641              	.LASF37:
 1642 0078 666C6F61 		.ascii	"float\000"
 1642      7400
 1643              	.LASF10:
 1644 007e 6C6F6E67 		.ascii	"long long int\000"
 1644      206C6F6E 
 1644      6720696E 
 1644      7400
 1645              	.LASF50:
 1646 008c 6F6C6564 		.ascii	"oled_MasterWriteByte\000"
 1646      5F4D6173 
 1646      74657257 
 1646      72697465 
 1646      42797465 
 1647              	.LASF48:
 1648 00a1 70616765 		.ascii	"page\000"
 1648      00
 1649              	.LASF7:
ARM GAS  C:\Users\arist\AppData\Local\Temp\ccZJ6CET.s 			page 33


 1650 00a6 6C6F6E67 		.ascii	"long int\000"
 1650      20696E74 
 1650      00
 1651              	.LASF25:
 1652 00af 4C414E44 		.ascii	"LANDSCAPE_INVERTED\000"
 1652      53434150 
 1652      455F494E 
 1652      56455254 
 1652      454400
 1653              	.LASF33:
 1654 00c2 6F726965 		.ascii	"orient\000"
 1654      6E7400
 1655              	.LASF1:
 1656 00c9 5F5F7569 		.ascii	"__uint8_t\000"
 1656      6E74385F 
 1656      7400
 1657              	.LASF0:
 1658 00d3 5F5F696E 		.ascii	"__int8_t\000"
 1658      74385F74 
 1658      00
 1659              	.LASF3:
 1660 00dc 756E7369 		.ascii	"unsigned char\000"
 1660      676E6564 
 1660      20636861 
 1660      7200
 1661              	.LASF55:
 1662 00ea 453A5C43 		.ascii	"E:\\Condivisa\\ATTECH\\UTILITY Dep\\PCB-OVEN\\PCB-O"
 1662      6F6E6469 
 1662      76697361 
 1662      5C415454 
 1662      4543485C 
 1663 0118 56454E5C 		.ascii	"VEN\\PSOC\\PCB oven controller.cydsn\000"
 1663      50534F43 
 1663      5C504342 
 1663      206F7665 
 1663      6E20636F 
 1664              	.LASF47:
 1665 013b 53534431 		.ascii	"SSD1306_buffer\000"
 1665      3330365F 
 1665      62756666 
 1665      657200
 1666              	.LASF26:
 1667 014a 504F5254 		.ascii	"PORTRAIT\000"
 1667      52414954 
 1667      00
 1668              	.LASF2:
 1669 0153 7369676E 		.ascii	"signed char\000"
 1669      65642063 
 1669      68617200 
 1670              	.LASF11:
 1671 015f 6C6F6E67 		.ascii	"long long unsigned int\000"
 1671      206C6F6E 
 1671      6720756E 
 1671      7369676E 
 1671      65642069 
 1672              	.LASF16:
 1673 0176 75696E74 		.ascii	"uint32_t\000"
ARM GAS  C:\Users\arist\AppData\Local\Temp\ccZJ6CET.s 			page 34


 1673      33325F74 
 1673      00
 1674              	.LASF12:
 1675 017f 756E7369 		.ascii	"unsigned int\000"
 1675      676E6564 
 1675      20696E74 
 1675      00
 1676              	.LASF15:
 1677 018c 75696E74 		.ascii	"uint16_t\000"
 1677      31365F74 
 1677      00
 1678              	.LASF36:
 1679 0195 76696465 		.ascii	"video_buffer\000"
 1679      6F5F6275 
 1679      66666572 
 1679      00
 1680              	.LASF23:
 1681 01a2 6F726965 		.ascii	"orientation\000"
 1681      6E746174 
 1681      696F6E00 
 1682              	.LASF43:
 1683 01ae 636D6462 		.ascii	"cmdbuf\000"
 1683      756600
 1684              	.LASF56:
 1685 01b5 77726974 		.ascii	"write_buf\000"
 1685      655F6275 
 1685      6600
 1686              	.LASF41:
 1687 01bf 73746174 		.ascii	"status\000"
 1687      757300
 1688              	.LASF6:
 1689 01c6 73686F72 		.ascii	"short unsigned int\000"
 1689      7420756E 
 1689      7369676E 
 1689      65642069 
 1689      6E7400
 1690              	.LASF24:
 1691 01d9 4C414E44 		.ascii	"LANDSCAPE\000"
 1691      53434150 
 1691      4500
 1692              	.LASF45:
 1693 01e3 75706461 		.ascii	"update_display\000"
 1693      74655F64 
 1693      6973706C 
 1693      617900
 1694              	.LASF32:
 1695 01f2 62797465 		.ascii	"byte_buffer_cnt\000"
 1695      5F627566 
 1695      6665725F 
 1695      636E7400 
 1696              	.LASF31:
 1697 0202 62797465 		.ascii	"byte_col_cnt\000"
 1697      5F636F6C 
 1697      5F636E74 
 1697      00
 1698              	.LASF19:
 1699 020f 63686172 		.ascii	"char\000"
ARM GAS  C:\Users\arist\AppData\Local\Temp\ccZJ6CET.s 			page 35


 1699      00
 1700              	.LASF52:
 1701 0214 6F6C6564 		.ascii	"oled_MasterSendStop\000"
 1701      5F4D6173 
 1701      74657253 
 1701      656E6453 
 1701      746F7000 
 1702              	.LASF40:
 1703 0228 73697A65 		.ascii	"size\000"
 1703      00
 1704              	.LASF9:
 1705 022d 6C6F6E67 		.ascii	"long unsigned int\000"
 1705      20756E73 
 1705      69676E65 
 1705      6420696E 
 1705      7400
 1706              	.LASF39:
 1707 023f 646F7562 		.ascii	"double\000"
 1707      6C6500
 1708              	.LASF54:
 1709 0246 64697370 		.ascii	"display\\driver\\psoc5_ssd1306_i2c.c\000"
 1709      6C61795C 
 1709      64726976 
 1709      65725C70 
 1709      736F6335 
 1710              	.LASF34:
 1711 0269 6F726967 		.ascii	"origin\000"
 1711      696E00
 1712              	.LASF30:
 1713 0270 7669645F 		.ascii	"vid_buf\000"
 1713      62756600 
 1714              	.LASF49:
 1715 0278 5F693263 		.ascii	"_i2caddr\000"
 1715      61646472 
 1715      00
 1716              	.LASF27:
 1717 0281 504F5254 		.ascii	"PORTRAIT_INVERTED\000"
 1717      52414954 
 1717      5F494E56 
 1717      45525445 
 1717      4400
 1718              	.LASF21:
 1719 0293 494E5645 		.ascii	"INVERTED\000"
 1719      52544544 
 1719      00
 1720              	.LASF53:
 1721 029c 474E5520 		.ascii	"GNU C11 5.4.1 20160609 (release) [ARM/embedded-5-br"
 1721      43313120 
 1721      352E342E 
 1721      31203230 
 1721      31363036 
 1722 02cf 616E6368 		.ascii	"anch revision 237715] -mcpu=cortex-m3 -mthumb -g -O"
 1722      20726576 
 1722      6973696F 
 1722      6E203233 
 1722      37373135 
 1723 0302 67202D66 		.ascii	"g -ffunction-sections -ffat-lto-objects\000"
ARM GAS  C:\Users\arist\AppData\Local\Temp\ccZJ6CET.s 			page 36


 1723      66756E63 
 1723      74696F6E 
 1723      2D736563 
 1723      74696F6E 
 1724              	.LASF46:
 1725 032a 6E65775F 		.ascii	"new_col\000"
 1725      636F6C00 
 1726              	.LASF20:
 1727 0332 4E4F524D 		.ascii	"NORMAL\000"
 1727      414C00
 1728              	.LASF51:
 1729 0339 6F6C6564 		.ascii	"oled_MasterSendStart\000"
 1729      5F4D6173 
 1729      74657253 
 1729      656E6453 
 1729      74617274 
 1730              		.ident	"GCC: (GNU Tools for ARM Embedded Processors) 5.4.1 20160609 (release) [ARM/embedded-5-bran
